

================================================================
== Vitis HLS Report for 'dense_resource_rf_leq_nin_ap_fixed_ap_fixed_18_14_5_3_0_config4_s'
================================================================
* Date:           Tue May 13 05:08:55 2025

* Version:        2023.2 (Build 4023990 on Oct 11 2023)
* Project:        myproject_prj
* Solution:       solution1 (Vivado IP Flow Target)
* Product family: artix7
* Target device:  xc7a200t-sbg484-1


================================================================
== Performance Estimates
================================================================
+ Timing: 
    * Summary: 
    +--------+----------+-----------+------------+
    |  Clock |  Target  | Estimated | Uncertainty|
    +--------+----------+-----------+------------+
    |ap_clk  |  15.00 ns|  12.730 ns|     1.88 ns|
    +--------+----------+-----------+------------+

+ Latency: 
    * Summary: 
    +---------+---------+----------+----------+-----+-----+------------------------------------------+
    |  Latency (cycles) |  Latency (absolute) |  Interval |                 Pipeline                 |
    |   min   |   max   |    min   |    max   | min | max |                   Type                   |
    +---------+---------+----------+----------+-----+-----+------------------------------------------+
    |       65|       66|  0.975 us|  0.990 us|   64|   64|  loop rewind stp(delay=0 clock cycles(s))|
    +---------+---------+----------+----------+-----+-----+------------------------------------------+

    + Detail: 
        * Instance: 
        N/A

        * Loop: 
        +-------------+---------+---------+----------+-----------+-----------+------+----------+
        |             |  Latency (cycles) | Iteration|  Initiation Interval  | Trip |          |
        |  Loop Name  |   min   |   max   |  Latency |  achieved |   target  | Count| Pipelined|
        +-------------+---------+---------+----------+-----------+-----------+------+----------+
        |- ReuseLoop  |       65|       65|         3|          1|          1|    64|       yes|
        +-------------+---------+---------+----------+-----------+-----------+------+----------+

============================================================
+ Verbose Summary: Synthesis Manager
============================================================
InlineROM: 1
ExposeGlobal: 0
============================================================
+ Verbose Summary: CDFG Model
============================================================
IsTopModel: 0
ResetActiveHigh: 1
IsCombinational: 2
IsDatapathOnly: 0
HasWiredReturn: 1
HasMFsm: 2
HasVarLatency: 1
IsPipeline: 0
IsRtlPipelined: 0
IsInstanceOverlapped: 0
IsDontTouch: 0
HasImplIP: 0
IsGatedGlobalClock: 0

+ Individual pipeline summary: 
  * Pipeline-0: initiation interval (II) = 1, depth = 3


============================================================
+ Verbose Summary: Schedule
============================================================
* Number of FSM states : 3
* Pipeline : 1
  Pipeline-0 : II = 1, D = 3, States = { 1 2 3 }
* Dataflow Pipeline: 0

* FSM state transitions: 
1 --> 2 
2 --> 3 
3 --> 

* FSM state operations: 

State 1 <SV = 0> <Delay = 7.12>
ST_1 : Operation 5 [1/1] (1.61ns)   --->   "%br_ln46 = br void %rewind_header" [firmware/nnet_utils/nnet_dense_resource.h:46]   --->   Operation 5 'br' 'br_ln46' <Predicate = true> <Delay = 1.61>
ST_1 : Operation 6 [1/1] (0.00ns)   --->   "%do_init = phi i1 1, void %entry, i1 0, void %MultLoop.split, i1 1, void %Result"   --->   Operation 6 'phi' 'do_init' <Predicate = true> <Delay = 0.00>
ST_1 : Operation 7 [1/1] (0.00ns)   --->   "%phi_ln49 = phi i6 0, void %entry, i6 %w_index, void %MultLoop.split, i6 0, void %Result"   --->   Operation 7 'phi' 'phi_ln49' <Predicate = true> <Delay = 0.00>
ST_1 : Operation 8 [1/1] (0.00ns)   --->   "%specmemcore_ln0 = specmemcore void @_ssdm_op_SpecMemCore, i42 %w4_75, i64 666, i64 38, i64 18446744073709551615"   --->   Operation 8 'specmemcore' 'specmemcore_ln0' <Predicate = (do_init)> <Delay = 0.00>
ST_1 : Operation 9 [1/1] (3.90ns)   --->   "%p_read_65 = read i24 @_ssdm_op_Read.ap_auto.i24, i24 %p_read63" [firmware/nnet_utils/nnet_dense_resource.h:46]   --->   Operation 9 'read' 'p_read_65' <Predicate = (do_init)> <Delay = 3.90> <CoreInst = "FIFO_SRL">   --->   Core 81 'FIFO_SRL' <Latency = 0> <II = 1> <Delay = 3.90> <Storage> <Opcode : 'read' 'write' 'nbread' 'nbwrite'> <Ports = 0> <Width = -1> <Depth = -1> <FIFO>
ST_1 : Operation 10 [1/1] (3.90ns)   --->   "%p_read_66 = read i24 @_ssdm_op_Read.ap_auto.i24, i24 %p_read62" [firmware/nnet_utils/nnet_dense_resource.h:46]   --->   Operation 10 'read' 'p_read_66' <Predicate = (do_init)> <Delay = 3.90> <CoreInst = "FIFO_SRL">   --->   Core 81 'FIFO_SRL' <Latency = 0> <II = 1> <Delay = 3.90> <Storage> <Opcode : 'read' 'write' 'nbread' 'nbwrite'> <Ports = 0> <Width = -1> <Depth = -1> <FIFO>
ST_1 : Operation 11 [1/1] (3.90ns)   --->   "%p_read_67 = read i24 @_ssdm_op_Read.ap_auto.i24, i24 %p_read61" [firmware/nnet_utils/nnet_dense_resource.h:46]   --->   Operation 11 'read' 'p_read_67' <Predicate = (do_init)> <Delay = 3.90> <CoreInst = "FIFO_SRL">   --->   Core 81 'FIFO_SRL' <Latency = 0> <II = 1> <Delay = 3.90> <Storage> <Opcode : 'read' 'write' 'nbread' 'nbwrite'> <Ports = 0> <Width = -1> <Depth = -1> <FIFO>
ST_1 : Operation 12 [1/1] (3.90ns)   --->   "%p_read_68 = read i24 @_ssdm_op_Read.ap_auto.i24, i24 %p_read60" [firmware/nnet_utils/nnet_dense_resource.h:46]   --->   Operation 12 'read' 'p_read_68' <Predicate = (do_init)> <Delay = 3.90> <CoreInst = "FIFO_SRL">   --->   Core 81 'FIFO_SRL' <Latency = 0> <II = 1> <Delay = 3.90> <Storage> <Opcode : 'read' 'write' 'nbread' 'nbwrite'> <Ports = 0> <Width = -1> <Depth = -1> <FIFO>
ST_1 : Operation 13 [1/1] (3.90ns)   --->   "%p_read_69 = read i24 @_ssdm_op_Read.ap_auto.i24, i24 %p_read59" [firmware/nnet_utils/nnet_dense_resource.h:46]   --->   Operation 13 'read' 'p_read_69' <Predicate = (do_init)> <Delay = 3.90> <CoreInst = "FIFO_SRL">   --->   Core 81 'FIFO_SRL' <Latency = 0> <II = 1> <Delay = 3.90> <Storage> <Opcode : 'read' 'write' 'nbread' 'nbwrite'> <Ports = 0> <Width = -1> <Depth = -1> <FIFO>
ST_1 : Operation 14 [1/1] (3.90ns)   --->   "%p_read_70 = read i24 @_ssdm_op_Read.ap_auto.i24, i24 %p_read58" [firmware/nnet_utils/nnet_dense_resource.h:46]   --->   Operation 14 'read' 'p_read_70' <Predicate = (do_init)> <Delay = 3.90> <CoreInst = "FIFO_SRL">   --->   Core 81 'FIFO_SRL' <Latency = 0> <II = 1> <Delay = 3.90> <Storage> <Opcode : 'read' 'write' 'nbread' 'nbwrite'> <Ports = 0> <Width = -1> <Depth = -1> <FIFO>
ST_1 : Operation 15 [1/1] (3.90ns)   --->   "%p_read_71 = read i24 @_ssdm_op_Read.ap_auto.i24, i24 %p_read57" [firmware/nnet_utils/nnet_dense_resource.h:46]   --->   Operation 15 'read' 'p_read_71' <Predicate = (do_init)> <Delay = 3.90> <CoreInst = "FIFO_SRL">   --->   Core 81 'FIFO_SRL' <Latency = 0> <II = 1> <Delay = 3.90> <Storage> <Opcode : 'read' 'write' 'nbread' 'nbwrite'> <Ports = 0> <Width = -1> <Depth = -1> <FIFO>
ST_1 : Operation 16 [1/1] (3.90ns)   --->   "%p_read_72 = read i24 @_ssdm_op_Read.ap_auto.i24, i24 %p_read56" [firmware/nnet_utils/nnet_dense_resource.h:46]   --->   Operation 16 'read' 'p_read_72' <Predicate = (do_init)> <Delay = 3.90> <CoreInst = "FIFO_SRL">   --->   Core 81 'FIFO_SRL' <Latency = 0> <II = 1> <Delay = 3.90> <Storage> <Opcode : 'read' 'write' 'nbread' 'nbwrite'> <Ports = 0> <Width = -1> <Depth = -1> <FIFO>
ST_1 : Operation 17 [1/1] (3.90ns)   --->   "%p_read_73 = read i24 @_ssdm_op_Read.ap_auto.i24, i24 %p_read55" [firmware/nnet_utils/nnet_dense_resource.h:46]   --->   Operation 17 'read' 'p_read_73' <Predicate = (do_init)> <Delay = 3.90> <CoreInst = "FIFO_SRL">   --->   Core 81 'FIFO_SRL' <Latency = 0> <II = 1> <Delay = 3.90> <Storage> <Opcode : 'read' 'write' 'nbread' 'nbwrite'> <Ports = 0> <Width = -1> <Depth = -1> <FIFO>
ST_1 : Operation 18 [1/1] (3.90ns)   --->   "%p_read_74 = read i24 @_ssdm_op_Read.ap_auto.i24, i24 %p_read54" [firmware/nnet_utils/nnet_dense_resource.h:46]   --->   Operation 18 'read' 'p_read_74' <Predicate = (do_init)> <Delay = 3.90> <CoreInst = "FIFO_SRL">   --->   Core 81 'FIFO_SRL' <Latency = 0> <II = 1> <Delay = 3.90> <Storage> <Opcode : 'read' 'write' 'nbread' 'nbwrite'> <Ports = 0> <Width = -1> <Depth = -1> <FIFO>
ST_1 : Operation 19 [1/1] (3.90ns)   --->   "%p_read_75 = read i24 @_ssdm_op_Read.ap_auto.i24, i24 %p_read53" [firmware/nnet_utils/nnet_dense_resource.h:46]   --->   Operation 19 'read' 'p_read_75' <Predicate = (do_init)> <Delay = 3.90> <CoreInst = "FIFO_SRL">   --->   Core 81 'FIFO_SRL' <Latency = 0> <II = 1> <Delay = 3.90> <Storage> <Opcode : 'read' 'write' 'nbread' 'nbwrite'> <Ports = 0> <Width = -1> <Depth = -1> <FIFO>
ST_1 : Operation 20 [1/1] (3.90ns)   --->   "%p_read_76 = read i24 @_ssdm_op_Read.ap_auto.i24, i24 %p_read52" [firmware/nnet_utils/nnet_dense_resource.h:46]   --->   Operation 20 'read' 'p_read_76' <Predicate = (do_init)> <Delay = 3.90> <CoreInst = "FIFO_SRL">   --->   Core 81 'FIFO_SRL' <Latency = 0> <II = 1> <Delay = 3.90> <Storage> <Opcode : 'read' 'write' 'nbread' 'nbwrite'> <Ports = 0> <Width = -1> <Depth = -1> <FIFO>
ST_1 : Operation 21 [1/1] (3.90ns)   --->   "%p_read_77 = read i24 @_ssdm_op_Read.ap_auto.i24, i24 %p_read51" [firmware/nnet_utils/nnet_dense_resource.h:46]   --->   Operation 21 'read' 'p_read_77' <Predicate = (do_init)> <Delay = 3.90> <CoreInst = "FIFO_SRL">   --->   Core 81 'FIFO_SRL' <Latency = 0> <II = 1> <Delay = 3.90> <Storage> <Opcode : 'read' 'write' 'nbread' 'nbwrite'> <Ports = 0> <Width = -1> <Depth = -1> <FIFO>
ST_1 : Operation 22 [1/1] (3.90ns)   --->   "%p_read_78 = read i24 @_ssdm_op_Read.ap_auto.i24, i24 %p_read50" [firmware/nnet_utils/nnet_dense_resource.h:46]   --->   Operation 22 'read' 'p_read_78' <Predicate = (do_init)> <Delay = 3.90> <CoreInst = "FIFO_SRL">   --->   Core 81 'FIFO_SRL' <Latency = 0> <II = 1> <Delay = 3.90> <Storage> <Opcode : 'read' 'write' 'nbread' 'nbwrite'> <Ports = 0> <Width = -1> <Depth = -1> <FIFO>
ST_1 : Operation 23 [1/1] (3.90ns)   --->   "%p_read_79 = read i24 @_ssdm_op_Read.ap_auto.i24, i24 %p_read49" [firmware/nnet_utils/nnet_dense_resource.h:46]   --->   Operation 23 'read' 'p_read_79' <Predicate = (do_init)> <Delay = 3.90> <CoreInst = "FIFO_SRL">   --->   Core 81 'FIFO_SRL' <Latency = 0> <II = 1> <Delay = 3.90> <Storage> <Opcode : 'read' 'write' 'nbread' 'nbwrite'> <Ports = 0> <Width = -1> <Depth = -1> <FIFO>
ST_1 : Operation 24 [1/1] (3.90ns)   --->   "%p_read_80 = read i24 @_ssdm_op_Read.ap_auto.i24, i24 %p_read48" [firmware/nnet_utils/nnet_dense_resource.h:46]   --->   Operation 24 'read' 'p_read_80' <Predicate = (do_init)> <Delay = 3.90> <CoreInst = "FIFO_SRL">   --->   Core 81 'FIFO_SRL' <Latency = 0> <II = 1> <Delay = 3.90> <Storage> <Opcode : 'read' 'write' 'nbread' 'nbwrite'> <Ports = 0> <Width = -1> <Depth = -1> <FIFO>
ST_1 : Operation 25 [1/1] (3.90ns)   --->   "%p_read_81 = read i24 @_ssdm_op_Read.ap_auto.i24, i24 %p_read47" [firmware/nnet_utils/nnet_dense_resource.h:46]   --->   Operation 25 'read' 'p_read_81' <Predicate = (do_init)> <Delay = 3.90> <CoreInst = "FIFO_SRL">   --->   Core 81 'FIFO_SRL' <Latency = 0> <II = 1> <Delay = 3.90> <Storage> <Opcode : 'read' 'write' 'nbread' 'nbwrite'> <Ports = 0> <Width = -1> <Depth = -1> <FIFO>
ST_1 : Operation 26 [1/1] (3.90ns)   --->   "%p_read_82 = read i24 @_ssdm_op_Read.ap_auto.i24, i24 %p_read46" [firmware/nnet_utils/nnet_dense_resource.h:46]   --->   Operation 26 'read' 'p_read_82' <Predicate = (do_init)> <Delay = 3.90> <CoreInst = "FIFO_SRL">   --->   Core 81 'FIFO_SRL' <Latency = 0> <II = 1> <Delay = 3.90> <Storage> <Opcode : 'read' 'write' 'nbread' 'nbwrite'> <Ports = 0> <Width = -1> <Depth = -1> <FIFO>
ST_1 : Operation 27 [1/1] (3.90ns)   --->   "%p_read_83 = read i24 @_ssdm_op_Read.ap_auto.i24, i24 %p_read45" [firmware/nnet_utils/nnet_dense_resource.h:46]   --->   Operation 27 'read' 'p_read_83' <Predicate = (do_init)> <Delay = 3.90> <CoreInst = "FIFO_SRL">   --->   Core 81 'FIFO_SRL' <Latency = 0> <II = 1> <Delay = 3.90> <Storage> <Opcode : 'read' 'write' 'nbread' 'nbwrite'> <Ports = 0> <Width = -1> <Depth = -1> <FIFO>
ST_1 : Operation 28 [1/1] (3.90ns)   --->   "%p_read_84 = read i24 @_ssdm_op_Read.ap_auto.i24, i24 %p_read44" [firmware/nnet_utils/nnet_dense_resource.h:46]   --->   Operation 28 'read' 'p_read_84' <Predicate = (do_init)> <Delay = 3.90> <CoreInst = "FIFO_SRL">   --->   Core 81 'FIFO_SRL' <Latency = 0> <II = 1> <Delay = 3.90> <Storage> <Opcode : 'read' 'write' 'nbread' 'nbwrite'> <Ports = 0> <Width = -1> <Depth = -1> <FIFO>
ST_1 : Operation 29 [1/1] (3.90ns)   --->   "%p_read_85 = read i24 @_ssdm_op_Read.ap_auto.i24, i24 %p_read43" [firmware/nnet_utils/nnet_dense_resource.h:46]   --->   Operation 29 'read' 'p_read_85' <Predicate = (do_init)> <Delay = 3.90> <CoreInst = "FIFO_SRL">   --->   Core 81 'FIFO_SRL' <Latency = 0> <II = 1> <Delay = 3.90> <Storage> <Opcode : 'read' 'write' 'nbread' 'nbwrite'> <Ports = 0> <Width = -1> <Depth = -1> <FIFO>
ST_1 : Operation 30 [1/1] (3.90ns)   --->   "%p_read_86 = read i24 @_ssdm_op_Read.ap_auto.i24, i24 %p_read42" [firmware/nnet_utils/nnet_dense_resource.h:46]   --->   Operation 30 'read' 'p_read_86' <Predicate = (do_init)> <Delay = 3.90> <CoreInst = "FIFO_SRL">   --->   Core 81 'FIFO_SRL' <Latency = 0> <II = 1> <Delay = 3.90> <Storage> <Opcode : 'read' 'write' 'nbread' 'nbwrite'> <Ports = 0> <Width = -1> <Depth = -1> <FIFO>
ST_1 : Operation 31 [1/1] (3.90ns)   --->   "%p_read_87 = read i24 @_ssdm_op_Read.ap_auto.i24, i24 %p_read41" [firmware/nnet_utils/nnet_dense_resource.h:46]   --->   Operation 31 'read' 'p_read_87' <Predicate = (do_init)> <Delay = 3.90> <CoreInst = "FIFO_SRL">   --->   Core 81 'FIFO_SRL' <Latency = 0> <II = 1> <Delay = 3.90> <Storage> <Opcode : 'read' 'write' 'nbread' 'nbwrite'> <Ports = 0> <Width = -1> <Depth = -1> <FIFO>
ST_1 : Operation 32 [1/1] (3.90ns)   --->   "%p_read_88 = read i24 @_ssdm_op_Read.ap_auto.i24, i24 %p_read40" [firmware/nnet_utils/nnet_dense_resource.h:46]   --->   Operation 32 'read' 'p_read_88' <Predicate = (do_init)> <Delay = 3.90> <CoreInst = "FIFO_SRL">   --->   Core 81 'FIFO_SRL' <Latency = 0> <II = 1> <Delay = 3.90> <Storage> <Opcode : 'read' 'write' 'nbread' 'nbwrite'> <Ports = 0> <Width = -1> <Depth = -1> <FIFO>
ST_1 : Operation 33 [1/1] (3.90ns)   --->   "%p_read_89 = read i24 @_ssdm_op_Read.ap_auto.i24, i24 %p_read39" [firmware/nnet_utils/nnet_dense_resource.h:46]   --->   Operation 33 'read' 'p_read_89' <Predicate = (do_init)> <Delay = 3.90> <CoreInst = "FIFO_SRL">   --->   Core 81 'FIFO_SRL' <Latency = 0> <II = 1> <Delay = 3.90> <Storage> <Opcode : 'read' 'write' 'nbread' 'nbwrite'> <Ports = 0> <Width = -1> <Depth = -1> <FIFO>
ST_1 : Operation 34 [1/1] (3.90ns)   --->   "%p_read_90 = read i24 @_ssdm_op_Read.ap_auto.i24, i24 %p_read38" [firmware/nnet_utils/nnet_dense_resource.h:46]   --->   Operation 34 'read' 'p_read_90' <Predicate = (do_init)> <Delay = 3.90> <CoreInst = "FIFO_SRL">   --->   Core 81 'FIFO_SRL' <Latency = 0> <II = 1> <Delay = 3.90> <Storage> <Opcode : 'read' 'write' 'nbread' 'nbwrite'> <Ports = 0> <Width = -1> <Depth = -1> <FIFO>
ST_1 : Operation 35 [1/1] (3.90ns)   --->   "%p_read_91 = read i24 @_ssdm_op_Read.ap_auto.i24, i24 %p_read37" [firmware/nnet_utils/nnet_dense_resource.h:46]   --->   Operation 35 'read' 'p_read_91' <Predicate = (do_init)> <Delay = 3.90> <CoreInst = "FIFO_SRL">   --->   Core 81 'FIFO_SRL' <Latency = 0> <II = 1> <Delay = 3.90> <Storage> <Opcode : 'read' 'write' 'nbread' 'nbwrite'> <Ports = 0> <Width = -1> <Depth = -1> <FIFO>
ST_1 : Operation 36 [1/1] (3.90ns)   --->   "%p_read_92 = read i24 @_ssdm_op_Read.ap_auto.i24, i24 %p_read36" [firmware/nnet_utils/nnet_dense_resource.h:46]   --->   Operation 36 'read' 'p_read_92' <Predicate = (do_init)> <Delay = 3.90> <CoreInst = "FIFO_SRL">   --->   Core 81 'FIFO_SRL' <Latency = 0> <II = 1> <Delay = 3.90> <Storage> <Opcode : 'read' 'write' 'nbread' 'nbwrite'> <Ports = 0> <Width = -1> <Depth = -1> <FIFO>
ST_1 : Operation 37 [1/1] (3.90ns)   --->   "%p_read_93 = read i24 @_ssdm_op_Read.ap_auto.i24, i24 %p_read35" [firmware/nnet_utils/nnet_dense_resource.h:46]   --->   Operation 37 'read' 'p_read_93' <Predicate = (do_init)> <Delay = 3.90> <CoreInst = "FIFO_SRL">   --->   Core 81 'FIFO_SRL' <Latency = 0> <II = 1> <Delay = 3.90> <Storage> <Opcode : 'read' 'write' 'nbread' 'nbwrite'> <Ports = 0> <Width = -1> <Depth = -1> <FIFO>
ST_1 : Operation 38 [1/1] (3.90ns)   --->   "%p_read_94 = read i24 @_ssdm_op_Read.ap_auto.i24, i24 %p_read34" [firmware/nnet_utils/nnet_dense_resource.h:46]   --->   Operation 38 'read' 'p_read_94' <Predicate = (do_init)> <Delay = 3.90> <CoreInst = "FIFO_SRL">   --->   Core 81 'FIFO_SRL' <Latency = 0> <II = 1> <Delay = 3.90> <Storage> <Opcode : 'read' 'write' 'nbread' 'nbwrite'> <Ports = 0> <Width = -1> <Depth = -1> <FIFO>
ST_1 : Operation 39 [1/1] (3.90ns)   --->   "%p_read_95 = read i24 @_ssdm_op_Read.ap_auto.i24, i24 %p_read33" [firmware/nnet_utils/nnet_dense_resource.h:46]   --->   Operation 39 'read' 'p_read_95' <Predicate = (do_init)> <Delay = 3.90> <CoreInst = "FIFO_SRL">   --->   Core 81 'FIFO_SRL' <Latency = 0> <II = 1> <Delay = 3.90> <Storage> <Opcode : 'read' 'write' 'nbread' 'nbwrite'> <Ports = 0> <Width = -1> <Depth = -1> <FIFO>
ST_1 : Operation 40 [1/1] (3.90ns)   --->   "%p_read_96 = read i24 @_ssdm_op_Read.ap_auto.i24, i24 %p_read32" [firmware/nnet_utils/nnet_dense_resource.h:46]   --->   Operation 40 'read' 'p_read_96' <Predicate = (do_init)> <Delay = 3.90> <CoreInst = "FIFO_SRL">   --->   Core 81 'FIFO_SRL' <Latency = 0> <II = 1> <Delay = 3.90> <Storage> <Opcode : 'read' 'write' 'nbread' 'nbwrite'> <Ports = 0> <Width = -1> <Depth = -1> <FIFO>
ST_1 : Operation 41 [1/1] (3.90ns)   --->   "%p_read_97 = read i24 @_ssdm_op_Read.ap_auto.i24, i24 %p_read31" [firmware/nnet_utils/nnet_dense_resource.h:46]   --->   Operation 41 'read' 'p_read_97' <Predicate = (do_init)> <Delay = 3.90> <CoreInst = "FIFO_SRL">   --->   Core 81 'FIFO_SRL' <Latency = 0> <II = 1> <Delay = 3.90> <Storage> <Opcode : 'read' 'write' 'nbread' 'nbwrite'> <Ports = 0> <Width = -1> <Depth = -1> <FIFO>
ST_1 : Operation 42 [1/1] (3.90ns)   --->   "%p_read3094 = read i24 @_ssdm_op_Read.ap_auto.i24, i24 %p_read30" [firmware/nnet_utils/nnet_dense_resource.h:46]   --->   Operation 42 'read' 'p_read3094' <Predicate = (do_init)> <Delay = 3.90> <CoreInst = "FIFO_SRL">   --->   Core 81 'FIFO_SRL' <Latency = 0> <II = 1> <Delay = 3.90> <Storage> <Opcode : 'read' 'write' 'nbread' 'nbwrite'> <Ports = 0> <Width = -1> <Depth = -1> <FIFO>
ST_1 : Operation 43 [1/1] (3.90ns)   --->   "%p_read_98 = read i24 @_ssdm_op_Read.ap_auto.i24, i24 %p_read29" [firmware/nnet_utils/nnet_dense_resource.h:46]   --->   Operation 43 'read' 'p_read_98' <Predicate = (do_init)> <Delay = 3.90> <CoreInst = "FIFO_SRL">   --->   Core 81 'FIFO_SRL' <Latency = 0> <II = 1> <Delay = 3.90> <Storage> <Opcode : 'read' 'write' 'nbread' 'nbwrite'> <Ports = 0> <Width = -1> <Depth = -1> <FIFO>
ST_1 : Operation 44 [1/1] (3.90ns)   --->   "%p_read_99 = read i24 @_ssdm_op_Read.ap_auto.i24, i24 %p_read28" [firmware/nnet_utils/nnet_dense_resource.h:46]   --->   Operation 44 'read' 'p_read_99' <Predicate = (do_init)> <Delay = 3.90> <CoreInst = "FIFO_SRL">   --->   Core 81 'FIFO_SRL' <Latency = 0> <II = 1> <Delay = 3.90> <Storage> <Opcode : 'read' 'write' 'nbread' 'nbwrite'> <Ports = 0> <Width = -1> <Depth = -1> <FIFO>
ST_1 : Operation 45 [1/1] (3.90ns)   --->   "%p_read_100 = read i24 @_ssdm_op_Read.ap_auto.i24, i24 %p_read27" [firmware/nnet_utils/nnet_dense_resource.h:46]   --->   Operation 45 'read' 'p_read_100' <Predicate = (do_init)> <Delay = 3.90> <CoreInst = "FIFO_SRL">   --->   Core 81 'FIFO_SRL' <Latency = 0> <II = 1> <Delay = 3.90> <Storage> <Opcode : 'read' 'write' 'nbread' 'nbwrite'> <Ports = 0> <Width = -1> <Depth = -1> <FIFO>
ST_1 : Operation 46 [1/1] (3.90ns)   --->   "%p_read_101 = read i24 @_ssdm_op_Read.ap_auto.i24, i24 %p_read26" [firmware/nnet_utils/nnet_dense_resource.h:46]   --->   Operation 46 'read' 'p_read_101' <Predicate = (do_init)> <Delay = 3.90> <CoreInst = "FIFO_SRL">   --->   Core 81 'FIFO_SRL' <Latency = 0> <II = 1> <Delay = 3.90> <Storage> <Opcode : 'read' 'write' 'nbread' 'nbwrite'> <Ports = 0> <Width = -1> <Depth = -1> <FIFO>
ST_1 : Operation 47 [1/1] (3.90ns)   --->   "%p_read_102 = read i24 @_ssdm_op_Read.ap_auto.i24, i24 %p_read25" [firmware/nnet_utils/nnet_dense_resource.h:46]   --->   Operation 47 'read' 'p_read_102' <Predicate = (do_init)> <Delay = 3.90> <CoreInst = "FIFO_SRL">   --->   Core 81 'FIFO_SRL' <Latency = 0> <II = 1> <Delay = 3.90> <Storage> <Opcode : 'read' 'write' 'nbread' 'nbwrite'> <Ports = 0> <Width = -1> <Depth = -1> <FIFO>
ST_1 : Operation 48 [1/1] (3.90ns)   --->   "%p_read_103 = read i24 @_ssdm_op_Read.ap_auto.i24, i24 %p_read24" [firmware/nnet_utils/nnet_dense_resource.h:46]   --->   Operation 48 'read' 'p_read_103' <Predicate = (do_init)> <Delay = 3.90> <CoreInst = "FIFO_SRL">   --->   Core 81 'FIFO_SRL' <Latency = 0> <II = 1> <Delay = 3.90> <Storage> <Opcode : 'read' 'write' 'nbread' 'nbwrite'> <Ports = 0> <Width = -1> <Depth = -1> <FIFO>
ST_1 : Operation 49 [1/1] (3.90ns)   --->   "%p_read_104 = read i24 @_ssdm_op_Read.ap_auto.i24, i24 %p_read23" [firmware/nnet_utils/nnet_dense_resource.h:46]   --->   Operation 49 'read' 'p_read_104' <Predicate = (do_init)> <Delay = 3.90> <CoreInst = "FIFO_SRL">   --->   Core 81 'FIFO_SRL' <Latency = 0> <II = 1> <Delay = 3.90> <Storage> <Opcode : 'read' 'write' 'nbread' 'nbwrite'> <Ports = 0> <Width = -1> <Depth = -1> <FIFO>
ST_1 : Operation 50 [1/1] (3.90ns)   --->   "%p_read_105 = read i24 @_ssdm_op_Read.ap_auto.i24, i24 %p_read22" [firmware/nnet_utils/nnet_dense_resource.h:46]   --->   Operation 50 'read' 'p_read_105' <Predicate = (do_init)> <Delay = 3.90> <CoreInst = "FIFO_SRL">   --->   Core 81 'FIFO_SRL' <Latency = 0> <II = 1> <Delay = 3.90> <Storage> <Opcode : 'read' 'write' 'nbread' 'nbwrite'> <Ports = 0> <Width = -1> <Depth = -1> <FIFO>
ST_1 : Operation 51 [1/1] (3.90ns)   --->   "%p_read_106 = read i24 @_ssdm_op_Read.ap_auto.i24, i24 %p_read21" [firmware/nnet_utils/nnet_dense_resource.h:46]   --->   Operation 51 'read' 'p_read_106' <Predicate = (do_init)> <Delay = 3.90> <CoreInst = "FIFO_SRL">   --->   Core 81 'FIFO_SRL' <Latency = 0> <II = 1> <Delay = 3.90> <Storage> <Opcode : 'read' 'write' 'nbread' 'nbwrite'> <Ports = 0> <Width = -1> <Depth = -1> <FIFO>
ST_1 : Operation 52 [1/1] (3.90ns)   --->   "%p_read2084 = read i24 @_ssdm_op_Read.ap_auto.i24, i24 %p_read20" [firmware/nnet_utils/nnet_dense_resource.h:46]   --->   Operation 52 'read' 'p_read2084' <Predicate = (do_init)> <Delay = 3.90> <CoreInst = "FIFO_SRL">   --->   Core 81 'FIFO_SRL' <Latency = 0> <II = 1> <Delay = 3.90> <Storage> <Opcode : 'read' 'write' 'nbread' 'nbwrite'> <Ports = 0> <Width = -1> <Depth = -1> <FIFO>
ST_1 : Operation 53 [1/1] (3.90ns)   --->   "%p_read_107 = read i24 @_ssdm_op_Read.ap_auto.i24, i24 %p_read19" [firmware/nnet_utils/nnet_dense_resource.h:46]   --->   Operation 53 'read' 'p_read_107' <Predicate = (do_init)> <Delay = 3.90> <CoreInst = "FIFO_SRL">   --->   Core 81 'FIFO_SRL' <Latency = 0> <II = 1> <Delay = 3.90> <Storage> <Opcode : 'read' 'write' 'nbread' 'nbwrite'> <Ports = 0> <Width = -1> <Depth = -1> <FIFO>
ST_1 : Operation 54 [1/1] (3.90ns)   --->   "%p_read_108 = read i24 @_ssdm_op_Read.ap_auto.i24, i24 %p_read18" [firmware/nnet_utils/nnet_dense_resource.h:46]   --->   Operation 54 'read' 'p_read_108' <Predicate = (do_init)> <Delay = 3.90> <CoreInst = "FIFO_SRL">   --->   Core 81 'FIFO_SRL' <Latency = 0> <II = 1> <Delay = 3.90> <Storage> <Opcode : 'read' 'write' 'nbread' 'nbwrite'> <Ports = 0> <Width = -1> <Depth = -1> <FIFO>
ST_1 : Operation 55 [1/1] (3.90ns)   --->   "%p_read_109 = read i24 @_ssdm_op_Read.ap_auto.i24, i24 %p_read17" [firmware/nnet_utils/nnet_dense_resource.h:46]   --->   Operation 55 'read' 'p_read_109' <Predicate = (do_init)> <Delay = 3.90> <CoreInst = "FIFO_SRL">   --->   Core 81 'FIFO_SRL' <Latency = 0> <II = 1> <Delay = 3.90> <Storage> <Opcode : 'read' 'write' 'nbread' 'nbwrite'> <Ports = 0> <Width = -1> <Depth = -1> <FIFO>
ST_1 : Operation 56 [1/1] (3.90ns)   --->   "%p_read_110 = read i24 @_ssdm_op_Read.ap_auto.i24, i24 %p_read16" [firmware/nnet_utils/nnet_dense_resource.h:46]   --->   Operation 56 'read' 'p_read_110' <Predicate = (do_init)> <Delay = 3.90> <CoreInst = "FIFO_SRL">   --->   Core 81 'FIFO_SRL' <Latency = 0> <II = 1> <Delay = 3.90> <Storage> <Opcode : 'read' 'write' 'nbread' 'nbwrite'> <Ports = 0> <Width = -1> <Depth = -1> <FIFO>
ST_1 : Operation 57 [1/1] (3.90ns)   --->   "%p_read_111 = read i24 @_ssdm_op_Read.ap_auto.i24, i24 %p_read15" [firmware/nnet_utils/nnet_dense_resource.h:46]   --->   Operation 57 'read' 'p_read_111' <Predicate = (do_init)> <Delay = 3.90> <CoreInst = "FIFO_SRL">   --->   Core 81 'FIFO_SRL' <Latency = 0> <II = 1> <Delay = 3.90> <Storage> <Opcode : 'read' 'write' 'nbread' 'nbwrite'> <Ports = 0> <Width = -1> <Depth = -1> <FIFO>
ST_1 : Operation 58 [1/1] (3.90ns)   --->   "%p_read_112 = read i24 @_ssdm_op_Read.ap_auto.i24, i24 %p_read14" [firmware/nnet_utils/nnet_dense_resource.h:46]   --->   Operation 58 'read' 'p_read_112' <Predicate = (do_init)> <Delay = 3.90> <CoreInst = "FIFO_SRL">   --->   Core 81 'FIFO_SRL' <Latency = 0> <II = 1> <Delay = 3.90> <Storage> <Opcode : 'read' 'write' 'nbread' 'nbwrite'> <Ports = 0> <Width = -1> <Depth = -1> <FIFO>
ST_1 : Operation 59 [1/1] (3.90ns)   --->   "%p_read_113 = read i24 @_ssdm_op_Read.ap_auto.i24, i24 %p_read13" [firmware/nnet_utils/nnet_dense_resource.h:46]   --->   Operation 59 'read' 'p_read_113' <Predicate = (do_init)> <Delay = 3.90> <CoreInst = "FIFO_SRL">   --->   Core 81 'FIFO_SRL' <Latency = 0> <II = 1> <Delay = 3.90> <Storage> <Opcode : 'read' 'write' 'nbread' 'nbwrite'> <Ports = 0> <Width = -1> <Depth = -1> <FIFO>
ST_1 : Operation 60 [1/1] (3.90ns)   --->   "%p_read_114 = read i24 @_ssdm_op_Read.ap_auto.i24, i24 %p_read12" [firmware/nnet_utils/nnet_dense_resource.h:46]   --->   Operation 60 'read' 'p_read_114' <Predicate = (do_init)> <Delay = 3.90> <CoreInst = "FIFO_SRL">   --->   Core 81 'FIFO_SRL' <Latency = 0> <II = 1> <Delay = 3.90> <Storage> <Opcode : 'read' 'write' 'nbread' 'nbwrite'> <Ports = 0> <Width = -1> <Depth = -1> <FIFO>
ST_1 : Operation 61 [1/1] (3.90ns)   --->   "%p_read_115 = read i24 @_ssdm_op_Read.ap_auto.i24, i24 %p_read11" [firmware/nnet_utils/nnet_dense_resource.h:46]   --->   Operation 61 'read' 'p_read_115' <Predicate = (do_init)> <Delay = 3.90> <CoreInst = "FIFO_SRL">   --->   Core 81 'FIFO_SRL' <Latency = 0> <II = 1> <Delay = 3.90> <Storage> <Opcode : 'read' 'write' 'nbread' 'nbwrite'> <Ports = 0> <Width = -1> <Depth = -1> <FIFO>
ST_1 : Operation 62 [1/1] (3.90ns)   --->   "%p_read1074 = read i24 @_ssdm_op_Read.ap_auto.i24, i24 %p_read10" [firmware/nnet_utils/nnet_dense_resource.h:46]   --->   Operation 62 'read' 'p_read1074' <Predicate = (do_init)> <Delay = 3.90> <CoreInst = "FIFO_SRL">   --->   Core 81 'FIFO_SRL' <Latency = 0> <II = 1> <Delay = 3.90> <Storage> <Opcode : 'read' 'write' 'nbread' 'nbwrite'> <Ports = 0> <Width = -1> <Depth = -1> <FIFO>
ST_1 : Operation 63 [1/1] (3.90ns)   --->   "%p_read973 = read i24 @_ssdm_op_Read.ap_auto.i24, i24 %p_read9" [firmware/nnet_utils/nnet_dense_resource.h:46]   --->   Operation 63 'read' 'p_read973' <Predicate = (do_init)> <Delay = 3.90> <CoreInst = "FIFO_SRL">   --->   Core 81 'FIFO_SRL' <Latency = 0> <II = 1> <Delay = 3.90> <Storage> <Opcode : 'read' 'write' 'nbread' 'nbwrite'> <Ports = 0> <Width = -1> <Depth = -1> <FIFO>
ST_1 : Operation 64 [1/1] (3.90ns)   --->   "%p_read872 = read i24 @_ssdm_op_Read.ap_auto.i24, i24 %p_read8" [firmware/nnet_utils/nnet_dense_resource.h:46]   --->   Operation 64 'read' 'p_read872' <Predicate = (do_init)> <Delay = 3.90> <CoreInst = "FIFO_SRL">   --->   Core 81 'FIFO_SRL' <Latency = 0> <II = 1> <Delay = 3.90> <Storage> <Opcode : 'read' 'write' 'nbread' 'nbwrite'> <Ports = 0> <Width = -1> <Depth = -1> <FIFO>
ST_1 : Operation 65 [1/1] (3.90ns)   --->   "%p_read771 = read i24 @_ssdm_op_Read.ap_auto.i24, i24 %p_read7" [firmware/nnet_utils/nnet_dense_resource.h:46]   --->   Operation 65 'read' 'p_read771' <Predicate = (do_init)> <Delay = 3.90> <CoreInst = "FIFO_SRL">   --->   Core 81 'FIFO_SRL' <Latency = 0> <II = 1> <Delay = 3.90> <Storage> <Opcode : 'read' 'write' 'nbread' 'nbwrite'> <Ports = 0> <Width = -1> <Depth = -1> <FIFO>
ST_1 : Operation 66 [1/1] (3.90ns)   --->   "%p_read670 = read i24 @_ssdm_op_Read.ap_auto.i24, i24 %p_read6" [firmware/nnet_utils/nnet_dense_resource.h:46]   --->   Operation 66 'read' 'p_read670' <Predicate = (do_init)> <Delay = 3.90> <CoreInst = "FIFO_SRL">   --->   Core 81 'FIFO_SRL' <Latency = 0> <II = 1> <Delay = 3.90> <Storage> <Opcode : 'read' 'write' 'nbread' 'nbwrite'> <Ports = 0> <Width = -1> <Depth = -1> <FIFO>
ST_1 : Operation 67 [1/1] (3.90ns)   --->   "%p_read569 = read i24 @_ssdm_op_Read.ap_auto.i24, i24 %p_read5" [firmware/nnet_utils/nnet_dense_resource.h:46]   --->   Operation 67 'read' 'p_read569' <Predicate = (do_init)> <Delay = 3.90> <CoreInst = "FIFO_SRL">   --->   Core 81 'FIFO_SRL' <Latency = 0> <II = 1> <Delay = 3.90> <Storage> <Opcode : 'read' 'write' 'nbread' 'nbwrite'> <Ports = 0> <Width = -1> <Depth = -1> <FIFO>
ST_1 : Operation 68 [1/1] (3.90ns)   --->   "%p_read468 = read i24 @_ssdm_op_Read.ap_auto.i24, i24 %p_read4" [firmware/nnet_utils/nnet_dense_resource.h:46]   --->   Operation 68 'read' 'p_read468' <Predicate = (do_init)> <Delay = 3.90> <CoreInst = "FIFO_SRL">   --->   Core 81 'FIFO_SRL' <Latency = 0> <II = 1> <Delay = 3.90> <Storage> <Opcode : 'read' 'write' 'nbread' 'nbwrite'> <Ports = 0> <Width = -1> <Depth = -1> <FIFO>
ST_1 : Operation 69 [1/1] (3.90ns)   --->   "%p_read367 = read i24 @_ssdm_op_Read.ap_auto.i24, i24 %p_read3" [firmware/nnet_utils/nnet_dense_resource.h:46]   --->   Operation 69 'read' 'p_read367' <Predicate = (do_init)> <Delay = 3.90> <CoreInst = "FIFO_SRL">   --->   Core 81 'FIFO_SRL' <Latency = 0> <II = 1> <Delay = 3.90> <Storage> <Opcode : 'read' 'write' 'nbread' 'nbwrite'> <Ports = 0> <Width = -1> <Depth = -1> <FIFO>
ST_1 : Operation 70 [1/1] (3.90ns)   --->   "%p_read266 = read i24 @_ssdm_op_Read.ap_auto.i24, i24 %p_read2" [firmware/nnet_utils/nnet_dense_resource.h:46]   --->   Operation 70 'read' 'p_read266' <Predicate = (do_init)> <Delay = 3.90> <CoreInst = "FIFO_SRL">   --->   Core 81 'FIFO_SRL' <Latency = 0> <II = 1> <Delay = 3.90> <Storage> <Opcode : 'read' 'write' 'nbread' 'nbwrite'> <Ports = 0> <Width = -1> <Depth = -1> <FIFO>
ST_1 : Operation 71 [1/1] (3.90ns)   --->   "%p_read165 = read i24 @_ssdm_op_Read.ap_auto.i24, i24 %p_read1" [firmware/nnet_utils/nnet_dense_resource.h:46]   --->   Operation 71 'read' 'p_read165' <Predicate = (do_init)> <Delay = 3.90> <CoreInst = "FIFO_SRL">   --->   Core 81 'FIFO_SRL' <Latency = 0> <II = 1> <Delay = 3.90> <Storage> <Opcode : 'read' 'write' 'nbread' 'nbwrite'> <Ports = 0> <Width = -1> <Depth = -1> <FIFO>
ST_1 : Operation 72 [1/1] (3.90ns)   --->   "%p_read64 = read i24 @_ssdm_op_Read.ap_auto.i24, i24 %p_read" [firmware/nnet_utils/nnet_dense_resource.h:46]   --->   Operation 72 'read' 'p_read64' <Predicate = (do_init)> <Delay = 3.90> <CoreInst = "FIFO_SRL">   --->   Core 81 'FIFO_SRL' <Latency = 0> <II = 1> <Delay = 3.90> <Storage> <Opcode : 'read' 'write' 'nbread' 'nbwrite'> <Ports = 0> <Width = -1> <Depth = -1> <FIFO>
ST_1 : Operation 73 [1/1] (1.61ns)   --->   "%br_ln46 = br void %MultLoop.split" [firmware/nnet_utils/nnet_dense_resource.h:46]   --->   Operation 73 'br' 'br_ln46' <Predicate = (do_init)> <Delay = 1.61>
ST_1 : Operation 74 [1/1] (0.00ns)   --->   "%zext_ln46 = zext i6 %phi_ln49" [firmware/nnet_utils/nnet_dense_resource.h:46]   --->   Operation 74 'zext' 'zext_ln46' <Predicate = true> <Delay = 0.00>
ST_1 : Operation 75 [1/1] (0.00ns)   --->   "%w4_75_addr = getelementptr i42 %w4_75, i64 0, i64 %zext_ln46" [firmware/nnet_utils/nnet_dense_resource.h:59]   --->   Operation 75 'getelementptr' 'w4_75_addr' <Predicate = true> <Delay = 0.00>
ST_1 : Operation 76 [2/2] (3.25ns)   --->   "%w4_75_load = load i6 %w4_75_addr" [firmware/nnet_utils/nnet_dense_resource.h:59]   --->   Operation 76 'load' 'w4_75_load' <Predicate = true> <Delay = 3.25> <CoreInst = "ROM_nP_BRAM">   --->   Core 103 'ROM_nP_BRAM' <Latency = 1> <II = 1> <Delay = 3.25> <Storage> <Opcode : 'load'> <Ports = 0> <Width = 42> <Depth = 64> <ROM>
ST_1 : Operation 77 [1/1] (1.94ns)   --->   "%w_index = add i6 %phi_ln49, i6 1" [firmware/nnet_utils/nnet_dense_resource.h:46]   --->   Operation 77 'add' 'w_index' <Predicate = true> <Delay = 1.94> <CoreInst = "Adder">   --->   Core 1 'Adder' <Latency = 0> <II = 1> <Delay = 1.94> <FuncUnit> <Opcode : 'add' 'sub'> <InPorts = 2> <OutPorts = 1>
ST_1 : Operation 78 [1/1] (1.94ns)   --->   "%icmp_ln46 = icmp_eq  i6 %phi_ln49, i6 63" [firmware/nnet_utils/nnet_dense_resource.h:46]   --->   Operation 78 'icmp' 'icmp_ln46' <Predicate = true> <Delay = 1.94> <CoreInst = "Cmp">   --->   Core 9 'Cmp' <Latency = 0> <II = 1> <Delay = 1.94> <FuncUnit> <Opcode : 'icmp'> <InPorts = 2> <OutPorts = 1>
ST_1 : Operation 79 [1/1] (0.00ns)   --->   "%br_ln46 = br i1 %icmp_ln46, void %rewind_header, void %Result" [firmware/nnet_utils/nnet_dense_resource.h:46]   --->   Operation 79 'br' 'br_ln46' <Predicate = true> <Delay = 0.00>
ST_1 : Operation 80 [1/1] (0.00ns)   --->   "%br_ln84 = br void %rewind_header" [firmware/nnet_utils/nnet_dense_resource.h:84]   --->   Operation 80 'br' 'br_ln84' <Predicate = (icmp_ln46)> <Delay = 0.00>

State 2 <SV = 1> <Delay = 12.7>
ST_2 : Operation 81 [1/1] (0.00ns)   --->   "%p_read64_rewind = phi i24 0, void %entry, i24 %p_read64_phi, void %MultLoop.split, i24 0, void %Result" [firmware/nnet_utils/nnet_dense_resource.h:46]   --->   Operation 81 'phi' 'p_read64_rewind' <Predicate = true> <Delay = 0.00>
ST_2 : Operation 82 [1/1] (0.00ns)   --->   "%p_read165_rewind = phi i24 0, void %entry, i24 %p_read165_phi, void %MultLoop.split, i24 0, void %Result" [firmware/nnet_utils/nnet_dense_resource.h:46]   --->   Operation 82 'phi' 'p_read165_rewind' <Predicate = true> <Delay = 0.00>
ST_2 : Operation 83 [1/1] (0.00ns)   --->   "%p_read266_rewind = phi i24 0, void %entry, i24 %p_read266_phi, void %MultLoop.split, i24 0, void %Result" [firmware/nnet_utils/nnet_dense_resource.h:46]   --->   Operation 83 'phi' 'p_read266_rewind' <Predicate = true> <Delay = 0.00>
ST_2 : Operation 84 [1/1] (0.00ns)   --->   "%p_read367_rewind = phi i24 0, void %entry, i24 %p_read367_phi, void %MultLoop.split, i24 0, void %Result" [firmware/nnet_utils/nnet_dense_resource.h:46]   --->   Operation 84 'phi' 'p_read367_rewind' <Predicate = true> <Delay = 0.00>
ST_2 : Operation 85 [1/1] (0.00ns)   --->   "%p_read468_rewind = phi i24 0, void %entry, i24 %p_read468_phi, void %MultLoop.split, i24 0, void %Result" [firmware/nnet_utils/nnet_dense_resource.h:46]   --->   Operation 85 'phi' 'p_read468_rewind' <Predicate = true> <Delay = 0.00>
ST_2 : Operation 86 [1/1] (0.00ns)   --->   "%p_read569_rewind = phi i24 0, void %entry, i24 %p_read569_phi, void %MultLoop.split, i24 0, void %Result" [firmware/nnet_utils/nnet_dense_resource.h:46]   --->   Operation 86 'phi' 'p_read569_rewind' <Predicate = true> <Delay = 0.00>
ST_2 : Operation 87 [1/1] (0.00ns)   --->   "%p_read670_rewind = phi i24 0, void %entry, i24 %p_read670_phi, void %MultLoop.split, i24 0, void %Result" [firmware/nnet_utils/nnet_dense_resource.h:46]   --->   Operation 87 'phi' 'p_read670_rewind' <Predicate = true> <Delay = 0.00>
ST_2 : Operation 88 [1/1] (0.00ns)   --->   "%p_read771_rewind = phi i24 0, void %entry, i24 %p_read771_phi, void %MultLoop.split, i24 0, void %Result" [firmware/nnet_utils/nnet_dense_resource.h:46]   --->   Operation 88 'phi' 'p_read771_rewind' <Predicate = true> <Delay = 0.00>
ST_2 : Operation 89 [1/1] (0.00ns)   --->   "%p_read872_rewind = phi i24 0, void %entry, i24 %p_read872_phi, void %MultLoop.split, i24 0, void %Result" [firmware/nnet_utils/nnet_dense_resource.h:46]   --->   Operation 89 'phi' 'p_read872_rewind' <Predicate = true> <Delay = 0.00>
ST_2 : Operation 90 [1/1] (0.00ns)   --->   "%p_read973_rewind = phi i24 0, void %entry, i24 %p_read973_phi, void %MultLoop.split, i24 0, void %Result" [firmware/nnet_utils/nnet_dense_resource.h:46]   --->   Operation 90 'phi' 'p_read973_rewind' <Predicate = true> <Delay = 0.00>
ST_2 : Operation 91 [1/1] (0.00ns)   --->   "%p_read1074_rewind = phi i24 0, void %entry, i24 %p_read1074_phi, void %MultLoop.split, i24 0, void %Result" [firmware/nnet_utils/nnet_dense_resource.h:46]   --->   Operation 91 'phi' 'p_read1074_rewind' <Predicate = true> <Delay = 0.00>
ST_2 : Operation 92 [1/1] (0.00ns)   --->   "%p_read1175_rewind = phi i24 0, void %entry, i24 %p_read1175_phi, void %MultLoop.split, i24 0, void %Result" [firmware/nnet_utils/nnet_dense_resource.h:46]   --->   Operation 92 'phi' 'p_read1175_rewind' <Predicate = true> <Delay = 0.00>
ST_2 : Operation 93 [1/1] (0.00ns)   --->   "%p_read1276_rewind = phi i24 0, void %entry, i24 %p_read1276_phi, void %MultLoop.split, i24 0, void %Result" [firmware/nnet_utils/nnet_dense_resource.h:46]   --->   Operation 93 'phi' 'p_read1276_rewind' <Predicate = true> <Delay = 0.00>
ST_2 : Operation 94 [1/1] (0.00ns)   --->   "%p_read1377_rewind = phi i24 0, void %entry, i24 %p_read1377_phi, void %MultLoop.split, i24 0, void %Result" [firmware/nnet_utils/nnet_dense_resource.h:46]   --->   Operation 94 'phi' 'p_read1377_rewind' <Predicate = true> <Delay = 0.00>
ST_2 : Operation 95 [1/1] (0.00ns)   --->   "%p_read1478_rewind = phi i24 0, void %entry, i24 %p_read1478_phi, void %MultLoop.split, i24 0, void %Result" [firmware/nnet_utils/nnet_dense_resource.h:46]   --->   Operation 95 'phi' 'p_read1478_rewind' <Predicate = true> <Delay = 0.00>
ST_2 : Operation 96 [1/1] (0.00ns)   --->   "%p_read1579_rewind = phi i24 0, void %entry, i24 %p_read1579_phi, void %MultLoop.split, i24 0, void %Result" [firmware/nnet_utils/nnet_dense_resource.h:46]   --->   Operation 96 'phi' 'p_read1579_rewind' <Predicate = true> <Delay = 0.00>
ST_2 : Operation 97 [1/1] (0.00ns)   --->   "%p_read1680_rewind = phi i24 0, void %entry, i24 %p_read1680_phi, void %MultLoop.split, i24 0, void %Result" [firmware/nnet_utils/nnet_dense_resource.h:46]   --->   Operation 97 'phi' 'p_read1680_rewind' <Predicate = true> <Delay = 0.00>
ST_2 : Operation 98 [1/1] (0.00ns)   --->   "%p_read1781_rewind = phi i24 0, void %entry, i24 %p_read1781_phi, void %MultLoop.split, i24 0, void %Result" [firmware/nnet_utils/nnet_dense_resource.h:46]   --->   Operation 98 'phi' 'p_read1781_rewind' <Predicate = true> <Delay = 0.00>
ST_2 : Operation 99 [1/1] (0.00ns)   --->   "%p_read1882_rewind = phi i24 0, void %entry, i24 %p_read1882_phi, void %MultLoop.split, i24 0, void %Result" [firmware/nnet_utils/nnet_dense_resource.h:46]   --->   Operation 99 'phi' 'p_read1882_rewind' <Predicate = true> <Delay = 0.00>
ST_2 : Operation 100 [1/1] (0.00ns)   --->   "%p_read1983_rewind = phi i24 0, void %entry, i24 %p_read1983_phi, void %MultLoop.split, i24 0, void %Result" [firmware/nnet_utils/nnet_dense_resource.h:46]   --->   Operation 100 'phi' 'p_read1983_rewind' <Predicate = true> <Delay = 0.00>
ST_2 : Operation 101 [1/1] (0.00ns)   --->   "%p_read2084_rewind = phi i24 0, void %entry, i24 %p_read2084_phi, void %MultLoop.split, i24 0, void %Result" [firmware/nnet_utils/nnet_dense_resource.h:46]   --->   Operation 101 'phi' 'p_read2084_rewind' <Predicate = true> <Delay = 0.00>
ST_2 : Operation 102 [1/1] (0.00ns)   --->   "%p_read2185_rewind = phi i24 0, void %entry, i24 %p_read2185_phi, void %MultLoop.split, i24 0, void %Result" [firmware/nnet_utils/nnet_dense_resource.h:46]   --->   Operation 102 'phi' 'p_read2185_rewind' <Predicate = true> <Delay = 0.00>
ST_2 : Operation 103 [1/1] (0.00ns)   --->   "%p_read2286_rewind = phi i24 0, void %entry, i24 %p_read2286_phi, void %MultLoop.split, i24 0, void %Result" [firmware/nnet_utils/nnet_dense_resource.h:46]   --->   Operation 103 'phi' 'p_read2286_rewind' <Predicate = true> <Delay = 0.00>
ST_2 : Operation 104 [1/1] (0.00ns)   --->   "%p_read2387_rewind = phi i24 0, void %entry, i24 %p_read2387_phi, void %MultLoop.split, i24 0, void %Result" [firmware/nnet_utils/nnet_dense_resource.h:46]   --->   Operation 104 'phi' 'p_read2387_rewind' <Predicate = true> <Delay = 0.00>
ST_2 : Operation 105 [1/1] (0.00ns)   --->   "%p_read2488_rewind = phi i24 0, void %entry, i24 %p_read2488_phi, void %MultLoop.split, i24 0, void %Result" [firmware/nnet_utils/nnet_dense_resource.h:46]   --->   Operation 105 'phi' 'p_read2488_rewind' <Predicate = true> <Delay = 0.00>
ST_2 : Operation 106 [1/1] (0.00ns)   --->   "%p_read2589_rewind = phi i24 0, void %entry, i24 %p_read2589_phi, void %MultLoop.split, i24 0, void %Result" [firmware/nnet_utils/nnet_dense_resource.h:46]   --->   Operation 106 'phi' 'p_read2589_rewind' <Predicate = true> <Delay = 0.00>
ST_2 : Operation 107 [1/1] (0.00ns)   --->   "%p_read2690_rewind = phi i24 0, void %entry, i24 %p_read2690_phi, void %MultLoop.split, i24 0, void %Result" [firmware/nnet_utils/nnet_dense_resource.h:46]   --->   Operation 107 'phi' 'p_read2690_rewind' <Predicate = true> <Delay = 0.00>
ST_2 : Operation 108 [1/1] (0.00ns)   --->   "%p_read2791_rewind = phi i24 0, void %entry, i24 %p_read2791_phi, void %MultLoop.split, i24 0, void %Result" [firmware/nnet_utils/nnet_dense_resource.h:46]   --->   Operation 108 'phi' 'p_read2791_rewind' <Predicate = true> <Delay = 0.00>
ST_2 : Operation 109 [1/1] (0.00ns)   --->   "%p_read2892_rewind = phi i24 0, void %entry, i24 %p_read2892_phi, void %MultLoop.split, i24 0, void %Result" [firmware/nnet_utils/nnet_dense_resource.h:46]   --->   Operation 109 'phi' 'p_read2892_rewind' <Predicate = true> <Delay = 0.00>
ST_2 : Operation 110 [1/1] (0.00ns)   --->   "%p_read2993_rewind = phi i24 0, void %entry, i24 %p_read2993_phi, void %MultLoop.split, i24 0, void %Result" [firmware/nnet_utils/nnet_dense_resource.h:46]   --->   Operation 110 'phi' 'p_read2993_rewind' <Predicate = true> <Delay = 0.00>
ST_2 : Operation 111 [1/1] (0.00ns)   --->   "%p_read3094_rewind = phi i24 0, void %entry, i24 %p_read3094_phi, void %MultLoop.split, i24 0, void %Result" [firmware/nnet_utils/nnet_dense_resource.h:46]   --->   Operation 111 'phi' 'p_read3094_rewind' <Predicate = true> <Delay = 0.00>
ST_2 : Operation 112 [1/1] (0.00ns)   --->   "%p_read3195_rewind = phi i24 0, void %entry, i24 %p_read3195_phi, void %MultLoop.split, i24 0, void %Result" [firmware/nnet_utils/nnet_dense_resource.h:46]   --->   Operation 112 'phi' 'p_read3195_rewind' <Predicate = true> <Delay = 0.00>
ST_2 : Operation 113 [1/1] (0.00ns)   --->   "%p_read3296_rewind = phi i24 0, void %entry, i24 %p_read3296_phi, void %MultLoop.split, i24 0, void %Result" [firmware/nnet_utils/nnet_dense_resource.h:46]   --->   Operation 113 'phi' 'p_read3296_rewind' <Predicate = true> <Delay = 0.00>
ST_2 : Operation 114 [1/1] (0.00ns)   --->   "%p_read3397_rewind = phi i24 0, void %entry, i24 %p_read3397_phi, void %MultLoop.split, i24 0, void %Result" [firmware/nnet_utils/nnet_dense_resource.h:46]   --->   Operation 114 'phi' 'p_read3397_rewind' <Predicate = true> <Delay = 0.00>
ST_2 : Operation 115 [1/1] (0.00ns)   --->   "%p_read3498_rewind = phi i24 0, void %entry, i24 %p_read3498_phi, void %MultLoop.split, i24 0, void %Result" [firmware/nnet_utils/nnet_dense_resource.h:46]   --->   Operation 115 'phi' 'p_read3498_rewind' <Predicate = true> <Delay = 0.00>
ST_2 : Operation 116 [1/1] (0.00ns)   --->   "%p_read3599_rewind = phi i24 0, void %entry, i24 %p_read3599_phi, void %MultLoop.split, i24 0, void %Result" [firmware/nnet_utils/nnet_dense_resource.h:46]   --->   Operation 116 'phi' 'p_read3599_rewind' <Predicate = true> <Delay = 0.00>
ST_2 : Operation 117 [1/1] (0.00ns)   --->   "%p_read36100_rewind = phi i24 0, void %entry, i24 %p_read36100_phi, void %MultLoop.split, i24 0, void %Result" [firmware/nnet_utils/nnet_dense_resource.h:46]   --->   Operation 117 'phi' 'p_read36100_rewind' <Predicate = true> <Delay = 0.00>
ST_2 : Operation 118 [1/1] (0.00ns)   --->   "%p_read37101_rewind = phi i24 0, void %entry, i24 %p_read37101_phi, void %MultLoop.split, i24 0, void %Result" [firmware/nnet_utils/nnet_dense_resource.h:46]   --->   Operation 118 'phi' 'p_read37101_rewind' <Predicate = true> <Delay = 0.00>
ST_2 : Operation 119 [1/1] (0.00ns)   --->   "%p_read38102_rewind = phi i24 0, void %entry, i24 %p_read38102_phi, void %MultLoop.split, i24 0, void %Result" [firmware/nnet_utils/nnet_dense_resource.h:46]   --->   Operation 119 'phi' 'p_read38102_rewind' <Predicate = true> <Delay = 0.00>
ST_2 : Operation 120 [1/1] (0.00ns)   --->   "%p_read39103_rewind = phi i24 0, void %entry, i24 %p_read39103_phi, void %MultLoop.split, i24 0, void %Result" [firmware/nnet_utils/nnet_dense_resource.h:46]   --->   Operation 120 'phi' 'p_read39103_rewind' <Predicate = true> <Delay = 0.00>
ST_2 : Operation 121 [1/1] (0.00ns)   --->   "%p_read40104_rewind = phi i24 0, void %entry, i24 %p_read40104_phi, void %MultLoop.split, i24 0, void %Result" [firmware/nnet_utils/nnet_dense_resource.h:46]   --->   Operation 121 'phi' 'p_read40104_rewind' <Predicate = true> <Delay = 0.00>
ST_2 : Operation 122 [1/1] (0.00ns)   --->   "%p_read41105_rewind = phi i24 0, void %entry, i24 %p_read41105_phi, void %MultLoop.split, i24 0, void %Result" [firmware/nnet_utils/nnet_dense_resource.h:46]   --->   Operation 122 'phi' 'p_read41105_rewind' <Predicate = true> <Delay = 0.00>
ST_2 : Operation 123 [1/1] (0.00ns)   --->   "%p_read42106_rewind = phi i24 0, void %entry, i24 %p_read42106_phi, void %MultLoop.split, i24 0, void %Result" [firmware/nnet_utils/nnet_dense_resource.h:46]   --->   Operation 123 'phi' 'p_read42106_rewind' <Predicate = true> <Delay = 0.00>
ST_2 : Operation 124 [1/1] (0.00ns)   --->   "%p_read43107_rewind = phi i24 0, void %entry, i24 %p_read43107_phi, void %MultLoop.split, i24 0, void %Result" [firmware/nnet_utils/nnet_dense_resource.h:46]   --->   Operation 124 'phi' 'p_read43107_rewind' <Predicate = true> <Delay = 0.00>
ST_2 : Operation 125 [1/1] (0.00ns)   --->   "%p_read44108_rewind = phi i24 0, void %entry, i24 %p_read44108_phi, void %MultLoop.split, i24 0, void %Result" [firmware/nnet_utils/nnet_dense_resource.h:46]   --->   Operation 125 'phi' 'p_read44108_rewind' <Predicate = true> <Delay = 0.00>
ST_2 : Operation 126 [1/1] (0.00ns)   --->   "%p_read45109_rewind = phi i24 0, void %entry, i24 %p_read45109_phi, void %MultLoop.split, i24 0, void %Result" [firmware/nnet_utils/nnet_dense_resource.h:46]   --->   Operation 126 'phi' 'p_read45109_rewind' <Predicate = true> <Delay = 0.00>
ST_2 : Operation 127 [1/1] (0.00ns)   --->   "%p_read46110_rewind = phi i24 0, void %entry, i24 %p_read46110_phi, void %MultLoop.split, i24 0, void %Result" [firmware/nnet_utils/nnet_dense_resource.h:46]   --->   Operation 127 'phi' 'p_read46110_rewind' <Predicate = true> <Delay = 0.00>
ST_2 : Operation 128 [1/1] (0.00ns)   --->   "%p_read47111_rewind = phi i24 0, void %entry, i24 %p_read47111_phi, void %MultLoop.split, i24 0, void %Result" [firmware/nnet_utils/nnet_dense_resource.h:46]   --->   Operation 128 'phi' 'p_read47111_rewind' <Predicate = true> <Delay = 0.00>
ST_2 : Operation 129 [1/1] (0.00ns)   --->   "%p_read48112_rewind = phi i24 0, void %entry, i24 %p_read48112_phi, void %MultLoop.split, i24 0, void %Result" [firmware/nnet_utils/nnet_dense_resource.h:46]   --->   Operation 129 'phi' 'p_read48112_rewind' <Predicate = true> <Delay = 0.00>
ST_2 : Operation 130 [1/1] (0.00ns)   --->   "%p_read49113_rewind = phi i24 0, void %entry, i24 %p_read49113_phi, void %MultLoop.split, i24 0, void %Result" [firmware/nnet_utils/nnet_dense_resource.h:46]   --->   Operation 130 'phi' 'p_read49113_rewind' <Predicate = true> <Delay = 0.00>
ST_2 : Operation 131 [1/1] (0.00ns)   --->   "%p_read50114_rewind = phi i24 0, void %entry, i24 %p_read50114_phi, void %MultLoop.split, i24 0, void %Result" [firmware/nnet_utils/nnet_dense_resource.h:46]   --->   Operation 131 'phi' 'p_read50114_rewind' <Predicate = true> <Delay = 0.00>
ST_2 : Operation 132 [1/1] (0.00ns)   --->   "%p_read51115_rewind = phi i24 0, void %entry, i24 %p_read51115_phi, void %MultLoop.split, i24 0, void %Result" [firmware/nnet_utils/nnet_dense_resource.h:46]   --->   Operation 132 'phi' 'p_read51115_rewind' <Predicate = true> <Delay = 0.00>
ST_2 : Operation 133 [1/1] (0.00ns)   --->   "%p_read52116_rewind = phi i24 0, void %entry, i24 %p_read52116_phi, void %MultLoop.split, i24 0, void %Result" [firmware/nnet_utils/nnet_dense_resource.h:46]   --->   Operation 133 'phi' 'p_read52116_rewind' <Predicate = true> <Delay = 0.00>
ST_2 : Operation 134 [1/1] (0.00ns)   --->   "%p_read53117_rewind = phi i24 0, void %entry, i24 %p_read53117_phi, void %MultLoop.split, i24 0, void %Result" [firmware/nnet_utils/nnet_dense_resource.h:46]   --->   Operation 134 'phi' 'p_read53117_rewind' <Predicate = true> <Delay = 0.00>
ST_2 : Operation 135 [1/1] (0.00ns)   --->   "%p_read54118_rewind = phi i24 0, void %entry, i24 %p_read54118_phi, void %MultLoop.split, i24 0, void %Result" [firmware/nnet_utils/nnet_dense_resource.h:46]   --->   Operation 135 'phi' 'p_read54118_rewind' <Predicate = true> <Delay = 0.00>
ST_2 : Operation 136 [1/1] (0.00ns)   --->   "%p_read55119_rewind = phi i24 0, void %entry, i24 %p_read55119_phi, void %MultLoop.split, i24 0, void %Result" [firmware/nnet_utils/nnet_dense_resource.h:46]   --->   Operation 136 'phi' 'p_read55119_rewind' <Predicate = true> <Delay = 0.00>
ST_2 : Operation 137 [1/1] (0.00ns)   --->   "%p_read56120_rewind = phi i24 0, void %entry, i24 %p_read56120_phi, void %MultLoop.split, i24 0, void %Result" [firmware/nnet_utils/nnet_dense_resource.h:46]   --->   Operation 137 'phi' 'p_read56120_rewind' <Predicate = true> <Delay = 0.00>
ST_2 : Operation 138 [1/1] (0.00ns)   --->   "%p_read57121_rewind = phi i24 0, void %entry, i24 %p_read57121_phi, void %MultLoop.split, i24 0, void %Result" [firmware/nnet_utils/nnet_dense_resource.h:46]   --->   Operation 138 'phi' 'p_read57121_rewind' <Predicate = true> <Delay = 0.00>
ST_2 : Operation 139 [1/1] (0.00ns)   --->   "%p_read58122_rewind = phi i24 0, void %entry, i24 %p_read58122_phi, void %MultLoop.split, i24 0, void %Result" [firmware/nnet_utils/nnet_dense_resource.h:46]   --->   Operation 139 'phi' 'p_read58122_rewind' <Predicate = true> <Delay = 0.00>
ST_2 : Operation 140 [1/1] (0.00ns)   --->   "%p_read59123_rewind = phi i24 0, void %entry, i24 %p_read59123_phi, void %MultLoop.split, i24 0, void %Result" [firmware/nnet_utils/nnet_dense_resource.h:46]   --->   Operation 140 'phi' 'p_read59123_rewind' <Predicate = true> <Delay = 0.00>
ST_2 : Operation 141 [1/1] (0.00ns)   --->   "%p_read60124_rewind = phi i24 0, void %entry, i24 %p_read60124_phi, void %MultLoop.split, i24 0, void %Result" [firmware/nnet_utils/nnet_dense_resource.h:46]   --->   Operation 141 'phi' 'p_read60124_rewind' <Predicate = true> <Delay = 0.00>
ST_2 : Operation 142 [1/1] (0.00ns)   --->   "%p_read61125_rewind = phi i24 0, void %entry, i24 %p_read61125_phi, void %MultLoop.split, i24 0, void %Result" [firmware/nnet_utils/nnet_dense_resource.h:46]   --->   Operation 142 'phi' 'p_read61125_rewind' <Predicate = true> <Delay = 0.00>
ST_2 : Operation 143 [1/1] (0.00ns)   --->   "%p_read62126_rewind = phi i24 0, void %entry, i24 %p_read62126_phi, void %MultLoop.split, i24 0, void %Result" [firmware/nnet_utils/nnet_dense_resource.h:46]   --->   Operation 143 'phi' 'p_read62126_rewind' <Predicate = true> <Delay = 0.00>
ST_2 : Operation 144 [1/1] (0.00ns)   --->   "%p_read63127_rewind = phi i24 0, void %entry, i24 %p_read63127_phi, void %MultLoop.split, i24 0, void %Result" [firmware/nnet_utils/nnet_dense_resource.h:46]   --->   Operation 144 'phi' 'p_read63127_rewind' <Predicate = true> <Delay = 0.00>
ST_2 : Operation 145 [1/1] (1.61ns)   --->   "%br_ln0 = br i1 %do_init, void %MultLoop.split, void %rewind_init"   --->   Operation 145 'br' 'br_ln0' <Predicate = true> <Delay = 1.61>
ST_2 : Operation 146 [1/1] (0.00ns)   --->   "%p_read64_phi = phi i24 %p_read64, void %rewind_init, i24 %p_read64_rewind, void %rewind_header" [firmware/nnet_utils/nnet_dense_resource.h:46]   --->   Operation 146 'phi' 'p_read64_phi' <Predicate = true> <Delay = 0.00>
ST_2 : Operation 147 [1/1] (0.00ns)   --->   "%p_read165_phi = phi i24 %p_read165, void %rewind_init, i24 %p_read165_rewind, void %rewind_header" [firmware/nnet_utils/nnet_dense_resource.h:46]   --->   Operation 147 'phi' 'p_read165_phi' <Predicate = true> <Delay = 0.00>
ST_2 : Operation 148 [1/1] (0.00ns)   --->   "%p_read266_phi = phi i24 %p_read266, void %rewind_init, i24 %p_read266_rewind, void %rewind_header" [firmware/nnet_utils/nnet_dense_resource.h:46]   --->   Operation 148 'phi' 'p_read266_phi' <Predicate = true> <Delay = 0.00>
ST_2 : Operation 149 [1/1] (0.00ns)   --->   "%p_read367_phi = phi i24 %p_read367, void %rewind_init, i24 %p_read367_rewind, void %rewind_header" [firmware/nnet_utils/nnet_dense_resource.h:46]   --->   Operation 149 'phi' 'p_read367_phi' <Predicate = true> <Delay = 0.00>
ST_2 : Operation 150 [1/1] (0.00ns)   --->   "%p_read468_phi = phi i24 %p_read468, void %rewind_init, i24 %p_read468_rewind, void %rewind_header" [firmware/nnet_utils/nnet_dense_resource.h:46]   --->   Operation 150 'phi' 'p_read468_phi' <Predicate = true> <Delay = 0.00>
ST_2 : Operation 151 [1/1] (0.00ns)   --->   "%p_read569_phi = phi i24 %p_read569, void %rewind_init, i24 %p_read569_rewind, void %rewind_header" [firmware/nnet_utils/nnet_dense_resource.h:46]   --->   Operation 151 'phi' 'p_read569_phi' <Predicate = true> <Delay = 0.00>
ST_2 : Operation 152 [1/1] (0.00ns)   --->   "%p_read670_phi = phi i24 %p_read670, void %rewind_init, i24 %p_read670_rewind, void %rewind_header" [firmware/nnet_utils/nnet_dense_resource.h:46]   --->   Operation 152 'phi' 'p_read670_phi' <Predicate = true> <Delay = 0.00>
ST_2 : Operation 153 [1/1] (0.00ns)   --->   "%p_read771_phi = phi i24 %p_read771, void %rewind_init, i24 %p_read771_rewind, void %rewind_header" [firmware/nnet_utils/nnet_dense_resource.h:46]   --->   Operation 153 'phi' 'p_read771_phi' <Predicate = true> <Delay = 0.00>
ST_2 : Operation 154 [1/1] (0.00ns)   --->   "%p_read872_phi = phi i24 %p_read872, void %rewind_init, i24 %p_read872_rewind, void %rewind_header" [firmware/nnet_utils/nnet_dense_resource.h:46]   --->   Operation 154 'phi' 'p_read872_phi' <Predicate = true> <Delay = 0.00>
ST_2 : Operation 155 [1/1] (0.00ns)   --->   "%p_read973_phi = phi i24 %p_read973, void %rewind_init, i24 %p_read973_rewind, void %rewind_header" [firmware/nnet_utils/nnet_dense_resource.h:46]   --->   Operation 155 'phi' 'p_read973_phi' <Predicate = true> <Delay = 0.00>
ST_2 : Operation 156 [1/1] (0.00ns)   --->   "%p_read1074_phi = phi i24 %p_read1074, void %rewind_init, i24 %p_read1074_rewind, void %rewind_header" [firmware/nnet_utils/nnet_dense_resource.h:46]   --->   Operation 156 'phi' 'p_read1074_phi' <Predicate = true> <Delay = 0.00>
ST_2 : Operation 157 [1/1] (0.00ns)   --->   "%p_read1175_phi = phi i24 %p_read_115, void %rewind_init, i24 %p_read1175_rewind, void %rewind_header" [firmware/nnet_utils/nnet_dense_resource.h:46]   --->   Operation 157 'phi' 'p_read1175_phi' <Predicate = true> <Delay = 0.00>
ST_2 : Operation 158 [1/1] (0.00ns)   --->   "%p_read1276_phi = phi i24 %p_read_114, void %rewind_init, i24 %p_read1276_rewind, void %rewind_header" [firmware/nnet_utils/nnet_dense_resource.h:46]   --->   Operation 158 'phi' 'p_read1276_phi' <Predicate = true> <Delay = 0.00>
ST_2 : Operation 159 [1/1] (0.00ns)   --->   "%p_read1377_phi = phi i24 %p_read_113, void %rewind_init, i24 %p_read1377_rewind, void %rewind_header" [firmware/nnet_utils/nnet_dense_resource.h:46]   --->   Operation 159 'phi' 'p_read1377_phi' <Predicate = true> <Delay = 0.00>
ST_2 : Operation 160 [1/1] (0.00ns)   --->   "%p_read1478_phi = phi i24 %p_read_112, void %rewind_init, i24 %p_read1478_rewind, void %rewind_header" [firmware/nnet_utils/nnet_dense_resource.h:46]   --->   Operation 160 'phi' 'p_read1478_phi' <Predicate = true> <Delay = 0.00>
ST_2 : Operation 161 [1/1] (0.00ns)   --->   "%p_read1579_phi = phi i24 %p_read_111, void %rewind_init, i24 %p_read1579_rewind, void %rewind_header" [firmware/nnet_utils/nnet_dense_resource.h:46]   --->   Operation 161 'phi' 'p_read1579_phi' <Predicate = true> <Delay = 0.00>
ST_2 : Operation 162 [1/1] (0.00ns)   --->   "%p_read1680_phi = phi i24 %p_read_110, void %rewind_init, i24 %p_read1680_rewind, void %rewind_header" [firmware/nnet_utils/nnet_dense_resource.h:46]   --->   Operation 162 'phi' 'p_read1680_phi' <Predicate = true> <Delay = 0.00>
ST_2 : Operation 163 [1/1] (0.00ns)   --->   "%p_read1781_phi = phi i24 %p_read_109, void %rewind_init, i24 %p_read1781_rewind, void %rewind_header" [firmware/nnet_utils/nnet_dense_resource.h:46]   --->   Operation 163 'phi' 'p_read1781_phi' <Predicate = true> <Delay = 0.00>
ST_2 : Operation 164 [1/1] (0.00ns)   --->   "%p_read1882_phi = phi i24 %p_read_108, void %rewind_init, i24 %p_read1882_rewind, void %rewind_header" [firmware/nnet_utils/nnet_dense_resource.h:46]   --->   Operation 164 'phi' 'p_read1882_phi' <Predicate = true> <Delay = 0.00>
ST_2 : Operation 165 [1/1] (0.00ns)   --->   "%p_read1983_phi = phi i24 %p_read_107, void %rewind_init, i24 %p_read1983_rewind, void %rewind_header" [firmware/nnet_utils/nnet_dense_resource.h:46]   --->   Operation 165 'phi' 'p_read1983_phi' <Predicate = true> <Delay = 0.00>
ST_2 : Operation 166 [1/1] (0.00ns)   --->   "%p_read2084_phi = phi i24 %p_read2084, void %rewind_init, i24 %p_read2084_rewind, void %rewind_header" [firmware/nnet_utils/nnet_dense_resource.h:46]   --->   Operation 166 'phi' 'p_read2084_phi' <Predicate = true> <Delay = 0.00>
ST_2 : Operation 167 [1/1] (0.00ns)   --->   "%p_read2185_phi = phi i24 %p_read_106, void %rewind_init, i24 %p_read2185_rewind, void %rewind_header" [firmware/nnet_utils/nnet_dense_resource.h:46]   --->   Operation 167 'phi' 'p_read2185_phi' <Predicate = true> <Delay = 0.00>
ST_2 : Operation 168 [1/1] (0.00ns)   --->   "%p_read2286_phi = phi i24 %p_read_105, void %rewind_init, i24 %p_read2286_rewind, void %rewind_header" [firmware/nnet_utils/nnet_dense_resource.h:46]   --->   Operation 168 'phi' 'p_read2286_phi' <Predicate = true> <Delay = 0.00>
ST_2 : Operation 169 [1/1] (0.00ns)   --->   "%p_read2387_phi = phi i24 %p_read_104, void %rewind_init, i24 %p_read2387_rewind, void %rewind_header" [firmware/nnet_utils/nnet_dense_resource.h:46]   --->   Operation 169 'phi' 'p_read2387_phi' <Predicate = true> <Delay = 0.00>
ST_2 : Operation 170 [1/1] (0.00ns)   --->   "%p_read2488_phi = phi i24 %p_read_103, void %rewind_init, i24 %p_read2488_rewind, void %rewind_header" [firmware/nnet_utils/nnet_dense_resource.h:46]   --->   Operation 170 'phi' 'p_read2488_phi' <Predicate = true> <Delay = 0.00>
ST_2 : Operation 171 [1/1] (0.00ns)   --->   "%p_read2589_phi = phi i24 %p_read_102, void %rewind_init, i24 %p_read2589_rewind, void %rewind_header" [firmware/nnet_utils/nnet_dense_resource.h:46]   --->   Operation 171 'phi' 'p_read2589_phi' <Predicate = true> <Delay = 0.00>
ST_2 : Operation 172 [1/1] (0.00ns)   --->   "%p_read2690_phi = phi i24 %p_read_101, void %rewind_init, i24 %p_read2690_rewind, void %rewind_header" [firmware/nnet_utils/nnet_dense_resource.h:46]   --->   Operation 172 'phi' 'p_read2690_phi' <Predicate = true> <Delay = 0.00>
ST_2 : Operation 173 [1/1] (0.00ns)   --->   "%p_read2791_phi = phi i24 %p_read_100, void %rewind_init, i24 %p_read2791_rewind, void %rewind_header" [firmware/nnet_utils/nnet_dense_resource.h:46]   --->   Operation 173 'phi' 'p_read2791_phi' <Predicate = true> <Delay = 0.00>
ST_2 : Operation 174 [1/1] (0.00ns)   --->   "%p_read2892_phi = phi i24 %p_read_99, void %rewind_init, i24 %p_read2892_rewind, void %rewind_header" [firmware/nnet_utils/nnet_dense_resource.h:46]   --->   Operation 174 'phi' 'p_read2892_phi' <Predicate = true> <Delay = 0.00>
ST_2 : Operation 175 [1/1] (0.00ns)   --->   "%p_read2993_phi = phi i24 %p_read_98, void %rewind_init, i24 %p_read2993_rewind, void %rewind_header" [firmware/nnet_utils/nnet_dense_resource.h:46]   --->   Operation 175 'phi' 'p_read2993_phi' <Predicate = true> <Delay = 0.00>
ST_2 : Operation 176 [1/1] (0.00ns)   --->   "%p_read3094_phi = phi i24 %p_read3094, void %rewind_init, i24 %p_read3094_rewind, void %rewind_header" [firmware/nnet_utils/nnet_dense_resource.h:46]   --->   Operation 176 'phi' 'p_read3094_phi' <Predicate = true> <Delay = 0.00>
ST_2 : Operation 177 [1/1] (0.00ns)   --->   "%p_read3195_phi = phi i24 %p_read_97, void %rewind_init, i24 %p_read3195_rewind, void %rewind_header" [firmware/nnet_utils/nnet_dense_resource.h:46]   --->   Operation 177 'phi' 'p_read3195_phi' <Predicate = true> <Delay = 0.00>
ST_2 : Operation 178 [1/1] (0.00ns)   --->   "%p_read3296_phi = phi i24 %p_read_96, void %rewind_init, i24 %p_read3296_rewind, void %rewind_header" [firmware/nnet_utils/nnet_dense_resource.h:46]   --->   Operation 178 'phi' 'p_read3296_phi' <Predicate = true> <Delay = 0.00>
ST_2 : Operation 179 [1/1] (0.00ns)   --->   "%p_read3397_phi = phi i24 %p_read_95, void %rewind_init, i24 %p_read3397_rewind, void %rewind_header" [firmware/nnet_utils/nnet_dense_resource.h:46]   --->   Operation 179 'phi' 'p_read3397_phi' <Predicate = true> <Delay = 0.00>
ST_2 : Operation 180 [1/1] (0.00ns)   --->   "%p_read3498_phi = phi i24 %p_read_94, void %rewind_init, i24 %p_read3498_rewind, void %rewind_header" [firmware/nnet_utils/nnet_dense_resource.h:46]   --->   Operation 180 'phi' 'p_read3498_phi' <Predicate = true> <Delay = 0.00>
ST_2 : Operation 181 [1/1] (0.00ns)   --->   "%p_read3599_phi = phi i24 %p_read_93, void %rewind_init, i24 %p_read3599_rewind, void %rewind_header" [firmware/nnet_utils/nnet_dense_resource.h:46]   --->   Operation 181 'phi' 'p_read3599_phi' <Predicate = true> <Delay = 0.00>
ST_2 : Operation 182 [1/1] (0.00ns)   --->   "%p_read36100_phi = phi i24 %p_read_92, void %rewind_init, i24 %p_read36100_rewind, void %rewind_header" [firmware/nnet_utils/nnet_dense_resource.h:46]   --->   Operation 182 'phi' 'p_read36100_phi' <Predicate = true> <Delay = 0.00>
ST_2 : Operation 183 [1/1] (0.00ns)   --->   "%p_read37101_phi = phi i24 %p_read_91, void %rewind_init, i24 %p_read37101_rewind, void %rewind_header" [firmware/nnet_utils/nnet_dense_resource.h:46]   --->   Operation 183 'phi' 'p_read37101_phi' <Predicate = true> <Delay = 0.00>
ST_2 : Operation 184 [1/1] (0.00ns)   --->   "%p_read38102_phi = phi i24 %p_read_90, void %rewind_init, i24 %p_read38102_rewind, void %rewind_header" [firmware/nnet_utils/nnet_dense_resource.h:46]   --->   Operation 184 'phi' 'p_read38102_phi' <Predicate = true> <Delay = 0.00>
ST_2 : Operation 185 [1/1] (0.00ns)   --->   "%p_read39103_phi = phi i24 %p_read_89, void %rewind_init, i24 %p_read39103_rewind, void %rewind_header" [firmware/nnet_utils/nnet_dense_resource.h:46]   --->   Operation 185 'phi' 'p_read39103_phi' <Predicate = true> <Delay = 0.00>
ST_2 : Operation 186 [1/1] (0.00ns)   --->   "%p_read40104_phi = phi i24 %p_read_88, void %rewind_init, i24 %p_read40104_rewind, void %rewind_header" [firmware/nnet_utils/nnet_dense_resource.h:46]   --->   Operation 186 'phi' 'p_read40104_phi' <Predicate = true> <Delay = 0.00>
ST_2 : Operation 187 [1/1] (0.00ns)   --->   "%p_read41105_phi = phi i24 %p_read_87, void %rewind_init, i24 %p_read41105_rewind, void %rewind_header" [firmware/nnet_utils/nnet_dense_resource.h:46]   --->   Operation 187 'phi' 'p_read41105_phi' <Predicate = true> <Delay = 0.00>
ST_2 : Operation 188 [1/1] (0.00ns)   --->   "%p_read42106_phi = phi i24 %p_read_86, void %rewind_init, i24 %p_read42106_rewind, void %rewind_header" [firmware/nnet_utils/nnet_dense_resource.h:46]   --->   Operation 188 'phi' 'p_read42106_phi' <Predicate = true> <Delay = 0.00>
ST_2 : Operation 189 [1/1] (0.00ns)   --->   "%p_read43107_phi = phi i24 %p_read_85, void %rewind_init, i24 %p_read43107_rewind, void %rewind_header" [firmware/nnet_utils/nnet_dense_resource.h:46]   --->   Operation 189 'phi' 'p_read43107_phi' <Predicate = true> <Delay = 0.00>
ST_2 : Operation 190 [1/1] (0.00ns)   --->   "%p_read44108_phi = phi i24 %p_read_84, void %rewind_init, i24 %p_read44108_rewind, void %rewind_header" [firmware/nnet_utils/nnet_dense_resource.h:46]   --->   Operation 190 'phi' 'p_read44108_phi' <Predicate = true> <Delay = 0.00>
ST_2 : Operation 191 [1/1] (0.00ns)   --->   "%p_read45109_phi = phi i24 %p_read_83, void %rewind_init, i24 %p_read45109_rewind, void %rewind_header" [firmware/nnet_utils/nnet_dense_resource.h:46]   --->   Operation 191 'phi' 'p_read45109_phi' <Predicate = true> <Delay = 0.00>
ST_2 : Operation 192 [1/1] (0.00ns)   --->   "%p_read46110_phi = phi i24 %p_read_82, void %rewind_init, i24 %p_read46110_rewind, void %rewind_header" [firmware/nnet_utils/nnet_dense_resource.h:46]   --->   Operation 192 'phi' 'p_read46110_phi' <Predicate = true> <Delay = 0.00>
ST_2 : Operation 193 [1/1] (0.00ns)   --->   "%p_read47111_phi = phi i24 %p_read_81, void %rewind_init, i24 %p_read47111_rewind, void %rewind_header" [firmware/nnet_utils/nnet_dense_resource.h:46]   --->   Operation 193 'phi' 'p_read47111_phi' <Predicate = true> <Delay = 0.00>
ST_2 : Operation 194 [1/1] (0.00ns)   --->   "%p_read48112_phi = phi i24 %p_read_80, void %rewind_init, i24 %p_read48112_rewind, void %rewind_header" [firmware/nnet_utils/nnet_dense_resource.h:46]   --->   Operation 194 'phi' 'p_read48112_phi' <Predicate = true> <Delay = 0.00>
ST_2 : Operation 195 [1/1] (0.00ns)   --->   "%p_read49113_phi = phi i24 %p_read_79, void %rewind_init, i24 %p_read49113_rewind, void %rewind_header" [firmware/nnet_utils/nnet_dense_resource.h:46]   --->   Operation 195 'phi' 'p_read49113_phi' <Predicate = true> <Delay = 0.00>
ST_2 : Operation 196 [1/1] (0.00ns)   --->   "%p_read50114_phi = phi i24 %p_read_78, void %rewind_init, i24 %p_read50114_rewind, void %rewind_header" [firmware/nnet_utils/nnet_dense_resource.h:46]   --->   Operation 196 'phi' 'p_read50114_phi' <Predicate = true> <Delay = 0.00>
ST_2 : Operation 197 [1/1] (0.00ns)   --->   "%p_read51115_phi = phi i24 %p_read_77, void %rewind_init, i24 %p_read51115_rewind, void %rewind_header" [firmware/nnet_utils/nnet_dense_resource.h:46]   --->   Operation 197 'phi' 'p_read51115_phi' <Predicate = true> <Delay = 0.00>
ST_2 : Operation 198 [1/1] (0.00ns)   --->   "%p_read52116_phi = phi i24 %p_read_76, void %rewind_init, i24 %p_read52116_rewind, void %rewind_header" [firmware/nnet_utils/nnet_dense_resource.h:46]   --->   Operation 198 'phi' 'p_read52116_phi' <Predicate = true> <Delay = 0.00>
ST_2 : Operation 199 [1/1] (0.00ns)   --->   "%p_read53117_phi = phi i24 %p_read_75, void %rewind_init, i24 %p_read53117_rewind, void %rewind_header" [firmware/nnet_utils/nnet_dense_resource.h:46]   --->   Operation 199 'phi' 'p_read53117_phi' <Predicate = true> <Delay = 0.00>
ST_2 : Operation 200 [1/1] (0.00ns)   --->   "%p_read54118_phi = phi i24 %p_read_74, void %rewind_init, i24 %p_read54118_rewind, void %rewind_header" [firmware/nnet_utils/nnet_dense_resource.h:46]   --->   Operation 200 'phi' 'p_read54118_phi' <Predicate = true> <Delay = 0.00>
ST_2 : Operation 201 [1/1] (0.00ns)   --->   "%p_read55119_phi = phi i24 %p_read_73, void %rewind_init, i24 %p_read55119_rewind, void %rewind_header" [firmware/nnet_utils/nnet_dense_resource.h:46]   --->   Operation 201 'phi' 'p_read55119_phi' <Predicate = true> <Delay = 0.00>
ST_2 : Operation 202 [1/1] (0.00ns)   --->   "%p_read56120_phi = phi i24 %p_read_72, void %rewind_init, i24 %p_read56120_rewind, void %rewind_header" [firmware/nnet_utils/nnet_dense_resource.h:46]   --->   Operation 202 'phi' 'p_read56120_phi' <Predicate = true> <Delay = 0.00>
ST_2 : Operation 203 [1/1] (0.00ns)   --->   "%p_read57121_phi = phi i24 %p_read_71, void %rewind_init, i24 %p_read57121_rewind, void %rewind_header" [firmware/nnet_utils/nnet_dense_resource.h:46]   --->   Operation 203 'phi' 'p_read57121_phi' <Predicate = true> <Delay = 0.00>
ST_2 : Operation 204 [1/1] (0.00ns)   --->   "%p_read58122_phi = phi i24 %p_read_70, void %rewind_init, i24 %p_read58122_rewind, void %rewind_header" [firmware/nnet_utils/nnet_dense_resource.h:46]   --->   Operation 204 'phi' 'p_read58122_phi' <Predicate = true> <Delay = 0.00>
ST_2 : Operation 205 [1/1] (0.00ns)   --->   "%p_read59123_phi = phi i24 %p_read_69, void %rewind_init, i24 %p_read59123_rewind, void %rewind_header" [firmware/nnet_utils/nnet_dense_resource.h:46]   --->   Operation 205 'phi' 'p_read59123_phi' <Predicate = true> <Delay = 0.00>
ST_2 : Operation 206 [1/1] (0.00ns)   --->   "%p_read60124_phi = phi i24 %p_read_68, void %rewind_init, i24 %p_read60124_rewind, void %rewind_header" [firmware/nnet_utils/nnet_dense_resource.h:46]   --->   Operation 206 'phi' 'p_read60124_phi' <Predicate = true> <Delay = 0.00>
ST_2 : Operation 207 [1/1] (0.00ns)   --->   "%p_read61125_phi = phi i24 %p_read_67, void %rewind_init, i24 %p_read61125_rewind, void %rewind_header" [firmware/nnet_utils/nnet_dense_resource.h:46]   --->   Operation 207 'phi' 'p_read61125_phi' <Predicate = true> <Delay = 0.00>
ST_2 : Operation 208 [1/1] (0.00ns)   --->   "%p_read62126_phi = phi i24 %p_read_66, void %rewind_init, i24 %p_read62126_rewind, void %rewind_header" [firmware/nnet_utils/nnet_dense_resource.h:46]   --->   Operation 208 'phi' 'p_read62126_phi' <Predicate = true> <Delay = 0.00>
ST_2 : Operation 209 [1/1] (0.00ns)   --->   "%p_read63127_phi = phi i24 %p_read_65, void %rewind_init, i24 %p_read63127_rewind, void %rewind_header" [firmware/nnet_utils/nnet_dense_resource.h:46]   --->   Operation 209 'phi' 'p_read63127_phi' <Predicate = true> <Delay = 0.00>
ST_2 : Operation 210 [1/1] (3.13ns)   --->   "%a = sparsemux i24 @_ssdm_op_SparseMux.ap_auto.64i24.i24.i6, i6 0, i24 %p_read64_phi, i6 1, i24 %p_read165_phi, i6 2, i24 %p_read266_phi, i6 3, i24 %p_read367_phi, i6 4, i24 %p_read468_phi, i6 5, i24 %p_read569_phi, i6 6, i24 %p_read670_phi, i6 7, i24 %p_read771_phi, i6 8, i24 %p_read872_phi, i6 9, i24 %p_read973_phi, i6 10, i24 %p_read1074_phi, i6 11, i24 %p_read1175_phi, i6 12, i24 %p_read1276_phi, i6 13, i24 %p_read1377_phi, i6 14, i24 %p_read1478_phi, i6 15, i24 %p_read1579_phi, i6 16, i24 %p_read1680_phi, i6 17, i24 %p_read1781_phi, i6 18, i24 %p_read1882_phi, i6 19, i24 %p_read1983_phi, i6 20, i24 %p_read2084_phi, i6 21, i24 %p_read2185_phi, i6 22, i24 %p_read2286_phi, i6 23, i24 %p_read2387_phi, i6 24, i24 %p_read2488_phi, i6 25, i24 %p_read2589_phi, i6 26, i24 %p_read2690_phi, i6 27, i24 %p_read2791_phi, i6 28, i24 %p_read2892_phi, i6 29, i24 %p_read2993_phi, i6 30, i24 %p_read3094_phi, i6 31, i24 %p_read3195_phi, i6 32, i24 %p_read3296_phi, i6 33, i24 %p_read3397_phi, i6 34, i24 %p_read3498_phi, i6 35, i24 %p_read3599_phi, i6 36, i24 %p_read36100_phi, i6 37, i24 %p_read37101_phi, i6 38, i24 %p_read38102_phi, i6 39, i24 %p_read39103_phi, i6 40, i24 %p_read40104_phi, i6 41, i24 %p_read41105_phi, i6 42, i24 %p_read42106_phi, i6 43, i24 %p_read43107_phi, i6 44, i24 %p_read44108_phi, i6 45, i24 %p_read45109_phi, i6 46, i24 %p_read46110_phi, i6 47, i24 %p_read47111_phi, i6 48, i24 %p_read48112_phi, i6 49, i24 %p_read49113_phi, i6 50, i24 %p_read50114_phi, i6 51, i24 %p_read51115_phi, i6 52, i24 %p_read52116_phi, i6 53, i24 %p_read53117_phi, i6 54, i24 %p_read54118_phi, i6 55, i24 %p_read55119_phi, i6 56, i24 %p_read56120_phi, i6 57, i24 %p_read57121_phi, i6 58, i24 %p_read58122_phi, i6 59, i24 %p_read59123_phi, i6 60, i24 %p_read60124_phi, i6 61, i24 %p_read61125_phi, i6 62, i24 %p_read62126_phi, i6 63, i24 %p_read63127_phi, i24 0, i6 %phi_ln49" [firmware/nnet_utils/nnet_dense_resource.h:46]   --->   Operation 210 'sparsemux' 'a' <Predicate = true> <Delay = 3.13> <CoreInst = "SparseMux">   --->   Core 135 'SparseMux' <Latency = 0> <II = 1> <Delay = 3.13> <FuncUnit> <Opcode : 'sparsemux'> <InPorts = 2> <OutPorts = 1>
ST_2 : Operation 211 [1/2] (3.25ns)   --->   "%w4_75_load = load i6 %w4_75_addr" [firmware/nnet_utils/nnet_dense_resource.h:59]   --->   Operation 211 'load' 'w4_75_load' <Predicate = true> <Delay = 3.25> <CoreInst = "ROM_nP_BRAM">   --->   Core 103 'ROM_nP_BRAM' <Latency = 1> <II = 1> <Delay = 3.25> <Storage> <Opcode : 'load'> <Ports = 0> <Width = 42> <Depth = 64> <ROM>
ST_2 : Operation 212 [1/1] (0.00ns)   --->   "%w = trunc i42 %w4_75_load" [firmware/nnet_utils/nnet_dense_resource.h:59]   --->   Operation 212 'trunc' 'w' <Predicate = true> <Delay = 0.00>
ST_2 : Operation 213 [1/1] (0.00ns)   --->   "%sext_ln73 = sext i24 %a" [firmware/nnet_utils/nnet_mult.h:73->firmware/nnet_utils/nnet_dense_resource.h:59]   --->   Operation 213 'sext' 'sext_ln73' <Predicate = true> <Delay = 0.00>
ST_2 : Operation 214 [1/1] (0.00ns)   --->   "%sext_ln73_2 = sext i24 %a" [firmware/nnet_utils/nnet_mult.h:73->firmware/nnet_utils/nnet_dense_resource.h:59]   --->   Operation 214 'sext' 'sext_ln73_2' <Predicate = true> <Delay = 0.00>
ST_2 : Operation 215 [1/1] (0.00ns)   --->   "%sext_ln73_1 = sext i30 %w" [firmware/nnet_utils/nnet_mult.h:73->firmware/nnet_utils/nnet_dense_resource.h:59]   --->   Operation 215 'sext' 'sext_ln73_1' <Predicate = true> <Delay = 0.00>
ST_2 : Operation 216 [1/1] (7.98ns)   --->   "%mul_ln73 = mul i38 %sext_ln73_1, i38 %sext_ln73" [firmware/nnet_utils/nnet_mult.h:73->firmware/nnet_utils/nnet_dense_resource.h:59]   --->   Operation 216 'mul' 'mul_ln73' <Predicate = true> <Delay = 7.98> <CoreInst = "Multiplier">   --->   Core 3 'Multiplier' <Latency = 0> <II = 1> <Delay = 7.98> <FuncUnit> <Opcode : 'mul'> <InPorts = 2> <OutPorts = 1>
ST_2 : Operation 217 [1/1] (0.00ns)   --->   "%trunc_ln2 = partselect i18 @_ssdm_op_PartSelect.i18.i38.i32.i32, i38 %mul_ln73, i32 20, i32 37" [firmware/nnet_utils/nnet_dense_resource.h:58]   --->   Operation 217 'partselect' 'trunc_ln2' <Predicate = true> <Delay = 0.00>
ST_2 : Operation 218 [1/1] (0.00ns)   --->   "%tmp = partselect i12 @_ssdm_op_PartSelect.i12.i42.i32.i32, i42 %w4_75_load, i32 30, i32 41" [firmware/nnet_utils/nnet_dense_resource.h:59]   --->   Operation 218 'partselect' 'tmp' <Predicate = true> <Delay = 0.00>
ST_2 : Operation 219 [1/1] (0.00ns)   --->   "%sext_ln73_3 = sext i12 %tmp" [firmware/nnet_utils/nnet_mult.h:73->firmware/nnet_utils/nnet_dense_resource.h:59]   --->   Operation 219 'sext' 'sext_ln73_3' <Predicate = true> <Delay = 0.00>
ST_2 : Operation 220 [1/1] (6.65ns)   --->   "%mul_ln73_1 = mul i36 %sext_ln73_2, i36 %sext_ln73_3" [firmware/nnet_utils/nnet_mult.h:73->firmware/nnet_utils/nnet_dense_resource.h:59]   --->   Operation 220 'mul' 'mul_ln73_1' <Predicate = true> <Delay = 6.65> <CoreInst = "Multiplier">   --->   Core 3 'Multiplier' <Latency = 0> <II = 1> <Delay = 6.65> <FuncUnit> <Opcode : 'mul'> <InPorts = 2> <OutPorts = 1>
ST_2 : Operation 221 [1/1] (0.00ns)   --->   "%trunc_ln58_1 = partselect i16 @_ssdm_op_PartSelect.i16.i36.i32.i32, i36 %mul_ln73_1, i32 20, i32 35" [firmware/nnet_utils/nnet_dense_resource.h:58]   --->   Operation 221 'partselect' 'trunc_ln58_1' <Predicate = true> <Delay = 0.00>

State 3 <SV = 2> <Delay = 2.21>
ST_3 : Operation 222 [1/1] (0.00ns)   --->   "%conv_i2_i87 = phi i18 64, void %entry, i18 %add_ln58, void %MultLoop.split, i18 64, void %Result" [firmware/nnet_utils/nnet_dense_resource.h:58]   --->   Operation 222 'phi' 'conv_i2_i87' <Predicate = true> <Delay = 0.00>
ST_3 : Operation 223 [1/1] (0.00ns)   --->   "%conv_i2_i_196 = phi i18 16, void %entry, i18 %add_ln58_1, void %MultLoop.split, i18 16, void %Result" [firmware/nnet_utils/nnet_dense_resource.h:58]   --->   Operation 223 'phi' 'conv_i2_i_196' <Predicate = true> <Delay = 0.00>
ST_3 : Operation 224 [1/1] (0.00ns)   --->   "%specpipeline_ln47 = specpipeline void @_ssdm_op_SpecPipeline, i32 1, i32 0, i32 0, i32 1, void @empty_0" [firmware/nnet_utils/nnet_dense_resource.h:47]   --->   Operation 224 'specpipeline' 'specpipeline_ln47' <Predicate = true> <Delay = 0.00>
ST_3 : Operation 225 [1/1] (0.00ns)   --->   "%speclooptripcount_ln49 = speclooptripcount void @_ssdm_op_SpecLoopTripCount, i64 64, i64 64, i64 64" [firmware/nnet_utils/nnet_dense_resource.h:49]   --->   Operation 225 'speclooptripcount' 'speclooptripcount_ln49' <Predicate = true> <Delay = 0.00>
ST_3 : Operation 226 [1/1] (0.00ns)   --->   "%specloopname_ln46 = specloopname void @_ssdm_op_SpecLoopName, void @empty_1" [firmware/nnet_utils/nnet_dense_resource.h:46]   --->   Operation 226 'specloopname' 'specloopname_ln46' <Predicate = true> <Delay = 0.00>
ST_3 : Operation 227 [1/1] (2.21ns)   --->   "%add_ln58 = add i18 %trunc_ln2, i18 %conv_i2_i87" [firmware/nnet_utils/nnet_dense_resource.h:58]   --->   Operation 227 'add' 'add_ln58' <Predicate = true> <Delay = 2.21> <CoreInst = "Adder">   --->   Core 1 'Adder' <Latency = 0> <II = 1> <Delay = 2.21> <FuncUnit> <Opcode : 'add' 'sub'> <InPorts = 2> <OutPorts = 1>
ST_3 : Operation 228 [1/1] (0.00ns)   --->   "%sext_ln58 = sext i16 %trunc_ln58_1" [firmware/nnet_utils/nnet_dense_resource.h:58]   --->   Operation 228 'sext' 'sext_ln58' <Predicate = true> <Delay = 0.00>
ST_3 : Operation 229 [1/1] (2.21ns)   --->   "%add_ln58_1 = add i18 %sext_ln58, i18 %conv_i2_i_196" [firmware/nnet_utils/nnet_dense_resource.h:58]   --->   Operation 229 'add' 'add_ln58_1' <Predicate = true> <Delay = 2.21> <CoreInst = "Adder">   --->   Core 1 'Adder' <Latency = 0> <II = 1> <Delay = 2.21> <FuncUnit> <Opcode : 'add' 'sub'> <InPorts = 2> <OutPorts = 1>
ST_3 : Operation 230 [1/1] (0.00ns)   --->   "%trunc_ln46 = trunc i18 %add_ln58_1" [firmware/nnet_utils/nnet_dense_resource.h:46]   --->   Operation 230 'trunc' 'trunc_ln46' <Predicate = true> <Delay = 0.00>
ST_3 : Operation 231 [1/1] (0.00ns)   --->   "%trunc_ln46_64 = trunc i18 %add_ln58" [firmware/nnet_utils/nnet_dense_resource.h:46]   --->   Operation 231 'trunc' 'trunc_ln46_64' <Predicate = true> <Delay = 0.00>
ST_3 : Operation 232 [1/1] (0.00ns)   --->   "%mrv = insertvalue i32 <undef>, i16 %trunc_ln46_64" [firmware/nnet_utils/nnet_dense_resource.h:84]   --->   Operation 232 'insertvalue' 'mrv' <Predicate = (icmp_ln46)> <Delay = 0.00>
ST_3 : Operation 233 [1/1] (0.00ns)   --->   "%mrv_1 = insertvalue i32 %mrv, i16 %trunc_ln46" [firmware/nnet_utils/nnet_dense_resource.h:84]   --->   Operation 233 'insertvalue' 'mrv_1' <Predicate = (icmp_ln46)> <Delay = 0.00>
ST_3 : Operation 234 [1/1] (0.00ns)   --->   "%return_ln84 = return void @_ssdm_op_Return, i32 %mrv_1" [firmware/nnet_utils/nnet_dense_resource.h:84]   --->   Operation 234 'return' 'return_ln84' <Predicate = (icmp_ln46)> <Delay = 0.00>


============================================================
+ Verbose Summary: Timing violations
============================================================
Target clock period: 15.000ns, clock uncertainty: 1.875ns.

 <State 1>: 7.128ns
The critical path consists of the following:
	multiplexor before 'phi' operation 1 bit ('do_init') [68]  (1.610 ns)
	'phi' operation 1 bit ('do_init') [68]  (0.000 ns)
	wire read operation ('p_read_65', firmware/nnet_utils/nnet_dense_resource.h:46) on port 'p_read63' (firmware/nnet_utils/nnet_dense_resource.h:46) [139]  (3.908 ns)
	multiplexor before 'phi' operation 24 bit ('p_read64_phi', firmware/nnet_utils/nnet_dense_resource.h:46) with incoming values : ('p_read64', firmware/nnet_utils/nnet_dense_resource.h:46) [205]  (1.610 ns)

 <State 2>: 12.730ns
The critical path consists of the following:
	'phi' operation 24 bit ('p_read64_rewind', firmware/nnet_utils/nnet_dense_resource.h:46) with incoming values : ('p_read64', firmware/nnet_utils/nnet_dense_resource.h:46) [69]  (0.000 ns)
	multiplexor before 'phi' operation 24 bit ('p_read1983_phi', firmware/nnet_utils/nnet_dense_resource.h:46) with incoming values : ('p_read_107', firmware/nnet_utils/nnet_dense_resource.h:46) [224]  (1.610 ns)
	'phi' operation 24 bit ('p_read1983_phi', firmware/nnet_utils/nnet_dense_resource.h:46) with incoming values : ('p_read_107', firmware/nnet_utils/nnet_dense_resource.h:46) [224]  (0.000 ns)
	'sparsemux' operation 24 bit ('a', firmware/nnet_utils/nnet_dense_resource.h:46) [273]  (3.136 ns)
	'mul' operation 38 bit ('mul_ln73', firmware/nnet_utils/nnet_mult.h:73->firmware/nnet_utils/nnet_dense_resource.h:59) [280]  (7.984 ns)

 <State 3>: 2.216ns
The critical path consists of the following:
	'phi' operation 18 bit ('conv_i2_i87', firmware/nnet_utils/nnet_dense_resource.h:58) with incoming values : ('add_ln58', firmware/nnet_utils/nnet_dense_resource.h:58) [133]  (0.000 ns)
	'add' operation 18 bit ('add_ln58', firmware/nnet_utils/nnet_dense_resource.h:58) [282]  (2.216 ns)
	'insertvalue' operation 32 bit ('mrv', firmware/nnet_utils/nnet_dense_resource.h:84) [295]  (0.000 ns)


============================================================
+ Verbose Summary: Binding
============================================================
N/A
* FSMD analyzer results:
  - Output states:
 - Input state : 
  - Chain level:
	State 1
	State 2
	State 3


============================================================
+ Verbose Summary: Datapath Resource usage 
============================================================
N/A
