C:\Mac\Home\Documents\PHYS476\FinalProject\Python\hls4ml_prj\myproject_prj\solution1\.autopilot\db\myproject.pp.0.cpp:26700:5: warning: Added loop label VITIS_LOOP_676_1:   [xilinx-label-all-loops]
    for (unsigned i = low; i != high+1; ++i) {
    ^~~
    VITIS_LOOP_676_1: 
C:\Mac\Home\Documents\PHYS476\FinalProject\Python\hls4ml_prj\myproject_prj\solution1\.autopilot\db\myproject.pp.0.cpp:26700:5: note: FIX-IT applied suggested code changes
C:\Mac\Home\Documents\PHYS476\FinalProject\Python\hls4ml_prj\myproject_prj\solution1\.autopilot\db\myproject.pp.0.cpp:26714:5: warning: Added loop label VITIS_LOOP_690_1:   [xilinx-label-all-loops]
    for (unsigned i = low; i != high+1; ++i) {
    ^~~
    VITIS_LOOP_690_1: 
C:\Mac\Home\Documents\PHYS476\FinalProject\Python\hls4ml_prj\myproject_prj\solution1\.autopilot\db\myproject.pp.0.cpp:26714:5: note: FIX-IT applied suggested code changes
C:\Mac\Home\Documents\PHYS476\FinalProject\Python\hls4ml_prj\myproject_prj\solution1\.autopilot\db\myproject.pp.0.cpp:26728:5: warning: Added loop label VITIS_LOOP_704_1:   [xilinx-label-all-loops]
    for (unsigned i = low; i != high+1; ++i) {
    ^~~
    VITIS_LOOP_704_1: 
C:\Mac\Home\Documents\PHYS476\FinalProject\Python\hls4ml_prj\myproject_prj\solution1\.autopilot\db\myproject.pp.0.cpp:26728:5: note: FIX-IT applied suggested code changes
C:\Mac\Home\Documents\PHYS476\FinalProject\Python\hls4ml_prj\myproject_prj\solution1\.autopilot\db\myproject.pp.0.cpp:28350:7: warning: Added loop label VITIS_LOOP_1248_1:   [xilinx-label-all-loops]
      for (i = 0; i < __N - 1; ++i) {
      ^~~
      VITIS_LOOP_1248_1: 
C:\Mac\Home\Documents\PHYS476\FinalProject\Python\hls4ml_prj\myproject_prj\solution1\.autopilot\db\myproject.pp.0.cpp:28350:7: note: FIX-IT applied suggested code changes
C:\Mac\Home\Documents\PHYS476\FinalProject\Python\hls4ml_prj\myproject_prj\solution1\.autopilot\db\myproject.pp.0.cpp:30371:9: warning: Added loop label VITIS_LOOP_27_1:   [xilinx-label-all-loops]
        for (unsigned i = 0; i < N; i++) {
        ^~~
        VITIS_LOOP_27_1: 
C:\Mac\Home\Documents\PHYS476\FinalProject\Python\hls4ml_prj\myproject_prj\solution1\.autopilot\db\myproject.pp.0.cpp:30371:9: note: FIX-IT applied suggested code changes
C:\Mac\Home\Documents\PHYS476\FinalProject\Python\hls4ml_prj\myproject_prj\solution1\.autopilot\db\myproject.pp.0.cpp:30384:9: warning: Added loop label VITIS_LOOP_40_1:   [xilinx-label-all-loops]
        for (size_t i = 0; i < N; i++) {
        ^~~
        VITIS_LOOP_40_1: 
C:\Mac\Home\Documents\PHYS476\FinalProject\Python\hls4ml_prj\myproject_prj\solution1\.autopilot\db\myproject.pp.0.cpp:30384:9: note: FIX-IT applied suggested code changes
C:\Mac\Home\Documents\PHYS476\FinalProject\Python\hls4ml_prj\myproject_prj\solution1\.autopilot\db\myproject.pp.0.cpp:51112:5: warning: Added loop label VITIS_LOOP_265_1:   [xilinx-label-all-loops]
    for (typename std::vector<src_T>::const_iterator i = in_begin; i != in_end; ++i) {
    ^~~
    VITIS_LOOP_265_1: 
C:\Mac\Home\Documents\PHYS476\FinalProject\Python\hls4ml_prj\myproject_prj\solution1\.autopilot\db\myproject.pp.0.cpp:51112:5: note: FIX-IT applied suggested code changes
C:\Mac\Home\Documents\PHYS476\FinalProject\Python\hls4ml_prj\myproject_prj\solution1\.autopilot\db\myproject.pp.0.cpp:51122:5: warning: Added loop label VITIS_LOOP_275_1:   [xilinx-label-all-loops]
    for (auto i = 0; i < SIZE; i++)
    ^~~
    VITIS_LOOP_275_1: 
C:\Mac\Home\Documents\PHYS476\FinalProject\Python\hls4ml_prj\myproject_prj\solution1\.autopilot\db\myproject.pp.0.cpp:51122:5: note: FIX-IT applied suggested code changes
C:\Mac\Home\Documents\PHYS476\FinalProject\Python\hls4ml_prj\myproject_prj\solution1\.autopilot\db\myproject.pp.0.cpp:51133:5: warning: Added loop label VITIS_LOOP_286_1:   [xilinx-label-all-loops]
    for (int i = 0; i < SIZE; i++) {
    ^~~
    VITIS_LOOP_286_1: 
C:\Mac\Home\Documents\PHYS476\FinalProject\Python\hls4ml_prj\myproject_prj\solution1\.autopilot\db\myproject.pp.0.cpp:51133:5: note: FIX-IT applied suggested code changes
C:\Mac\Home\Documents\PHYS476\FinalProject\Python\hls4ml_prj\myproject_prj\solution1\.autopilot\db\myproject.pp.0.cpp:51140:5: warning: Added loop label VITIS_LOOP_293_1:   [xilinx-label-all-loops]
    for (int i = 0; i < SIZE / res_T::size; i++) {
    ^~~
    VITIS_LOOP_293_1: 
C:\Mac\Home\Documents\PHYS476\FinalProject\Python\hls4ml_prj\myproject_prj\solution1\.autopilot\db\myproject.pp.0.cpp:51140:5: note: FIX-IT applied suggested code changes
C:\Mac\Home\Documents\PHYS476\FinalProject\Python\hls4ml_prj\myproject_prj\solution1\.autopilot\db\myproject.pp.0.cpp:51142:9: warning: Added loop label VITIS_LOOP_295_2:   [xilinx-label-all-loops]
        for (int j = 0; j < res_T::size; j++) {
        ^~~
        VITIS_LOOP_295_2: 
C:\Mac\Home\Documents\PHYS476\FinalProject\Python\hls4ml_prj\myproject_prj\solution1\.autopilot\db\myproject.pp.0.cpp:51142:9: note: FIX-IT applied suggested code changes
C:\Mac\Home\Documents\PHYS476\FinalProject\Python\hls4ml_prj\myproject_prj\solution1\.autopilot\db\myproject.pp.0.cpp:51154:5: warning: Added loop label VITIS_LOOP_307_1:   [xilinx-label-all-loops]
    for (int i = 0; i < SIZE / data_T::size; i++) {
    ^~~
    VITIS_LOOP_307_1: 
C:\Mac\Home\Documents\PHYS476\FinalProject\Python\hls4ml_prj\myproject_prj\solution1\.autopilot\db\myproject.pp.0.cpp:51154:5: note: FIX-IT applied suggested code changes
C:\Mac\Home\Documents\PHYS476\FinalProject\Python\hls4ml_prj\myproject_prj\solution1\.autopilot\db\myproject.pp.0.cpp:51156:9: warning: Added loop label VITIS_LOOP_309_2:   [xilinx-label-all-loops]
        for (int j = 0; j < data_T::size; j++) {
        ^~~
        VITIS_LOOP_309_2: 
C:\Mac\Home\Documents\PHYS476\FinalProject\Python\hls4ml_prj\myproject_prj\solution1\.autopilot\db\myproject.pp.0.cpp:51156:9: note: FIX-IT applied suggested code changes
C:\Mac\Home\Documents\PHYS476\FinalProject\Python\hls4ml_prj\myproject_prj\solution1\.autopilot\db\myproject.pp.0.cpp:51171:5: warning: Added loop label VITIS_LOOP_324_1:   [xilinx-label-all-loops]
    for (int ii = 0; ii < nrows; ii++) {
    ^~~
    VITIS_LOOP_324_1: 
C:\Mac\Home\Documents\PHYS476\FinalProject\Python\hls4ml_prj\myproject_prj\solution1\.autopilot\db\myproject.pp.0.cpp:51171:5: note: FIX-IT applied suggested code changes
C:\Mac\Home\Documents\PHYS476\FinalProject\Python\hls4ml_prj\myproject_prj\solution1\.autopilot\db\myproject.pp.0.cpp:51191:5: warning: Added loop label VITIS_LOOP_344_1:   [xilinx-label-all-loops]
    for (int ii = 0; ii < nrows; ii++) {
    ^~~
    VITIS_LOOP_344_1: 
C:\Mac\Home\Documents\PHYS476\FinalProject\Python\hls4ml_prj\myproject_prj\solution1\.autopilot\db\myproject.pp.0.cpp:51191:5: note: FIX-IT applied suggested code changes
C:\Mac\Home\Documents\PHYS476\FinalProject\Python\hls4ml_prj\myproject_prj\solution1\.autopilot\db\myproject.pp.0.cpp:51192:9: warning: Added loop label VITIS_LOOP_345_2:   [xilinx-label-all-loops]
        for (int jj = 0; jj < ncols; jj++) {
        ^~~
        VITIS_LOOP_345_2: 
C:\Mac\Home\Documents\PHYS476\FinalProject\Python\hls4ml_prj\myproject_prj\solution1\.autopilot\db\myproject.pp.0.cpp:51192:9: note: FIX-IT applied suggested code changes
C:\Mac\Home\Documents\PHYS476\FinalProject\Python\hls4ml_prj\myproject_prj\solution1\.autopilot\db\myproject.pp.0.cpp:51207:5: warning: Added loop label VITIS_LOOP_360_1:   [xilinx-label-all-loops]
    for (int ii = 0; ii < N_IN; ii++) {
    ^~~
    VITIS_LOOP_360_1: 
C:\Mac\Home\Documents\PHYS476\FinalProject\Python\hls4ml_prj\myproject_prj\solution1\.autopilot\db\myproject.pp.0.cpp:51207:5: note: FIX-IT applied suggested code changes
C:\Mac\Home\Documents\PHYS476\FinalProject\Python\hls4ml_prj\myproject_prj\solution1\.autopilot\db\myproject.pp.0.cpp:51214:5: warning: Added loop label VITIS_LOOP_367_1:   [xilinx-label-all-loops]
    for (int ii = 0; ii < N_IN; ii++) {
    ^~~
    VITIS_LOOP_367_1: 
C:\Mac\Home\Documents\PHYS476\FinalProject\Python\hls4ml_prj\myproject_prj\solution1\.autopilot\db\myproject.pp.0.cpp:51214:5: note: FIX-IT applied suggested code changes
C:\Mac\Home\Documents\PHYS476\FinalProject\Python\hls4ml_prj\myproject_prj\solution1\.autopilot\db\myproject.pp.0.cpp:51524:5: warning: Added loop label VITIS_LOOP_136_1:   [xilinx-label-all-loops]
    for (int ii = 0; ii < CONFIG_T::out_width / CONFIG_T::reuse_factor; ii++) {
    ^~~
    VITIS_LOOP_136_1: 
C:\Mac\Home\Documents\PHYS476\FinalProject\Python\hls4ml_prj\myproject_prj\solution1\.autopilot\db\myproject.pp.0.cpp:51524:5: note: FIX-IT applied suggested code changes
C:\Mac\Home\Documents\PHYS476\FinalProject\Python\hls4ml_prj\myproject_prj\solution1\.autopilot\db\myproject.pp.0.cpp:51525:9: warning: Added loop label VITIS_LOOP_137_2:   [xilinx-label-all-loops]
        for (int ff = 0; ff < CONFIG_T::n_filt; ff++) {
        ^~~
        VITIS_LOOP_137_2: 
C:\Mac\Home\Documents\PHYS476\FinalProject\Python\hls4ml_prj\myproject_prj\solution1\.autopilot\db\myproject.pp.0.cpp:51525:9: note: FIX-IT applied suggested code changes
C:\Mac\Home\Documents\PHYS476\FinalProject\Python\hls4ml_prj\myproject_prj\solution1\.autopilot\db\myproject.pp.0.cpp:51546:5: warning: Added loop label VITIS_LOOP_158_3:   [xilinx-label-all-loops]
    for (int ii = 0; ii < CONFIG_T::out_width / CONFIG_T::reuse_factor; ii++) {
    ^~~
    VITIS_LOOP_158_3: 
C:\Mac\Home\Documents\PHYS476\FinalProject\Python\hls4ml_prj\myproject_prj\solution1\.autopilot\db\myproject.pp.0.cpp:51546:5: note: FIX-IT applied suggested code changes
C:\Mac\Home\Documents\PHYS476\FinalProject\Python\hls4ml_prj\myproject_prj\solution1\.autopilot\db\myproject.pp.0.cpp:51547:9: warning: Added loop label VITIS_LOOP_159_4:   [xilinx-label-all-loops]
        for (int ff = 0; ff < CONFIG_T::n_filt; ff++) {
        ^~~
        VITIS_LOOP_159_4: 
C:\Mac\Home\Documents\PHYS476\FinalProject\Python\hls4ml_prj\myproject_prj\solution1\.autopilot\db\myproject.pp.0.cpp:51547:9: note: FIX-IT applied suggested code changes
C:\Mac\Home\Documents\PHYS476\FinalProject\Python\hls4ml_prj\myproject_prj\solution1\.autopilot\db\myproject.pp.0.cpp:51665:2: warning: Added loop label VITIS_LOOP_31_1:   [xilinx-label-all-loops]
 for (int ii = 0; ii < CONFIG_T::n_in; ii++) {
 ^~~
 VITIS_LOOP_31_1: 
C:\Mac\Home\Documents\PHYS476\FinalProject\Python\hls4ml_prj\myproject_prj\solution1\.autopilot\db\myproject.pp.0.cpp:51665:2: note: FIX-IT applied suggested code changes
C:\Mac\Home\Documents\PHYS476\FinalProject\Python\hls4ml_prj\myproject_prj\solution1\.autopilot\db\myproject.pp.0.cpp:51677:5: warning: Added loop label VITIS_LOOP_43_1:   [xilinx-label-all-loops]
    for (int ii = 0; ii < CONFIG_T::n_in; ii++) {
    ^~~
    VITIS_LOOP_43_1: 
C:\Mac\Home\Documents\PHYS476\FinalProject\Python\hls4ml_prj\myproject_prj\solution1\.autopilot\db\myproject.pp.0.cpp:51677:5: note: FIX-IT applied suggested code changes
C:\Mac\Home\Documents\PHYS476\FinalProject\Python\hls4ml_prj\myproject_prj\solution1\.autopilot\db\myproject.pp.0.cpp:51691:5: warning: Added loop label VITIS_LOOP_57_1:   [xilinx-label-all-loops]
    for (int ii = 0; ii < CONFIG_T::n_in; ii++) {
    ^~~
    VITIS_LOOP_57_1: 
C:\Mac\Home\Documents\PHYS476\FinalProject\Python\hls4ml_prj\myproject_prj\solution1\.autopilot\db\myproject.pp.0.cpp:51691:5: note: FIX-IT applied suggested code changes
C:\Mac\Home\Documents\PHYS476\FinalProject\Python\hls4ml_prj\myproject_prj\solution1\.autopilot\db\myproject.pp.0.cpp:51718:5: warning: Added loop label VITIS_LOOP_84_1:   [xilinx-label-all-loops]
    for (int ii = 0; ii < N_TABLE; ii++) {
    ^~~
    VITIS_LOOP_84_1: 
C:\Mac\Home\Documents\PHYS476\FinalProject\Python\hls4ml_prj\myproject_prj\solution1\.autopilot\db\myproject.pp.0.cpp:51718:5: note: FIX-IT applied suggested code changes
C:\Mac\Home\Documents\PHYS476\FinalProject\Python\hls4ml_prj\myproject_prj\solution1\.autopilot\db\myproject.pp.0.cpp:51748:5: warning: Added loop label VITIS_LOOP_114_1:   [xilinx-label-all-loops]
    for (int ii = 0; ii < CONFIG_T::n_in; ii++) {
    ^~~
    VITIS_LOOP_114_1: 
C:\Mac\Home\Documents\PHYS476\FinalProject\Python\hls4ml_prj\myproject_prj\solution1\.autopilot\db\myproject.pp.0.cpp:51748:5: note: FIX-IT applied suggested code changes
C:\Mac\Home\Documents\PHYS476\FinalProject\Python\hls4ml_prj\myproject_prj\solution1\.autopilot\db\myproject.pp.0.cpp:51785:5: warning: Added loop label VITIS_LOOP_151_1:   [xilinx-label-all-loops]
    for (unsigned i = 0; i < CONFIG_T::table_size; i++) {
    ^~~
    VITIS_LOOP_151_1: 
C:\Mac\Home\Documents\PHYS476\FinalProject\Python\hls4ml_prj\myproject_prj\solution1\.autopilot\db\myproject.pp.0.cpp:51785:5: note: FIX-IT applied suggested code changes
C:\Mac\Home\Documents\PHYS476\FinalProject\Python\hls4ml_prj\myproject_prj\solution1\.autopilot\db\myproject.pp.0.cpp:51796:5: warning: Added loop label VITIS_LOOP_162_1:   [xilinx-label-all-loops]
    for (unsigned i = 0; i < CONFIG_T::table_size; i++) {
    ^~~
    VITIS_LOOP_162_1: 
C:\Mac\Home\Documents\PHYS476\FinalProject\Python\hls4ml_prj\myproject_prj\solution1\.autopilot\db\myproject.pp.0.cpp:51796:5: note: FIX-IT applied suggested code changes
C:\Mac\Home\Documents\PHYS476\FinalProject\Python\hls4ml_prj\myproject_prj\solution1\.autopilot\db\myproject.pp.0.cpp:51829:5: warning: Added loop label VITIS_LOOP_195_1:   [xilinx-label-all-loops]
    for (unsigned i = 0; i < CONFIG_T::n_in; i++) {
    ^~~
    VITIS_LOOP_195_1: 
C:\Mac\Home\Documents\PHYS476\FinalProject\Python\hls4ml_prj\myproject_prj\solution1\.autopilot\db\myproject.pp.0.cpp:51829:5: note: FIX-IT applied suggested code changes
C:\Mac\Home\Documents\PHYS476\FinalProject\Python\hls4ml_prj\myproject_prj\solution1\.autopilot\db\myproject.pp.0.cpp:51843:5: warning: Added loop label VITIS_LOOP_209_2:   [xilinx-label-all-loops]
    for (unsigned i = 0; i < CONFIG_T::n_in; i++) {
    ^~~
    VITIS_LOOP_209_2: 
C:\Mac\Home\Documents\PHYS476\FinalProject\Python\hls4ml_prj\myproject_prj\solution1\.autopilot\db\myproject.pp.0.cpp:51843:5: note: FIX-IT applied suggested code changes
C:\Mac\Home\Documents\PHYS476\FinalProject\Python\hls4ml_prj\myproject_prj\solution1\.autopilot\db\myproject.pp.0.cpp:51877:5: warning: Added loop label VITIS_LOOP_243_1:   [xilinx-label-all-loops]
    for (unsigned i = 0; i < CONFIG_T::n_in; i++) {
    ^~~
    VITIS_LOOP_243_1: 
C:\Mac\Home\Documents\PHYS476\FinalProject\Python\hls4ml_prj\myproject_prj\solution1\.autopilot\db\myproject.pp.0.cpp:51877:5: note: FIX-IT applied suggested code changes
C:\Mac\Home\Documents\PHYS476\FinalProject\Python\hls4ml_prj\myproject_prj\solution1\.autopilot\db\myproject.pp.0.cpp:51886:5: warning: Added loop label VITIS_LOOP_252_2:   [xilinx-label-all-loops]
    for (unsigned i = 0; i < CONFIG_T::n_in; i++) {
    ^~~
    VITIS_LOOP_252_2: 
C:\Mac\Home\Documents\PHYS476\FinalProject\Python\hls4ml_prj\myproject_prj\solution1\.autopilot\db\myproject.pp.0.cpp:51886:5: note: FIX-IT applied suggested code changes
C:\Mac\Home\Documents\PHYS476\FinalProject\Python\hls4ml_prj\myproject_prj\solution1\.autopilot\db\myproject.pp.0.cpp:51900:5: warning: Added loop label VITIS_LOOP_266_3:   [xilinx-label-all-loops]
    for (unsigned i = 0; i < CONFIG_T::n_in; i++) {
    ^~~
    VITIS_LOOP_266_3: 
C:\Mac\Home\Documents\PHYS476\FinalProject\Python\hls4ml_prj\myproject_prj\solution1\.autopilot\db\myproject.pp.0.cpp:51900:5: note: FIX-IT applied suggested code changes
C:\Mac\Home\Documents\PHYS476\FinalProject\Python\hls4ml_prj\myproject_prj\solution1\.autopilot\db\myproject.pp.0.cpp:51907:5: warning: Added loop label VITIS_LOOP_273_1:   [xilinx-label-all-loops]
    for (int ii = 0; ii < N_TABLE; ii++) {
    ^~~
    VITIS_LOOP_273_1: 
C:\Mac\Home\Documents\PHYS476\FinalProject\Python\hls4ml_prj\myproject_prj\solution1\.autopilot\db\myproject.pp.0.cpp:51907:5: note: FIX-IT applied suggested code changes
C:\Mac\Home\Documents\PHYS476\FinalProject\Python\hls4ml_prj\myproject_prj\solution1\.autopilot\db\myproject.pp.0.cpp:51920:5: warning: Added loop label VITIS_LOOP_286_1:   [xilinx-label-all-loops]
    for (int ii = 0; ii < N_TABLE; ii++) {
    ^~~
    VITIS_LOOP_286_1: 
C:\Mac\Home\Documents\PHYS476\FinalProject\Python\hls4ml_prj\myproject_prj\solution1\.autopilot\db\myproject.pp.0.cpp:51920:5: note: FIX-IT applied suggested code changes
C:\Mac\Home\Documents\PHYS476\FinalProject\Python\hls4ml_prj\myproject_prj\solution1\.autopilot\db\myproject.pp.0.cpp:51957:5: warning: Added loop label VITIS_LOOP_323_1:   [xilinx-label-all-loops]
    for (int ii = 0; ii < CONFIG_T::n_in; ii++) {
    ^~~
    VITIS_LOOP_323_1: 
C:\Mac\Home\Documents\PHYS476\FinalProject\Python\hls4ml_prj\myproject_prj\solution1\.autopilot\db\myproject.pp.0.cpp:51957:5: note: FIX-IT applied suggested code changes
C:\Mac\Home\Documents\PHYS476\FinalProject\Python\hls4ml_prj\myproject_prj\solution1\.autopilot\db\myproject.pp.0.cpp:51962:5: warning: Added loop label VITIS_LOOP_328_2:   [xilinx-label-all-loops]
    for (int ii = 0; ii < CONFIG_T::n_in; ii++) {
    ^~~
    VITIS_LOOP_328_2: 
C:\Mac\Home\Documents\PHYS476\FinalProject\Python\hls4ml_prj\myproject_prj\solution1\.autopilot\db\myproject.pp.0.cpp:51962:5: note: FIX-IT applied suggested code changes
C:\Mac\Home\Documents\PHYS476\FinalProject\Python\hls4ml_prj\myproject_prj\solution1\.autopilot\db\myproject.pp.0.cpp:51963:9: warning: Added loop label VITIS_LOOP_329_3:   [xilinx-label-all-loops]
        for (int jj = 0; jj < CONFIG_T::n_in; jj++) {
        ^~~
        VITIS_LOOP_329_3: 
C:\Mac\Home\Documents\PHYS476\FinalProject\Python\hls4ml_prj\myproject_prj\solution1\.autopilot\db\myproject.pp.0.cpp:51963:9: note: FIX-IT applied suggested code changes
C:\Mac\Home\Documents\PHYS476\FinalProject\Python\hls4ml_prj\myproject_prj\solution1\.autopilot\db\myproject.pp.0.cpp:51980:5: warning: Added loop label VITIS_LOOP_346_4:   [xilinx-label-all-loops]
    for (int ii = 0; ii < CONFIG_T::n_in; ii++) {
    ^~~
    VITIS_LOOP_346_4: 
C:\Mac\Home\Documents\PHYS476\FinalProject\Python\hls4ml_prj\myproject_prj\solution1\.autopilot\db\myproject.pp.0.cpp:51980:5: note: FIX-IT applied suggested code changes
C:\Mac\Home\Documents\PHYS476\FinalProject\Python\hls4ml_prj\myproject_prj\solution1\.autopilot\db\myproject.pp.0.cpp:51993:5: warning: Added loop label VITIS_LOOP_359_1:   [xilinx-label-all-loops]
    for (int i = 0; i < CONFIG_T::n_in; i++) {
    ^~~
    VITIS_LOOP_359_1: 
C:\Mac\Home\Documents\PHYS476\FinalProject\Python\hls4ml_prj\myproject_prj\solution1\.autopilot\db\myproject.pp.0.cpp:51993:5: note: FIX-IT applied suggested code changes
C:\Mac\Home\Documents\PHYS476\FinalProject\Python\hls4ml_prj\myproject_prj\solution1\.autopilot\db\myproject.pp.0.cpp:52001:5: warning: Added loop label VITIS_LOOP_367_2:   [xilinx-label-all-loops]
    for (int i = 1; i < CONFIG_T::n_in; i++) {
    ^~~
    VITIS_LOOP_367_2: 
C:\Mac\Home\Documents\PHYS476\FinalProject\Python\hls4ml_prj\myproject_prj\solution1\.autopilot\db\myproject.pp.0.cpp:52001:5: note: FIX-IT applied suggested code changes
C:\Mac\Home\Documents\PHYS476\FinalProject\Python\hls4ml_prj\myproject_prj\solution1\.autopilot\db\myproject.pp.0.cpp:52036:5: warning: Added loop label VITIS_LOOP_402_1:   [xilinx-label-all-loops]
    for (int ii = 0; ii < N_TABLE; ii++) {
    ^~~
    VITIS_LOOP_402_1: 
C:\Mac\Home\Documents\PHYS476\FinalProject\Python\hls4ml_prj\myproject_prj\solution1\.autopilot\db\myproject.pp.0.cpp:52036:5: note: FIX-IT applied suggested code changes
C:\Mac\Home\Documents\PHYS476\FinalProject\Python\hls4ml_prj\myproject_prj\solution1\.autopilot\db\myproject.pp.0.cpp:52066:5: warning: Added loop label VITIS_LOOP_432_1:   [xilinx-label-all-loops]
    for (int ii = 0; ii < CONFIG_T::n_in; ii++) {
    ^~~
    VITIS_LOOP_432_1: 
C:\Mac\Home\Documents\PHYS476\FinalProject\Python\hls4ml_prj\myproject_prj\solution1\.autopilot\db\myproject.pp.0.cpp:52066:5: note: FIX-IT applied suggested code changes
C:\Mac\Home\Documents\PHYS476\FinalProject\Python\hls4ml_prj\myproject_prj\solution1\.autopilot\db\myproject.pp.0.cpp:52093:2: warning: Added loop label VITIS_LOOP_459_1:   [xilinx-label-all-loops]
 for (int ii = 0; ii < CONFIG_T::n_in; ii++) {
 ^~~
 VITIS_LOOP_459_1: 
C:\Mac\Home\Documents\PHYS476\FinalProject\Python\hls4ml_prj\myproject_prj\solution1\.autopilot\db\myproject.pp.0.cpp:52093:2: note: FIX-IT applied suggested code changes
C:\Mac\Home\Documents\PHYS476\FinalProject\Python\hls4ml_prj\myproject_prj\solution1\.autopilot\db\myproject.pp.0.cpp:52107:2: warning: Added loop label VITIS_LOOP_473_1:   [xilinx-label-all-loops]
 for (int ii = 0; ii < CONFIG_T::n_in; ii++) {
 ^~~
 VITIS_LOOP_473_1: 
C:\Mac\Home\Documents\PHYS476\FinalProject\Python\hls4ml_prj\myproject_prj\solution1\.autopilot\db\myproject.pp.0.cpp:52107:2: note: FIX-IT applied suggested code changes
C:\Mac\Home\Documents\PHYS476\FinalProject\Python\hls4ml_prj\myproject_prj\solution1\.autopilot\db\myproject.pp.0.cpp:52123:5: warning: Added loop label VITIS_LOOP_489_1:   [xilinx-label-all-loops]
    for (int ii = 0; ii < CONFIG_T::n_in; ii++) {
    ^~~
    VITIS_LOOP_489_1: 
C:\Mac\Home\Documents\PHYS476\FinalProject\Python\hls4ml_prj\myproject_prj\solution1\.autopilot\db\myproject.pp.0.cpp:52123:5: note: FIX-IT applied suggested code changes
C:\Mac\Home\Documents\PHYS476\FinalProject\Python\hls4ml_prj\myproject_prj\solution1\.autopilot\db\myproject.pp.0.cpp:52141:5: warning: Added loop label VITIS_LOOP_507_1:   [xilinx-label-all-loops]
    for (int ii = 0; ii < CONFIG_T::n_in; ii++) {
    ^~~
    VITIS_LOOP_507_1: 
C:\Mac\Home\Documents\PHYS476\FinalProject\Python\hls4ml_prj\myproject_prj\solution1\.autopilot\db\myproject.pp.0.cpp:52141:5: note: FIX-IT applied suggested code changes
C:\Mac\Home\Documents\PHYS476\FinalProject\Python\hls4ml_prj\myproject_prj\solution1\.autopilot\db\myproject.pp.0.cpp:52158:5: warning: Added loop label VITIS_LOOP_524_1:   [xilinx-label-all-loops]
    for (int ii = 0; ii < CONFIG_T::n_in; ii++) {
    ^~~
    VITIS_LOOP_524_1: 
C:\Mac\Home\Documents\PHYS476\FinalProject\Python\hls4ml_prj\myproject_prj\solution1\.autopilot\db\myproject.pp.0.cpp:52158:5: note: FIX-IT applied suggested code changes
C:\Mac\Home\Documents\PHYS476\FinalProject\Python\hls4ml_prj\myproject_prj\solution1\.autopilot\db\myproject.pp.0.cpp:52175:5: warning: Added loop label VITIS_LOOP_541_1:   [xilinx-label-all-loops]
    for (int ii = 0; ii < N_TABLE; ii++) {
    ^~~
    VITIS_LOOP_541_1: 
C:\Mac\Home\Documents\PHYS476\FinalProject\Python\hls4ml_prj\myproject_prj\solution1\.autopilot\db\myproject.pp.0.cpp:52175:5: note: FIX-IT applied suggested code changes
C:\Mac\Home\Documents\PHYS476\FinalProject\Python\hls4ml_prj\myproject_prj\solution1\.autopilot\db\myproject.pp.0.cpp:52205:5: warning: Added loop label VITIS_LOOP_571_1:   [xilinx-label-all-loops]
    for (int ii = 0; ii < CONFIG_T::n_in; ii++) {
    ^~~
    VITIS_LOOP_571_1: 
C:\Mac\Home\Documents\PHYS476\FinalProject\Python\hls4ml_prj\myproject_prj\solution1\.autopilot\db\myproject.pp.0.cpp:52205:5: note: FIX-IT applied suggested code changes
C:\Mac\Home\Documents\PHYS476\FinalProject\Python\hls4ml_prj\myproject_prj\solution1\.autopilot\db\myproject.pp.0.cpp:52224:5: warning: Added loop label VITIS_LOOP_590_1:   [xilinx-label-all-loops]
    for (int ii = 0; ii < N_TABLE; ii++) {
    ^~~
    VITIS_LOOP_590_1: 
C:\Mac\Home\Documents\PHYS476\FinalProject\Python\hls4ml_prj\myproject_prj\solution1\.autopilot\db\myproject.pp.0.cpp:52224:5: note: FIX-IT applied suggested code changes
C:\Mac\Home\Documents\PHYS476\FinalProject\Python\hls4ml_prj\myproject_prj\solution1\.autopilot\db\myproject.pp.0.cpp:52254:5: warning: Added loop label VITIS_LOOP_620_1:   [xilinx-label-all-loops]
    for (int ii = 0; ii < CONFIG_T::n_in; ii++) {
    ^~~
    VITIS_LOOP_620_1: 
C:\Mac\Home\Documents\PHYS476\FinalProject\Python\hls4ml_prj\myproject_prj\solution1\.autopilot\db\myproject.pp.0.cpp:52254:5: note: FIX-IT applied suggested code changes
C:\Mac\Home\Documents\PHYS476\FinalProject\Python\hls4ml_prj\myproject_prj\solution1\.autopilot\db\myproject.pp.0.cpp:52273:5: warning: Added loop label VITIS_LOOP_639_1:   [xilinx-label-all-loops]
    for (int ii = 0; ii < N_TABLE; ii++) {
    ^~~
    VITIS_LOOP_639_1: 
C:\Mac\Home\Documents\PHYS476\FinalProject\Python\hls4ml_prj\myproject_prj\solution1\.autopilot\db\myproject.pp.0.cpp:52273:5: note: FIX-IT applied suggested code changes
C:\Mac\Home\Documents\PHYS476\FinalProject\Python\hls4ml_prj\myproject_prj\solution1\.autopilot\db\myproject.pp.0.cpp:52303:5: warning: Added loop label VITIS_LOOP_669_1:   [xilinx-label-all-loops]
    for (int ii = 0; ii < CONFIG_T::n_in; ii++) {
    ^~~
    VITIS_LOOP_669_1: 
C:\Mac\Home\Documents\PHYS476\FinalProject\Python\hls4ml_prj\myproject_prj\solution1\.autopilot\db\myproject.pp.0.cpp:52303:5: note: FIX-IT applied suggested code changes
C:\Mac\Home\Documents\PHYS476\FinalProject\Python\hls4ml_prj\myproject_prj\solution1\.autopilot\db\myproject.pp.0.cpp:52330:5: warning: Added loop label VITIS_LOOP_696_1:   [xilinx-label-all-loops]
    for (int ii = 0; ii < N_TABLE; ii++) {
    ^~~
    VITIS_LOOP_696_1: 
C:\Mac\Home\Documents\PHYS476\FinalProject\Python\hls4ml_prj\myproject_prj\solution1\.autopilot\db\myproject.pp.0.cpp:52330:5: note: FIX-IT applied suggested code changes
C:\Mac\Home\Documents\PHYS476\FinalProject\Python\hls4ml_prj\myproject_prj\solution1\.autopilot\db\myproject.pp.0.cpp:52359:5: warning: Added loop label VITIS_LOOP_725_1:   [xilinx-label-all-loops]
    for (int ii = 0; ii < CONFIG_T::n_in; ii++) {
    ^~~
    VITIS_LOOP_725_1: 
C:\Mac\Home\Documents\PHYS476\FinalProject\Python\hls4ml_prj\myproject_prj\solution1\.autopilot\db\myproject.pp.0.cpp:52359:5: note: FIX-IT applied suggested code changes
C:\Mac\Home\Documents\PHYS476\FinalProject\Python\hls4ml_prj\myproject_prj\solution1\.autopilot\db\myproject.pp.0.cpp:52380:5: warning: Added loop label VITIS_LOOP_746_1:   [xilinx-label-all-loops]
    for (int ii = 0; ii < CONFIG_T::n_in; ii++) {
    ^~~
    VITIS_LOOP_746_1: 
C:\Mac\Home\Documents\PHYS476\FinalProject\Python\hls4ml_prj\myproject_prj\solution1\.autopilot\db\myproject.pp.0.cpp:52380:5: note: FIX-IT applied suggested code changes
C:\Mac\Home\Documents\PHYS476\FinalProject\Python\hls4ml_prj\myproject_prj\solution1\.autopilot\db\myproject.pp.0.cpp:52398:5: warning: Added loop label VITIS_LOOP_764_1:   [xilinx-label-all-loops]
    for (int ii = 0; ii < CONFIG_T::n_in; ii++) {
    ^~~
    VITIS_LOOP_764_1: 
C:\Mac\Home\Documents\PHYS476\FinalProject\Python\hls4ml_prj\myproject_prj\solution1\.autopilot\db\myproject.pp.0.cpp:52398:5: note: FIX-IT applied suggested code changes
C:\Mac\Home\Documents\PHYS476\FinalProject\Python\hls4ml_prj\myproject_prj\solution1\.autopilot\db\myproject.pp.0.cpp:52418:5: warning: Added loop label VITIS_LOOP_784_1:   [xilinx-label-all-loops]
    for (int ii = 0; ii < CONFIG_T::n_in; ii++) {
    ^~~
    VITIS_LOOP_784_1: 
C:\Mac\Home\Documents\PHYS476\FinalProject\Python\hls4ml_prj\myproject_prj\solution1\.autopilot\db\myproject.pp.0.cpp:52418:5: note: FIX-IT applied suggested code changes
C:\Mac\Home\Documents\PHYS476\FinalProject\Python\hls4ml_prj\myproject_prj\solution1\.autopilot\db\myproject.pp.0.cpp:52514:9: warning: Added loop label VITIS_LOOP_73_1:   [xilinx-label-all-loops]
        for (int i = 0; i < N / data_T::size; i++) {
        ^~~
        VITIS_LOOP_73_1: 
C:\Mac\Home\Documents\PHYS476\FinalProject\Python\hls4ml_prj\myproject_prj\solution1\.autopilot\db\myproject.pp.0.cpp:52514:9: note: FIX-IT applied suggested code changes
C:\Mac\Home\Documents\PHYS476\FinalProject\Python\hls4ml_prj\myproject_prj\solution1\.autopilot\db\myproject.pp.0.cpp:52521:13: warning: Added loop label VITIS_LOOP_80_2:   [xilinx-label-all-loops]
            for (int j = 0; j < data_T::size; j++) {
            ^~~
            VITIS_LOOP_80_2: 
C:\Mac\Home\Documents\PHYS476\FinalProject\Python\hls4ml_prj\myproject_prj\solution1\.autopilot\db\myproject.pp.0.cpp:52521:13: note: FIX-IT applied suggested code changes
C:\Mac\Home\Documents\PHYS476\FinalProject\Python\hls4ml_prj\myproject_prj\solution1\.autopilot\db\myproject.pp.0.cpp:52530:9: warning: Added loop label VITIS_LOOP_89_3:   [xilinx-label-all-loops]
        for (int i = 0; i < N / data_T::size; i++) {
        ^~~
        VITIS_LOOP_89_3: 
C:\Mac\Home\Documents\PHYS476\FinalProject\Python\hls4ml_prj\myproject_prj\solution1\.autopilot\db\myproject.pp.0.cpp:52530:9: note: FIX-IT applied suggested code changes
C:\Mac\Home\Documents\PHYS476\FinalProject\Python\hls4ml_prj\myproject_prj\solution1\.autopilot\db\myproject.pp.0.cpp:52539:13: warning: Added loop label VITIS_LOOP_98_4:   [xilinx-label-all-loops]
            for (int j = 0; j < pack_diff; j++) {
            ^~~
            VITIS_LOOP_98_4: 
C:\Mac\Home\Documents\PHYS476\FinalProject\Python\hls4ml_prj\myproject_prj\solution1\.autopilot\db\myproject.pp.0.cpp:52539:13: note: FIX-IT applied suggested code changes
C:\Mac\Home\Documents\PHYS476\FinalProject\Python\hls4ml_prj\myproject_prj\solution1\.autopilot\db\myproject.pp.0.cpp:52543:17: warning: Added loop label VITIS_LOOP_102_5:   [xilinx-label-all-loops]
                for (int k = 0; k < res_T::size; k++) {
                ^~~
                VITIS_LOOP_102_5: 
C:\Mac\Home\Documents\PHYS476\FinalProject\Python\hls4ml_prj\myproject_prj\solution1\.autopilot\db\myproject.pp.0.cpp:52543:17: note: FIX-IT applied suggested code changes
C:\Mac\Home\Documents\PHYS476\FinalProject\Python\hls4ml_prj\myproject_prj\solution1\.autopilot\db\myproject.pp.0.cpp:52554:9: warning: Added loop label VITIS_LOOP_113_6:   [xilinx-label-all-loops]
        for (int i = 0; i < N / data_T::size; i++) {
        ^~~
        VITIS_LOOP_113_6: 
C:\Mac\Home\Documents\PHYS476\FinalProject\Python\hls4ml_prj\myproject_prj\solution1\.autopilot\db\myproject.pp.0.cpp:52554:9: note: FIX-IT applied suggested code changes
C:\Mac\Home\Documents\PHYS476\FinalProject\Python\hls4ml_prj\myproject_prj\solution1\.autopilot\db\myproject.pp.0.cpp:52558:13: warning: Added loop label VITIS_LOOP_117_7:   [xilinx-label-all-loops]
            for (int j = 0; j < data_T::size; j++) {
            ^~~
            VITIS_LOOP_117_7: 
C:\Mac\Home\Documents\PHYS476\FinalProject\Python\hls4ml_prj\myproject_prj\solution1\.autopilot\db\myproject.pp.0.cpp:52558:13: note: FIX-IT applied suggested code changes
C:\Mac\Home\Documents\PHYS476\FinalProject\Python\hls4ml_prj\myproject_prj\solution1\.autopilot\db\myproject.pp.0.cpp:52582:9: warning: Added loop label VITIS_LOOP_141_1:   [xilinx-label-all-loops]
        for (int j = 0; j < n_dupl; j++) {
        ^~~
        VITIS_LOOP_141_1: 
C:\Mac\Home\Documents\PHYS476\FinalProject\Python\hls4ml_prj\myproject_prj\solution1\.autopilot\db\myproject.pp.0.cpp:52582:9: note: FIX-IT applied suggested code changes
C:\Mac\Home\Documents\PHYS476\FinalProject\Python\hls4ml_prj\myproject_prj\solution1\.autopilot\db\myproject.pp.0.cpp:52586:13: warning: Added loop label VITIS_LOOP_145_2:   [xilinx-label-all-loops]
            for (int k = 0; k < res_T::size; k++) {
            ^~~
            VITIS_LOOP_145_2: 
C:\Mac\Home\Documents\PHYS476\FinalProject\Python\hls4ml_prj\myproject_prj\solution1\.autopilot\db\myproject.pp.0.cpp:52586:13: note: FIX-IT applied suggested code changes
C:\Mac\Home\Documents\PHYS476\FinalProject\Python\hls4ml_prj\myproject_prj\solution1\.autopilot\db\myproject.pp.0.cpp:52605:9: warning: Added loop label VITIS_LOOP_164_1:   [xilinx-label-all-loops]
        for (int k = 0; k < res_T::size; k++) {
        ^~~
        VITIS_LOOP_164_1: 
C:\Mac\Home\Documents\PHYS476\FinalProject\Python\hls4ml_prj\myproject_prj\solution1\.autopilot\db\myproject.pp.0.cpp:52605:9: note: FIX-IT applied suggested code changes
C:\Mac\Home\Documents\PHYS476\FinalProject\Python\hls4ml_prj\myproject_prj\solution1\.autopilot\db\myproject.pp.0.cpp:52831:9: warning: Added loop label VITIS_LOOP_213_1:   [xilinx-label-all-loops]
        for (unsigned j = 0; j < data_T::size; j++) {
        ^~~
        VITIS_LOOP_213_1: 
C:\Mac\Home\Documents\PHYS476\FinalProject\Python\hls4ml_prj\myproject_prj\solution1\.autopilot\db\myproject.pp.0.cpp:52831:9: note: FIX-IT applied suggested code changes
C:\Mac\Home\Documents\PHYS476\FinalProject\Python\hls4ml_prj\myproject_prj\solution1\.autopilot\db\myproject.pp.0.cpp:52840:9: warning: Added loop label VITIS_LOOP_222_2:   [xilinx-label-all-loops]
        for (unsigned j = 0; j < data_T::size; j++) {
        ^~~
        VITIS_LOOP_222_2: 
C:\Mac\Home\Documents\PHYS476\FinalProject\Python\hls4ml_prj\myproject_prj\solution1\.autopilot\db\myproject.pp.0.cpp:52840:9: note: FIX-IT applied suggested code changes
C:\Mac\Home\Documents\PHYS476\FinalProject\Python\hls4ml_prj\myproject_prj\solution1\.autopilot\db\myproject.pp.0.cpp:52946:5: warning: Added loop label VITIS_LOOP_328_1:   [xilinx-label-all-loops]
    for (int i = 0; i < CONFIG_T::n_in / res_T::size; i++) {
    ^~~
    VITIS_LOOP_328_1: 
C:\Mac\Home\Documents\PHYS476\FinalProject\Python\hls4ml_prj\myproject_prj\solution1\.autopilot\db\myproject.pp.0.cpp:52946:5: note: FIX-IT applied suggested code changes
C:\Mac\Home\Documents\PHYS476\FinalProject\Python\hls4ml_prj\myproject_prj\solution1\.autopilot\db\myproject.pp.0.cpp:52951:9: warning: Added loop label VITIS_LOOP_333_2:   [xilinx-label-all-loops]
        for (int i = 0; i < res_T::size; i++) {
        ^~~
        VITIS_LOOP_333_2: 
C:\Mac\Home\Documents\PHYS476\FinalProject\Python\hls4ml_prj\myproject_prj\solution1\.autopilot\db\myproject.pp.0.cpp:52951:9: note: FIX-IT applied suggested code changes
C:\Mac\Home\Documents\PHYS476\FinalProject\Python\hls4ml_prj\myproject_prj\solution1\.autopilot\db\myproject.pp.0.cpp:52959:9: warning: Added loop label VITIS_LOOP_341_3:   [xilinx-label-all-loops]
        for (int i = 1; i < res_T::size; i++) {
        ^~~
        VITIS_LOOP_341_3: 
C:\Mac\Home\Documents\PHYS476\FinalProject\Python\hls4ml_prj\myproject_prj\solution1\.autopilot\db\myproject.pp.0.cpp:52959:9: note: FIX-IT applied suggested code changes
C:\Mac\Home\Documents\PHYS476\FinalProject\Python\hls4ml_prj\myproject_prj\solution1\.autopilot\db\myproject.pp.0.cpp:53537:9: error: Resource with core_name: ROM_nP_BRAM pragma is ignored, because this core doesn't exist at all  [clang-diagnostic-error]
#pragma HLS RESOURCE variable=weights core=ROM_nP_BRAM
        ^
C:\Mac\Home\Documents\PHYS476\FinalProject\Python\hls4ml_prj\myproject_prj\solution1\.autopilot\db\myproject.pp.0.cpp:53611:9: error: Resource with core_name: ROM_nP_BRAM pragma is ignored, because this core doesn't exist at all  [clang-diagnostic-error]
#pragma HLS RESOURCE variable=weights core=ROM_nP_BRAM
        ^
C:\Mac\Home\Documents\PHYS476\FinalProject\Python\hls4ml_prj\myproject_prj\solution1\.autopilot\db\myproject.pp.0.cpp:53693:9: error: Resource with core_name: ROM_nP_BRAM pragma is ignored, because this core doesn't exist at all  [clang-diagnostic-error]
#pragma HLS RESOURCE variable=weights core=ROM_nP_BRAM
        ^
C:\Mac\Home\Documents\PHYS476\FinalProject\Python\hls4ml_prj\myproject_prj\solution1\.autopilot\db\myproject.pp.0.cpp:53866:5: warning: Added loop label VITIS_LOOP_14_1:   [xilinx-label-all-loops]
    for (unsigned k = 0; k < CONFIG_T::n_out; k++) {
    ^~~
    VITIS_LOOP_14_1: 
C:\Mac\Home\Documents\PHYS476\FinalProject\Python\hls4ml_prj\myproject_prj\solution1\.autopilot\db\myproject.pp.0.cpp:53866:5: note: FIX-IT applied suggested code changes
C:\Mac\Home\Documents\PHYS476\FinalProject\Python\hls4ml_prj\myproject_prj\solution1\.autopilot\db\myproject.pp.0.cpp:53926:9: warning: Added loop label VITIS_LOOP_74_1:   [xilinx-label-all-loops]
        for (int im = 0; im < CONFIG_T::n_out; im++) {
        ^~~
        VITIS_LOOP_74_1: 
C:\Mac\Home\Documents\PHYS476\FinalProject\Python\hls4ml_prj\myproject_prj\solution1\.autopilot\db\myproject.pp.0.cpp:53926:9: note: FIX-IT applied suggested code changes
