C:\Mac\Home\Documents\PHYS476\FinalProject\Python\hls4ml_prj\myproject_prj\solution1\.autopilot\db\myproject.pp.0.cpp:26700:5: warning: Added loop label VITIS_LOOP_676_1:   [xilinx-label-all-loops]
    for (unsigned i = low; i != high+1; ++i) {
    ^~~
    VITIS_LOOP_676_1: 
C:\Mac\Home\Documents\PHYS476\FinalProject\Python\hls4ml_prj\myproject_prj\solution1\.autopilot\db\myproject.pp.0.cpp:26700:5: note: FIX-IT applied suggested code changes
C:\Mac\Home\Documents\PHYS476\FinalProject\Python\hls4ml_prj\myproject_prj\solution1\.autopilot\db\myproject.pp.0.cpp:26714:5: warning: Added loop label VITIS_LOOP_690_1:   [xilinx-label-all-loops]
    for (unsigned i = low; i != high+1; ++i) {
    ^~~
    VITIS_LOOP_690_1: 
C:\Mac\Home\Documents\PHYS476\FinalProject\Python\hls4ml_prj\myproject_prj\solution1\.autopilot\db\myproject.pp.0.cpp:26714:5: note: FIX-IT applied suggested code changes
C:\Mac\Home\Documents\PHYS476\FinalProject\Python\hls4ml_prj\myproject_prj\solution1\.autopilot\db\myproject.pp.0.cpp:26728:5: warning: Added loop label VITIS_LOOP_704_1:   [xilinx-label-all-loops]
    for (unsigned i = low; i != high+1; ++i) {
    ^~~
    VITIS_LOOP_704_1: 
C:\Mac\Home\Documents\PHYS476\FinalProject\Python\hls4ml_prj\myproject_prj\solution1\.autopilot\db\myproject.pp.0.cpp:26728:5: note: FIX-IT applied suggested code changes
C:\Mac\Home\Documents\PHYS476\FinalProject\Python\hls4ml_prj\myproject_prj\solution1\.autopilot\db\myproject.pp.0.cpp:28350:7: warning: Added loop label VITIS_LOOP_1248_1:   [xilinx-label-all-loops]
      for (i = 0; i < __N - 1; ++i) {
      ^~~
      VITIS_LOOP_1248_1: 
C:\Mac\Home\Documents\PHYS476\FinalProject\Python\hls4ml_prj\myproject_prj\solution1\.autopilot\db\myproject.pp.0.cpp:28350:7: note: FIX-IT applied suggested code changes
C:\Mac\Home\Documents\PHYS476\FinalProject\Python\hls4ml_prj\myproject_prj\solution1\.autopilot\db\myproject.pp.0.cpp:30371:9: warning: Added loop label VITIS_LOOP_27_1:   [xilinx-label-all-loops]
        for (unsigned i = 0; i < N; i++) {
        ^~~
        VITIS_LOOP_27_1: 
C:\Mac\Home\Documents\PHYS476\FinalProject\Python\hls4ml_prj\myproject_prj\solution1\.autopilot\db\myproject.pp.0.cpp:30371:9: note: FIX-IT applied suggested code changes
C:\Mac\Home\Documents\PHYS476\FinalProject\Python\hls4ml_prj\myproject_prj\solution1\.autopilot\db\myproject.pp.0.cpp:30384:9: warning: Added loop label VITIS_LOOP_40_1:   [xilinx-label-all-loops]
        for (size_t i = 0; i < N; i++) {
        ^~~
        VITIS_LOOP_40_1: 
C:\Mac\Home\Documents\PHYS476\FinalProject\Python\hls4ml_prj\myproject_prj\solution1\.autopilot\db\myproject.pp.0.cpp:30384:9: note: FIX-IT applied suggested code changes
C:\Mac\Home\Documents\PHYS476\FinalProject\Python\hls4ml_prj\myproject_prj\solution1\.autopilot\db\myproject.pp.0.cpp:51121:5: warning: Added loop label VITIS_LOOP_265_1:   [xilinx-label-all-loops]
    for (typename std::vector<src_T>::const_iterator i = in_begin; i != in_end; ++i) {
    ^~~
    VITIS_LOOP_265_1: 
C:\Mac\Home\Documents\PHYS476\FinalProject\Python\hls4ml_prj\myproject_prj\solution1\.autopilot\db\myproject.pp.0.cpp:51121:5: note: FIX-IT applied suggested code changes
C:\Mac\Home\Documents\PHYS476\FinalProject\Python\hls4ml_prj\myproject_prj\solution1\.autopilot\db\myproject.pp.0.cpp:51131:5: warning: Added loop label VITIS_LOOP_275_1:   [xilinx-label-all-loops]
    for (auto i = 0; i < SIZE; i++)
    ^~~
    VITIS_LOOP_275_1: 
C:\Mac\Home\Documents\PHYS476\FinalProject\Python\hls4ml_prj\myproject_prj\solution1\.autopilot\db\myproject.pp.0.cpp:51131:5: note: FIX-IT applied suggested code changes
C:\Mac\Home\Documents\PHYS476\FinalProject\Python\hls4ml_prj\myproject_prj\solution1\.autopilot\db\myproject.pp.0.cpp:51142:5: warning: Added loop label VITIS_LOOP_286_1:   [xilinx-label-all-loops]
    for (int i = 0; i < SIZE; i++) {
    ^~~
    VITIS_LOOP_286_1: 
C:\Mac\Home\Documents\PHYS476\FinalProject\Python\hls4ml_prj\myproject_prj\solution1\.autopilot\db\myproject.pp.0.cpp:51142:5: note: FIX-IT applied suggested code changes
C:\Mac\Home\Documents\PHYS476\FinalProject\Python\hls4ml_prj\myproject_prj\solution1\.autopilot\db\myproject.pp.0.cpp:51149:5: warning: Added loop label VITIS_LOOP_293_1:   [xilinx-label-all-loops]
    for (int i = 0; i < SIZE / res_T::size; i++) {
    ^~~
    VITIS_LOOP_293_1: 
C:\Mac\Home\Documents\PHYS476\FinalProject\Python\hls4ml_prj\myproject_prj\solution1\.autopilot\db\myproject.pp.0.cpp:51149:5: note: FIX-IT applied suggested code changes
C:\Mac\Home\Documents\PHYS476\FinalProject\Python\hls4ml_prj\myproject_prj\solution1\.autopilot\db\myproject.pp.0.cpp:51151:9: warning: Added loop label VITIS_LOOP_295_2:   [xilinx-label-all-loops]
        for (int j = 0; j < res_T::size; j++) {
        ^~~
        VITIS_LOOP_295_2: 
C:\Mac\Home\Documents\PHYS476\FinalProject\Python\hls4ml_prj\myproject_prj\solution1\.autopilot\db\myproject.pp.0.cpp:51151:9: note: FIX-IT applied suggested code changes
C:\Mac\Home\Documents\PHYS476\FinalProject\Python\hls4ml_prj\myproject_prj\solution1\.autopilot\db\myproject.pp.0.cpp:51163:5: warning: Added loop label VITIS_LOOP_307_1:   [xilinx-label-all-loops]
    for (int i = 0; i < SIZE / data_T::size; i++) {
    ^~~
    VITIS_LOOP_307_1: 
C:\Mac\Home\Documents\PHYS476\FinalProject\Python\hls4ml_prj\myproject_prj\solution1\.autopilot\db\myproject.pp.0.cpp:51163:5: note: FIX-IT applied suggested code changes
C:\Mac\Home\Documents\PHYS476\FinalProject\Python\hls4ml_prj\myproject_prj\solution1\.autopilot\db\myproject.pp.0.cpp:51165:9: warning: Added loop label VITIS_LOOP_309_2:   [xilinx-label-all-loops]
        for (int j = 0; j < data_T::size; j++) {
        ^~~
        VITIS_LOOP_309_2: 
C:\Mac\Home\Documents\PHYS476\FinalProject\Python\hls4ml_prj\myproject_prj\solution1\.autopilot\db\myproject.pp.0.cpp:51165:9: note: FIX-IT applied suggested code changes
C:\Mac\Home\Documents\PHYS476\FinalProject\Python\hls4ml_prj\myproject_prj\solution1\.autopilot\db\myproject.pp.0.cpp:51180:5: warning: Added loop label VITIS_LOOP_324_1:   [xilinx-label-all-loops]
    for (int ii = 0; ii < nrows; ii++) {
    ^~~
    VITIS_LOOP_324_1: 
C:\Mac\Home\Documents\PHYS476\FinalProject\Python\hls4ml_prj\myproject_prj\solution1\.autopilot\db\myproject.pp.0.cpp:51180:5: note: FIX-IT applied suggested code changes
C:\Mac\Home\Documents\PHYS476\FinalProject\Python\hls4ml_prj\myproject_prj\solution1\.autopilot\db\myproject.pp.0.cpp:51200:5: warning: Added loop label VITIS_LOOP_344_1:   [xilinx-label-all-loops]
    for (int ii = 0; ii < nrows; ii++) {
    ^~~
    VITIS_LOOP_344_1: 
C:\Mac\Home\Documents\PHYS476\FinalProject\Python\hls4ml_prj\myproject_prj\solution1\.autopilot\db\myproject.pp.0.cpp:51200:5: note: FIX-IT applied suggested code changes
C:\Mac\Home\Documents\PHYS476\FinalProject\Python\hls4ml_prj\myproject_prj\solution1\.autopilot\db\myproject.pp.0.cpp:51201:9: warning: Added loop label VITIS_LOOP_345_2:   [xilinx-label-all-loops]
        for (int jj = 0; jj < ncols; jj++) {
        ^~~
        VITIS_LOOP_345_2: 
C:\Mac\Home\Documents\PHYS476\FinalProject\Python\hls4ml_prj\myproject_prj\solution1\.autopilot\db\myproject.pp.0.cpp:51201:9: note: FIX-IT applied suggested code changes
C:\Mac\Home\Documents\PHYS476\FinalProject\Python\hls4ml_prj\myproject_prj\solution1\.autopilot\db\myproject.pp.0.cpp:51216:5: warning: Added loop label VITIS_LOOP_360_1:   [xilinx-label-all-loops]
    for (int ii = 0; ii < N_IN; ii++) {
    ^~~
    VITIS_LOOP_360_1: 
C:\Mac\Home\Documents\PHYS476\FinalProject\Python\hls4ml_prj\myproject_prj\solution1\.autopilot\db\myproject.pp.0.cpp:51216:5: note: FIX-IT applied suggested code changes
C:\Mac\Home\Documents\PHYS476\FinalProject\Python\hls4ml_prj\myproject_prj\solution1\.autopilot\db\myproject.pp.0.cpp:51223:5: warning: Added loop label VITIS_LOOP_367_1:   [xilinx-label-all-loops]
    for (int ii = 0; ii < N_IN; ii++) {
    ^~~
    VITIS_LOOP_367_1: 
C:\Mac\Home\Documents\PHYS476\FinalProject\Python\hls4ml_prj\myproject_prj\solution1\.autopilot\db\myproject.pp.0.cpp:51223:5: note: FIX-IT applied suggested code changes
C:\Mac\Home\Documents\PHYS476\FinalProject\Python\hls4ml_prj\myproject_prj\solution1\.autopilot\db\myproject.pp.0.cpp:51533:5: warning: Added loop label VITIS_LOOP_136_1:   [xilinx-label-all-loops]
    for (int ii = 0; ii < CONFIG_T::out_width / CONFIG_T::reuse_factor; ii++) {
    ^~~
    VITIS_LOOP_136_1: 
C:\Mac\Home\Documents\PHYS476\FinalProject\Python\hls4ml_prj\myproject_prj\solution1\.autopilot\db\myproject.pp.0.cpp:51533:5: note: FIX-IT applied suggested code changes
C:\Mac\Home\Documents\PHYS476\FinalProject\Python\hls4ml_prj\myproject_prj\solution1\.autopilot\db\myproject.pp.0.cpp:51534:9: warning: Added loop label VITIS_LOOP_137_2:   [xilinx-label-all-loops]
        for (int ff = 0; ff < CONFIG_T::n_filt; ff++) {
        ^~~
        VITIS_LOOP_137_2: 
C:\Mac\Home\Documents\PHYS476\FinalProject\Python\hls4ml_prj\myproject_prj\solution1\.autopilot\db\myproject.pp.0.cpp:51534:9: note: FIX-IT applied suggested code changes
C:\Mac\Home\Documents\PHYS476\FinalProject\Python\hls4ml_prj\myproject_prj\solution1\.autopilot\db\myproject.pp.0.cpp:51555:5: warning: Added loop label VITIS_LOOP_158_3:   [xilinx-label-all-loops]
    for (int ii = 0; ii < CONFIG_T::out_width / CONFIG_T::reuse_factor; ii++) {
    ^~~
    VITIS_LOOP_158_3: 
C:\Mac\Home\Documents\PHYS476\FinalProject\Python\hls4ml_prj\myproject_prj\solution1\.autopilot\db\myproject.pp.0.cpp:51555:5: note: FIX-IT applied suggested code changes
C:\Mac\Home\Documents\PHYS476\FinalProject\Python\hls4ml_prj\myproject_prj\solution1\.autopilot\db\myproject.pp.0.cpp:51556:9: warning: Added loop label VITIS_LOOP_159_4:   [xilinx-label-all-loops]
        for (int ff = 0; ff < CONFIG_T::n_filt; ff++) {
        ^~~
        VITIS_LOOP_159_4: 
C:\Mac\Home\Documents\PHYS476\FinalProject\Python\hls4ml_prj\myproject_prj\solution1\.autopilot\db\myproject.pp.0.cpp:51556:9: note: FIX-IT applied suggested code changes
C:\Mac\Home\Documents\PHYS476\FinalProject\Python\hls4ml_prj\myproject_prj\solution1\.autopilot\db\myproject.pp.0.cpp:51674:2: warning: Added loop label VITIS_LOOP_31_1:   [xilinx-label-all-loops]
 for (int ii = 0; ii < CONFIG_T::n_in; ii++) {
 ^~~
 VITIS_LOOP_31_1: 
C:\Mac\Home\Documents\PHYS476\FinalProject\Python\hls4ml_prj\myproject_prj\solution1\.autopilot\db\myproject.pp.0.cpp:51674:2: note: FIX-IT applied suggested code changes
C:\Mac\Home\Documents\PHYS476\FinalProject\Python\hls4ml_prj\myproject_prj\solution1\.autopilot\db\myproject.pp.0.cpp:51686:5: warning: Added loop label VITIS_LOOP_43_1:   [xilinx-label-all-loops]
    for (int ii = 0; ii < CONFIG_T::n_in; ii++) {
    ^~~
    VITIS_LOOP_43_1: 
C:\Mac\Home\Documents\PHYS476\FinalProject\Python\hls4ml_prj\myproject_prj\solution1\.autopilot\db\myproject.pp.0.cpp:51686:5: note: FIX-IT applied suggested code changes
C:\Mac\Home\Documents\PHYS476\FinalProject\Python\hls4ml_prj\myproject_prj\solution1\.autopilot\db\myproject.pp.0.cpp:51700:5: warning: Added loop label VITIS_LOOP_57_1:   [xilinx-label-all-loops]
    for (int ii = 0; ii < CONFIG_T::n_in; ii++) {
    ^~~
    VITIS_LOOP_57_1: 
C:\Mac\Home\Documents\PHYS476\FinalProject\Python\hls4ml_prj\myproject_prj\solution1\.autopilot\db\myproject.pp.0.cpp:51700:5: note: FIX-IT applied suggested code changes
C:\Mac\Home\Documents\PHYS476\FinalProject\Python\hls4ml_prj\myproject_prj\solution1\.autopilot\db\myproject.pp.0.cpp:51727:5: warning: Added loop label VITIS_LOOP_84_1:   [xilinx-label-all-loops]
    for (int ii = 0; ii < N_TABLE; ii++) {
    ^~~
    VITIS_LOOP_84_1: 
C:\Mac\Home\Documents\PHYS476\FinalProject\Python\hls4ml_prj\myproject_prj\solution1\.autopilot\db\myproject.pp.0.cpp:51727:5: note: FIX-IT applied suggested code changes
C:\Mac\Home\Documents\PHYS476\FinalProject\Python\hls4ml_prj\myproject_prj\solution1\.autopilot\db\myproject.pp.0.cpp:51757:5: warning: Added loop label VITIS_LOOP_114_1:   [xilinx-label-all-loops]
    for (int ii = 0; ii < CONFIG_T::n_in; ii++) {
    ^~~
    VITIS_LOOP_114_1: 
C:\Mac\Home\Documents\PHYS476\FinalProject\Python\hls4ml_prj\myproject_prj\solution1\.autopilot\db\myproject.pp.0.cpp:51757:5: note: FIX-IT applied suggested code changes
C:\Mac\Home\Documents\PHYS476\FinalProject\Python\hls4ml_prj\myproject_prj\solution1\.autopilot\db\myproject.pp.0.cpp:51794:5: warning: Added loop label VITIS_LOOP_151_1:   [xilinx-label-all-loops]
    for (unsigned i = 0; i < CONFIG_T::table_size; i++) {
    ^~~
    VITIS_LOOP_151_1: 
C:\Mac\Home\Documents\PHYS476\FinalProject\Python\hls4ml_prj\myproject_prj\solution1\.autopilot\db\myproject.pp.0.cpp:51794:5: note: FIX-IT applied suggested code changes
C:\Mac\Home\Documents\PHYS476\FinalProject\Python\hls4ml_prj\myproject_prj\solution1\.autopilot\db\myproject.pp.0.cpp:51805:5: warning: Added loop label VITIS_LOOP_162_1:   [xilinx-label-all-loops]
    for (unsigned i = 0; i < CONFIG_T::table_size; i++) {
    ^~~
    VITIS_LOOP_162_1: 
C:\Mac\Home\Documents\PHYS476\FinalProject\Python\hls4ml_prj\myproject_prj\solution1\.autopilot\db\myproject.pp.0.cpp:51805:5: note: FIX-IT applied suggested code changes
C:\Mac\Home\Documents\PHYS476\FinalProject\Python\hls4ml_prj\myproject_prj\solution1\.autopilot\db\myproject.pp.0.cpp:51838:5: warning: Added loop label VITIS_LOOP_195_1:   [xilinx-label-all-loops]
    for (unsigned i = 0; i < CONFIG_T::n_in; i++) {
    ^~~
    VITIS_LOOP_195_1: 
C:\Mac\Home\Documents\PHYS476\FinalProject\Python\hls4ml_prj\myproject_prj\solution1\.autopilot\db\myproject.pp.0.cpp:51838:5: note: FIX-IT applied suggested code changes
C:\Mac\Home\Documents\PHYS476\FinalProject\Python\hls4ml_prj\myproject_prj\solution1\.autopilot\db\myproject.pp.0.cpp:51852:5: warning: Added loop label VITIS_LOOP_209_2:   [xilinx-label-all-loops]
    for (unsigned i = 0; i < CONFIG_T::n_in; i++) {
    ^~~
    VITIS_LOOP_209_2: 
C:\Mac\Home\Documents\PHYS476\FinalProject\Python\hls4ml_prj\myproject_prj\solution1\.autopilot\db\myproject.pp.0.cpp:51852:5: note: FIX-IT applied suggested code changes
C:\Mac\Home\Documents\PHYS476\FinalProject\Python\hls4ml_prj\myproject_prj\solution1\.autopilot\db\myproject.pp.0.cpp:51886:5: warning: Added loop label VITIS_LOOP_243_1:   [xilinx-label-all-loops]
    for (unsigned i = 0; i < CONFIG_T::n_in; i++) {
    ^~~
    VITIS_LOOP_243_1: 
C:\Mac\Home\Documents\PHYS476\FinalProject\Python\hls4ml_prj\myproject_prj\solution1\.autopilot\db\myproject.pp.0.cpp:51886:5: note: FIX-IT applied suggested code changes
C:\Mac\Home\Documents\PHYS476\FinalProject\Python\hls4ml_prj\myproject_prj\solution1\.autopilot\db\myproject.pp.0.cpp:51895:5: warning: Added loop label VITIS_LOOP_252_2:   [xilinx-label-all-loops]
    for (unsigned i = 0; i < CONFIG_T::n_in; i++) {
    ^~~
    VITIS_LOOP_252_2: 
C:\Mac\Home\Documents\PHYS476\FinalProject\Python\hls4ml_prj\myproject_prj\solution1\.autopilot\db\myproject.pp.0.cpp:51895:5: note: FIX-IT applied suggested code changes
C:\Mac\Home\Documents\PHYS476\FinalProject\Python\hls4ml_prj\myproject_prj\solution1\.autopilot\db\myproject.pp.0.cpp:51909:5: warning: Added loop label VITIS_LOOP_266_3:   [xilinx-label-all-loops]
    for (unsigned i = 0; i < CONFIG_T::n_in; i++) {
    ^~~
    VITIS_LOOP_266_3: 
C:\Mac\Home\Documents\PHYS476\FinalProject\Python\hls4ml_prj\myproject_prj\solution1\.autopilot\db\myproject.pp.0.cpp:51909:5: note: FIX-IT applied suggested code changes
C:\Mac\Home\Documents\PHYS476\FinalProject\Python\hls4ml_prj\myproject_prj\solution1\.autopilot\db\myproject.pp.0.cpp:51916:5: warning: Added loop label VITIS_LOOP_273_1:   [xilinx-label-all-loops]
    for (int ii = 0; ii < N_TABLE; ii++) {
    ^~~
    VITIS_LOOP_273_1: 
C:\Mac\Home\Documents\PHYS476\FinalProject\Python\hls4ml_prj\myproject_prj\solution1\.autopilot\db\myproject.pp.0.cpp:51916:5: note: FIX-IT applied suggested code changes
C:\Mac\Home\Documents\PHYS476\FinalProject\Python\hls4ml_prj\myproject_prj\solution1\.autopilot\db\myproject.pp.0.cpp:51929:5: warning: Added loop label VITIS_LOOP_286_1:   [xilinx-label-all-loops]
    for (int ii = 0; ii < N_TABLE; ii++) {
    ^~~
    VITIS_LOOP_286_1: 
C:\Mac\Home\Documents\PHYS476\FinalProject\Python\hls4ml_prj\myproject_prj\solution1\.autopilot\db\myproject.pp.0.cpp:51929:5: note: FIX-IT applied suggested code changes
C:\Mac\Home\Documents\PHYS476\FinalProject\Python\hls4ml_prj\myproject_prj\solution1\.autopilot\db\myproject.pp.0.cpp:51966:5: warning: Added loop label VITIS_LOOP_323_1:   [xilinx-label-all-loops]
    for (int ii = 0; ii < CONFIG_T::n_in; ii++) {
    ^~~
    VITIS_LOOP_323_1: 
C:\Mac\Home\Documents\PHYS476\FinalProject\Python\hls4ml_prj\myproject_prj\solution1\.autopilot\db\myproject.pp.0.cpp:51966:5: note: FIX-IT applied suggested code changes
C:\Mac\Home\Documents\PHYS476\FinalProject\Python\hls4ml_prj\myproject_prj\solution1\.autopilot\db\myproject.pp.0.cpp:51971:5: warning: Added loop label VITIS_LOOP_328_2:   [xilinx-label-all-loops]
    for (int ii = 0; ii < CONFIG_T::n_in; ii++) {
    ^~~
    VITIS_LOOP_328_2: 
C:\Mac\Home\Documents\PHYS476\FinalProject\Python\hls4ml_prj\myproject_prj\solution1\.autopilot\db\myproject.pp.0.cpp:51971:5: note: FIX-IT applied suggested code changes
C:\Mac\Home\Documents\PHYS476\FinalProject\Python\hls4ml_prj\myproject_prj\solution1\.autopilot\db\myproject.pp.0.cpp:51972:9: warning: Added loop label VITIS_LOOP_329_3:   [xilinx-label-all-loops]
        for (int jj = 0; jj < CONFIG_T::n_in; jj++) {
        ^~~
        VITIS_LOOP_329_3: 
C:\Mac\Home\Documents\PHYS476\FinalProject\Python\hls4ml_prj\myproject_prj\solution1\.autopilot\db\myproject.pp.0.cpp:51972:9: note: FIX-IT applied suggested code changes
C:\Mac\Home\Documents\PHYS476\FinalProject\Python\hls4ml_prj\myproject_prj\solution1\.autopilot\db\myproject.pp.0.cpp:51989:5: warning: Added loop label VITIS_LOOP_346_4:   [xilinx-label-all-loops]
    for (int ii = 0; ii < CONFIG_T::n_in; ii++) {
    ^~~
    VITIS_LOOP_346_4: 
C:\Mac\Home\Documents\PHYS476\FinalProject\Python\hls4ml_prj\myproject_prj\solution1\.autopilot\db\myproject.pp.0.cpp:51989:5: note: FIX-IT applied suggested code changes
C:\Mac\Home\Documents\PHYS476\FinalProject\Python\hls4ml_prj\myproject_prj\solution1\.autopilot\db\myproject.pp.0.cpp:52002:5: warning: Added loop label VITIS_LOOP_359_1:   [xilinx-label-all-loops]
    for (int i = 0; i < CONFIG_T::n_in; i++) {
    ^~~
    VITIS_LOOP_359_1: 
C:\Mac\Home\Documents\PHYS476\FinalProject\Python\hls4ml_prj\myproject_prj\solution1\.autopilot\db\myproject.pp.0.cpp:52002:5: note: FIX-IT applied suggested code changes
C:\Mac\Home\Documents\PHYS476\FinalProject\Python\hls4ml_prj\myproject_prj\solution1\.autopilot\db\myproject.pp.0.cpp:52010:5: warning: Added loop label VITIS_LOOP_367_2:   [xilinx-label-all-loops]
    for (int i = 1; i < CONFIG_T::n_in; i++) {
    ^~~
    VITIS_LOOP_367_2: 
C:\Mac\Home\Documents\PHYS476\FinalProject\Python\hls4ml_prj\myproject_prj\solution1\.autopilot\db\myproject.pp.0.cpp:52010:5: note: FIX-IT applied suggested code changes
C:\Mac\Home\Documents\PHYS476\FinalProject\Python\hls4ml_prj\myproject_prj\solution1\.autopilot\db\myproject.pp.0.cpp:52045:5: warning: Added loop label VITIS_LOOP_402_1:   [xilinx-label-all-loops]
    for (int ii = 0; ii < N_TABLE; ii++) {
    ^~~
    VITIS_LOOP_402_1: 
C:\Mac\Home\Documents\PHYS476\FinalProject\Python\hls4ml_prj\myproject_prj\solution1\.autopilot\db\myproject.pp.0.cpp:52045:5: note: FIX-IT applied suggested code changes
C:\Mac\Home\Documents\PHYS476\FinalProject\Python\hls4ml_prj\myproject_prj\solution1\.autopilot\db\myproject.pp.0.cpp:52075:5: warning: Added loop label VITIS_LOOP_432_1:   [xilinx-label-all-loops]
    for (int ii = 0; ii < CONFIG_T::n_in; ii++) {
    ^~~
    VITIS_LOOP_432_1: 
C:\Mac\Home\Documents\PHYS476\FinalProject\Python\hls4ml_prj\myproject_prj\solution1\.autopilot\db\myproject.pp.0.cpp:52075:5: note: FIX-IT applied suggested code changes
C:\Mac\Home\Documents\PHYS476\FinalProject\Python\hls4ml_prj\myproject_prj\solution1\.autopilot\db\myproject.pp.0.cpp:52102:2: warning: Added loop label VITIS_LOOP_459_1:   [xilinx-label-all-loops]
 for (int ii = 0; ii < CONFIG_T::n_in; ii++) {
 ^~~
 VITIS_LOOP_459_1: 
C:\Mac\Home\Documents\PHYS476\FinalProject\Python\hls4ml_prj\myproject_prj\solution1\.autopilot\db\myproject.pp.0.cpp:52102:2: note: FIX-IT applied suggested code changes
C:\Mac\Home\Documents\PHYS476\FinalProject\Python\hls4ml_prj\myproject_prj\solution1\.autopilot\db\myproject.pp.0.cpp:52116:2: warning: Added loop label VITIS_LOOP_473_1:   [xilinx-label-all-loops]
 for (int ii = 0; ii < CONFIG_T::n_in; ii++) {
 ^~~
 VITIS_LOOP_473_1: 
C:\Mac\Home\Documents\PHYS476\FinalProject\Python\hls4ml_prj\myproject_prj\solution1\.autopilot\db\myproject.pp.0.cpp:52116:2: note: FIX-IT applied suggested code changes
C:\Mac\Home\Documents\PHYS476\FinalProject\Python\hls4ml_prj\myproject_prj\solution1\.autopilot\db\myproject.pp.0.cpp:52132:5: warning: Added loop label VITIS_LOOP_489_1:   [xilinx-label-all-loops]
    for (int ii = 0; ii < CONFIG_T::n_in; ii++) {
    ^~~
    VITIS_LOOP_489_1: 
C:\Mac\Home\Documents\PHYS476\FinalProject\Python\hls4ml_prj\myproject_prj\solution1\.autopilot\db\myproject.pp.0.cpp:52132:5: note: FIX-IT applied suggested code changes
C:\Mac\Home\Documents\PHYS476\FinalProject\Python\hls4ml_prj\myproject_prj\solution1\.autopilot\db\myproject.pp.0.cpp:52150:5: warning: Added loop label VITIS_LOOP_507_1:   [xilinx-label-all-loops]
    for (int ii = 0; ii < CONFIG_T::n_in; ii++) {
    ^~~
    VITIS_LOOP_507_1: 
C:\Mac\Home\Documents\PHYS476\FinalProject\Python\hls4ml_prj\myproject_prj\solution1\.autopilot\db\myproject.pp.0.cpp:52150:5: note: FIX-IT applied suggested code changes
C:\Mac\Home\Documents\PHYS476\FinalProject\Python\hls4ml_prj\myproject_prj\solution1\.autopilot\db\myproject.pp.0.cpp:52167:5: warning: Added loop label VITIS_LOOP_524_1:   [xilinx-label-all-loops]
    for (int ii = 0; ii < CONFIG_T::n_in; ii++) {
    ^~~
    VITIS_LOOP_524_1: 
C:\Mac\Home\Documents\PHYS476\FinalProject\Python\hls4ml_prj\myproject_prj\solution1\.autopilot\db\myproject.pp.0.cpp:52167:5: note: FIX-IT applied suggested code changes
C:\Mac\Home\Documents\PHYS476\FinalProject\Python\hls4ml_prj\myproject_prj\solution1\.autopilot\db\myproject.pp.0.cpp:52184:5: warning: Added loop label VITIS_LOOP_541_1:   [xilinx-label-all-loops]
    for (int ii = 0; ii < N_TABLE; ii++) {
    ^~~
    VITIS_LOOP_541_1: 
C:\Mac\Home\Documents\PHYS476\FinalProject\Python\hls4ml_prj\myproject_prj\solution1\.autopilot\db\myproject.pp.0.cpp:52184:5: note: FIX-IT applied suggested code changes
C:\Mac\Home\Documents\PHYS476\FinalProject\Python\hls4ml_prj\myproject_prj\solution1\.autopilot\db\myproject.pp.0.cpp:52214:5: warning: Added loop label VITIS_LOOP_571_1:   [xilinx-label-all-loops]
    for (int ii = 0; ii < CONFIG_T::n_in; ii++) {
    ^~~
    VITIS_LOOP_571_1: 
C:\Mac\Home\Documents\PHYS476\FinalProject\Python\hls4ml_prj\myproject_prj\solution1\.autopilot\db\myproject.pp.0.cpp:52214:5: note: FIX-IT applied suggested code changes
C:\Mac\Home\Documents\PHYS476\FinalProject\Python\hls4ml_prj\myproject_prj\solution1\.autopilot\db\myproject.pp.0.cpp:52233:5: warning: Added loop label VITIS_LOOP_590_1:   [xilinx-label-all-loops]
    for (int ii = 0; ii < N_TABLE; ii++) {
    ^~~
    VITIS_LOOP_590_1: 
C:\Mac\Home\Documents\PHYS476\FinalProject\Python\hls4ml_prj\myproject_prj\solution1\.autopilot\db\myproject.pp.0.cpp:52233:5: note: FIX-IT applied suggested code changes
C:\Mac\Home\Documents\PHYS476\FinalProject\Python\hls4ml_prj\myproject_prj\solution1\.autopilot\db\myproject.pp.0.cpp:52263:5: warning: Added loop label VITIS_LOOP_620_1:   [xilinx-label-all-loops]
    for (int ii = 0; ii < CONFIG_T::n_in; ii++) {
    ^~~
    VITIS_LOOP_620_1: 
C:\Mac\Home\Documents\PHYS476\FinalProject\Python\hls4ml_prj\myproject_prj\solution1\.autopilot\db\myproject.pp.0.cpp:52263:5: note: FIX-IT applied suggested code changes
C:\Mac\Home\Documents\PHYS476\FinalProject\Python\hls4ml_prj\myproject_prj\solution1\.autopilot\db\myproject.pp.0.cpp:52282:5: warning: Added loop label VITIS_LOOP_639_1:   [xilinx-label-all-loops]
    for (int ii = 0; ii < N_TABLE; ii++) {
    ^~~
    VITIS_LOOP_639_1: 
C:\Mac\Home\Documents\PHYS476\FinalProject\Python\hls4ml_prj\myproject_prj\solution1\.autopilot\db\myproject.pp.0.cpp:52282:5: note: FIX-IT applied suggested code changes
C:\Mac\Home\Documents\PHYS476\FinalProject\Python\hls4ml_prj\myproject_prj\solution1\.autopilot\db\myproject.pp.0.cpp:52312:5: warning: Added loop label VITIS_LOOP_669_1:   [xilinx-label-all-loops]
    for (int ii = 0; ii < CONFIG_T::n_in; ii++) {
    ^~~
    VITIS_LOOP_669_1: 
C:\Mac\Home\Documents\PHYS476\FinalProject\Python\hls4ml_prj\myproject_prj\solution1\.autopilot\db\myproject.pp.0.cpp:52312:5: note: FIX-IT applied suggested code changes
C:\Mac\Home\Documents\PHYS476\FinalProject\Python\hls4ml_prj\myproject_prj\solution1\.autopilot\db\myproject.pp.0.cpp:52339:5: warning: Added loop label VITIS_LOOP_696_1:   [xilinx-label-all-loops]
    for (int ii = 0; ii < N_TABLE; ii++) {
    ^~~
    VITIS_LOOP_696_1: 
C:\Mac\Home\Documents\PHYS476\FinalProject\Python\hls4ml_prj\myproject_prj\solution1\.autopilot\db\myproject.pp.0.cpp:52339:5: note: FIX-IT applied suggested code changes
C:\Mac\Home\Documents\PHYS476\FinalProject\Python\hls4ml_prj\myproject_prj\solution1\.autopilot\db\myproject.pp.0.cpp:52368:5: warning: Added loop label VITIS_LOOP_725_1:   [xilinx-label-all-loops]
    for (int ii = 0; ii < CONFIG_T::n_in; ii++) {
    ^~~
    VITIS_LOOP_725_1: 
C:\Mac\Home\Documents\PHYS476\FinalProject\Python\hls4ml_prj\myproject_prj\solution1\.autopilot\db\myproject.pp.0.cpp:52368:5: note: FIX-IT applied suggested code changes
C:\Mac\Home\Documents\PHYS476\FinalProject\Python\hls4ml_prj\myproject_prj\solution1\.autopilot\db\myproject.pp.0.cpp:52389:5: warning: Added loop label VITIS_LOOP_746_1:   [xilinx-label-all-loops]
    for (int ii = 0; ii < CONFIG_T::n_in; ii++) {
    ^~~
    VITIS_LOOP_746_1: 
C:\Mac\Home\Documents\PHYS476\FinalProject\Python\hls4ml_prj\myproject_prj\solution1\.autopilot\db\myproject.pp.0.cpp:52389:5: note: FIX-IT applied suggested code changes
C:\Mac\Home\Documents\PHYS476\FinalProject\Python\hls4ml_prj\myproject_prj\solution1\.autopilot\db\myproject.pp.0.cpp:52407:5: warning: Added loop label VITIS_LOOP_764_1:   [xilinx-label-all-loops]
    for (int ii = 0; ii < CONFIG_T::n_in; ii++) {
    ^~~
    VITIS_LOOP_764_1: 
C:\Mac\Home\Documents\PHYS476\FinalProject\Python\hls4ml_prj\myproject_prj\solution1\.autopilot\db\myproject.pp.0.cpp:52407:5: note: FIX-IT applied suggested code changes
C:\Mac\Home\Documents\PHYS476\FinalProject\Python\hls4ml_prj\myproject_prj\solution1\.autopilot\db\myproject.pp.0.cpp:52427:5: warning: Added loop label VITIS_LOOP_784_1:   [xilinx-label-all-loops]
    for (int ii = 0; ii < CONFIG_T::n_in; ii++) {
    ^~~
    VITIS_LOOP_784_1: 
C:\Mac\Home\Documents\PHYS476\FinalProject\Python\hls4ml_prj\myproject_prj\solution1\.autopilot\db\myproject.pp.0.cpp:52427:5: note: FIX-IT applied suggested code changes
C:\Mac\Home\Documents\PHYS476\FinalProject\Python\hls4ml_prj\myproject_prj\solution1\.autopilot\db\myproject.pp.0.cpp:52523:9: warning: Added loop label VITIS_LOOP_73_1:   [xilinx-label-all-loops]
        for (int i = 0; i < N / data_T::size; i++) {
        ^~~
        VITIS_LOOP_73_1: 
C:\Mac\Home\Documents\PHYS476\FinalProject\Python\hls4ml_prj\myproject_prj\solution1\.autopilot\db\myproject.pp.0.cpp:52523:9: note: FIX-IT applied suggested code changes
C:\Mac\Home\Documents\PHYS476\FinalProject\Python\hls4ml_prj\myproject_prj\solution1\.autopilot\db\myproject.pp.0.cpp:52530:13: warning: Added loop label VITIS_LOOP_80_2:   [xilinx-label-all-loops]
            for (int j = 0; j < data_T::size; j++) {
            ^~~
            VITIS_LOOP_80_2: 
C:\Mac\Home\Documents\PHYS476\FinalProject\Python\hls4ml_prj\myproject_prj\solution1\.autopilot\db\myproject.pp.0.cpp:52530:13: note: FIX-IT applied suggested code changes
C:\Mac\Home\Documents\PHYS476\FinalProject\Python\hls4ml_prj\myproject_prj\solution1\.autopilot\db\myproject.pp.0.cpp:52539:9: warning: Added loop label VITIS_LOOP_89_3:   [xilinx-label-all-loops]
        for (int i = 0; i < N / data_T::size; i++) {
        ^~~
        VITIS_LOOP_89_3: 
C:\Mac\Home\Documents\PHYS476\FinalProject\Python\hls4ml_prj\myproject_prj\solution1\.autopilot\db\myproject.pp.0.cpp:52539:9: note: FIX-IT applied suggested code changes
C:\Mac\Home\Documents\PHYS476\FinalProject\Python\hls4ml_prj\myproject_prj\solution1\.autopilot\db\myproject.pp.0.cpp:52548:13: warning: Added loop label VITIS_LOOP_98_4:   [xilinx-label-all-loops]
            for (int j = 0; j < pack_diff; j++) {
            ^~~
            VITIS_LOOP_98_4: 
C:\Mac\Home\Documents\PHYS476\FinalProject\Python\hls4ml_prj\myproject_prj\solution1\.autopilot\db\myproject.pp.0.cpp:52548:13: note: FIX-IT applied suggested code changes
C:\Mac\Home\Documents\PHYS476\FinalProject\Python\hls4ml_prj\myproject_prj\solution1\.autopilot\db\myproject.pp.0.cpp:52552:17: warning: Added loop label VITIS_LOOP_102_5:   [xilinx-label-all-loops]
                for (int k = 0; k < res_T::size; k++) {
                ^~~
                VITIS_LOOP_102_5: 
C:\Mac\Home\Documents\PHYS476\FinalProject\Python\hls4ml_prj\myproject_prj\solution1\.autopilot\db\myproject.pp.0.cpp:52552:17: note: FIX-IT applied suggested code changes
C:\Mac\Home\Documents\PHYS476\FinalProject\Python\hls4ml_prj\myproject_prj\solution1\.autopilot\db\myproject.pp.0.cpp:52563:9: warning: Added loop label VITIS_LOOP_113_6:   [xilinx-label-all-loops]
        for (int i = 0; i < N / data_T::size; i++) {
        ^~~
        VITIS_LOOP_113_6: 
C:\Mac\Home\Documents\PHYS476\FinalProject\Python\hls4ml_prj\myproject_prj\solution1\.autopilot\db\myproject.pp.0.cpp:52563:9: note: FIX-IT applied suggested code changes
C:\Mac\Home\Documents\PHYS476\FinalProject\Python\hls4ml_prj\myproject_prj\solution1\.autopilot\db\myproject.pp.0.cpp:52567:13: warning: Added loop label VITIS_LOOP_117_7:   [xilinx-label-all-loops]
            for (int j = 0; j < data_T::size; j++) {
            ^~~
            VITIS_LOOP_117_7: 
C:\Mac\Home\Documents\PHYS476\FinalProject\Python\hls4ml_prj\myproject_prj\solution1\.autopilot\db\myproject.pp.0.cpp:52567:13: note: FIX-IT applied suggested code changes
C:\Mac\Home\Documents\PHYS476\FinalProject\Python\hls4ml_prj\myproject_prj\solution1\.autopilot\db\myproject.pp.0.cpp:52591:9: warning: Added loop label VITIS_LOOP_141_1:   [xilinx-label-all-loops]
        for (int j = 0; j < n_dupl; j++) {
        ^~~
        VITIS_LOOP_141_1: 
C:\Mac\Home\Documents\PHYS476\FinalProject\Python\hls4ml_prj\myproject_prj\solution1\.autopilot\db\myproject.pp.0.cpp:52591:9: note: FIX-IT applied suggested code changes
C:\Mac\Home\Documents\PHYS476\FinalProject\Python\hls4ml_prj\myproject_prj\solution1\.autopilot\db\myproject.pp.0.cpp:52595:13: warning: Added loop label VITIS_LOOP_145_2:   [xilinx-label-all-loops]
            for (int k = 0; k < res_T::size; k++) {
            ^~~
            VITIS_LOOP_145_2: 
C:\Mac\Home\Documents\PHYS476\FinalProject\Python\hls4ml_prj\myproject_prj\solution1\.autopilot\db\myproject.pp.0.cpp:52595:13: note: FIX-IT applied suggested code changes
C:\Mac\Home\Documents\PHYS476\FinalProject\Python\hls4ml_prj\myproject_prj\solution1\.autopilot\db\myproject.pp.0.cpp:52614:9: warning: Added loop label VITIS_LOOP_164_1:   [xilinx-label-all-loops]
        for (int k = 0; k < res_T::size; k++) {
        ^~~
        VITIS_LOOP_164_1: 
C:\Mac\Home\Documents\PHYS476\FinalProject\Python\hls4ml_prj\myproject_prj\solution1\.autopilot\db\myproject.pp.0.cpp:52614:9: note: FIX-IT applied suggested code changes
C:\Mac\Home\Documents\PHYS476\FinalProject\Python\hls4ml_prj\myproject_prj\solution1\.autopilot\db\myproject.pp.0.cpp:52840:9: warning: Added loop label VITIS_LOOP_213_1:   [xilinx-label-all-loops]
        for (unsigned j = 0; j < data_T::size; j++) {
        ^~~
        VITIS_LOOP_213_1: 
C:\Mac\Home\Documents\PHYS476\FinalProject\Python\hls4ml_prj\myproject_prj\solution1\.autopilot\db\myproject.pp.0.cpp:52840:9: note: FIX-IT applied suggested code changes
C:\Mac\Home\Documents\PHYS476\FinalProject\Python\hls4ml_prj\myproject_prj\solution1\.autopilot\db\myproject.pp.0.cpp:52849:9: warning: Added loop label VITIS_LOOP_222_2:   [xilinx-label-all-loops]
        for (unsigned j = 0; j < data_T::size; j++) {
        ^~~
        VITIS_LOOP_222_2: 
C:\Mac\Home\Documents\PHYS476\FinalProject\Python\hls4ml_prj\myproject_prj\solution1\.autopilot\db\myproject.pp.0.cpp:52849:9: note: FIX-IT applied suggested code changes
C:\Mac\Home\Documents\PHYS476\FinalProject\Python\hls4ml_prj\myproject_prj\solution1\.autopilot\db\myproject.pp.0.cpp:52955:5: warning: Added loop label VITIS_LOOP_328_1:   [xilinx-label-all-loops]
    for (int i = 0; i < CONFIG_T::n_in / res_T::size; i++) {
    ^~~
    VITIS_LOOP_328_1: 
C:\Mac\Home\Documents\PHYS476\FinalProject\Python\hls4ml_prj\myproject_prj\solution1\.autopilot\db\myproject.pp.0.cpp:52955:5: note: FIX-IT applied suggested code changes
C:\Mac\Home\Documents\PHYS476\FinalProject\Python\hls4ml_prj\myproject_prj\solution1\.autopilot\db\myproject.pp.0.cpp:52960:9: warning: Added loop label VITIS_LOOP_333_2:   [xilinx-label-all-loops]
        for (int i = 0; i < res_T::size; i++) {
        ^~~
        VITIS_LOOP_333_2: 
C:\Mac\Home\Documents\PHYS476\FinalProject\Python\hls4ml_prj\myproject_prj\solution1\.autopilot\db\myproject.pp.0.cpp:52960:9: note: FIX-IT applied suggested code changes
C:\Mac\Home\Documents\PHYS476\FinalProject\Python\hls4ml_prj\myproject_prj\solution1\.autopilot\db\myproject.pp.0.cpp:52968:9: warning: Added loop label VITIS_LOOP_341_3:   [xilinx-label-all-loops]
        for (int i = 1; i < res_T::size; i++) {
        ^~~
        VITIS_LOOP_341_3: 
C:\Mac\Home\Documents\PHYS476\FinalProject\Python\hls4ml_prj\myproject_prj\solution1\.autopilot\db\myproject.pp.0.cpp:52968:9: note: FIX-IT applied suggested code changes
C:\Mac\Home\Documents\PHYS476\FinalProject\Python\hls4ml_prj\myproject_prj\solution1\.autopilot\db\myproject.pp.0.cpp:53546:48: error: Invalid Directive: for current device, RAM_2P +  is invalid combination for BIND_STORAGE's option 'type + impl' [clang-diagnostic-error]
#pragma HLS BIND_STORAGE variable=weights type=RAM_2P
                                               ^
C:\Mac\Home\Documents\PHYS476\FinalProject\Python\hls4ml_prj\myproject_prj\solution1\.autopilot\db\myproject.pp.0.cpp:53620:48: error: Invalid Directive: for current device, RAM_2P +  is invalid combination for BIND_STORAGE's option 'type + impl' [clang-diagnostic-error]
#pragma HLS BIND_STORAGE variable=weights type=RAM_2P
                                               ^
C:\Mac\Home\Documents\PHYS476\FinalProject\Python\hls4ml_prj\myproject_prj\solution1\.autopilot\db\myproject.pp.0.cpp:53702:48: error: Invalid Directive: for current device, RAM_2P +  is invalid combination for BIND_STORAGE's option 'type + impl' [clang-diagnostic-error]
#pragma HLS BIND_STORAGE variable=weights type=RAM_2P
                                               ^
C:\Mac\Home\Documents\PHYS476\FinalProject\Python\hls4ml_prj\myproject_prj\solution1\.autopilot\db\myproject.pp.0.cpp:53875:5: warning: Added loop label VITIS_LOOP_14_1:   [xilinx-label-all-loops]
    for (unsigned k = 0; k < CONFIG_T::n_out; k++) {
    ^~~
    VITIS_LOOP_14_1: 
C:\Mac\Home\Documents\PHYS476\FinalProject\Python\hls4ml_prj\myproject_prj\solution1\.autopilot\db\myproject.pp.0.cpp:53875:5: note: FIX-IT applied suggested code changes
C:\Mac\Home\Documents\PHYS476\FinalProject\Python\hls4ml_prj\myproject_prj\solution1\.autopilot\db\myproject.pp.0.cpp:53935:9: warning: Added loop label VITIS_LOOP_74_1:   [xilinx-label-all-loops]
        for (int im = 0; im < CONFIG_T::n_out; im++) {
        ^~~
        VITIS_LOOP_74_1: 
C:\Mac\Home\Documents\PHYS476\FinalProject\Python\hls4ml_prj\myproject_prj\solution1\.autopilot\db\myproject.pp.0.cpp:53935:9: note: FIX-IT applied suggested code changes
