INFO: [HLS 200-10] For user 'jromeo' on host 'jacobromeo1f40' (Windows NT_amd64 version 10.0) on Mon May 05 19:40:15 -1000 2025
INFO: [HLS 200-10] In directory 'C:/Mac/Home/Documents/PHYS476/FinalProject/Python/hls4ml_prj'
WARNING: [HLS 200-2053] The vitis_hls executable is deprecated. Consider using vitis-run --mode hls --tcl
Sourcing Tcl script 'build_prj.tcl'
INFO: [HLS 200-1510] Running: open_project myproject_prj 
INFO: [HLS 200-10] Opening project 'C:/Mac/Home/Documents/PHYS476/FinalProject/Python/hls4ml_prj/myproject_prj'.
INFO: [HLS 200-1510] Running: set_top myproject 
INFO: [HLS 200-1510] Running: add_files firmware/myproject.cpp -cflags -std=c++0x 
INFO: [HLS 200-10] Adding design file 'firmware/myproject.cpp' to the project
INFO: [HLS 200-1510] Running: add_files -tb myproject_test.cpp -cflags -std=c++0x 
INFO: [HLS 200-10] Adding test bench file 'myproject_test.cpp' to the project
INFO: [HLS 200-1510] Running: add_files -tb firmware/weights 
INFO: [HLS 200-10] Adding test bench file 'firmware/weights' to the project
INFO: [HLS 200-1510] Running: add_files -tb tb_data 
INFO: [HLS 200-10] Adding test bench file 'tb_data' to the project
INFO: [HLS 200-1510] Running: open_solution solution1 
INFO: [HLS 200-10] Opening solution 'C:/Mac/Home/Documents/PHYS476/FinalProject/Python/hls4ml_prj/myproject_prj/solution1'.
INFO: [SYN 201-201] Setting up clock 'default' with a period of 5ns.
INFO: [SYN 201-201] Setting up clock 'default' with an uncertainty of 1.35ns.
INFO: [HLS 200-1611] Setting target device to 'xc7a200t-sbg484-1'
INFO: [HLS 200-1505] Using flow_target 'vivado'
Resolution: For help on HLS 200-1505 see docs.xilinx.com/access/sources/dita/topic?Doc_Version=2024.2%20English&url=ug1448-hls-guidance&resourceid=200-1505.html
INFO: [HLS 200-1464] Running solution command: config_compile -name_max_length=80
INFO: [XFORM 203-1161] The maximum of name length is set to 80.
INFO: [HLS 200-1464] Running solution command: config_compile -complex-mul-dsp=0
INFO: [XFORM 203-1161] The maximum of name length is set to 80.
INFO: [HLS 200-1464] Running solution command: config_schedule -enable_dsp_full_reg=0
INFO: [HLS 200-1510] Running: config_array_partition -maximum_size 4096 
ERROR: [HLS 200-101] config_array_partition: Unknown option '-maximum_size'.
ERROR: [HLS 200-101] config_array_partition: Unknown option '4096'.
syn.array_partition.complete_threshold=syn.array_partition.throughput_driven=
INFO: [HLS 200-1510] Running: config_compile -name_max_length 80 
INFO: [XFORM 203-1161] The maximum of name length is set to 80.
INFO: [HLS 200-1510] Running: set_part xc7a200tsbg484-1 
INFO: [XFORM 203-1161] The maximum of name length is set to 80.
INFO: [HLS 200-1510] Running: config_schedule -enable_dsp_full_reg=false 
INFO: [HLS 200-1510] Running: create_clock -period 5 -name default 
INFO: [HLS 200-1510] Running: set_clock_uncertainty 27% default 
***** C SIMULATION *****
INFO: [HLS 200-1510] Running: csim_design 
INFO: [SIM 211-2] *************** CSIM start ***************
INFO: [SIM 211-4] CSIM will launch CLANG as the compiler.
INFO: [HLS 200-2036] Building debug C Simulation binaries
Cygwin WARNING:
  Couldn't compute FAST_CWD pointer.  This typically occurs if you're using
  an older Cygwin version on a newer Windows.  Please update to the latest
  available Cygwin version from https://cygwin.com/.  If the problem persists,
  please see https://cygwin.com/problems.html

make: 'csim.exe' is up to date.
Cygwin WARNING:
  Couldn't compute FAST_CWD pointer.  This typically occurs if you're using
  an older Cygwin version on a newer Windows.  Please update to the latest
  available Cygwin version from https://cygwin.com/.  If the problem persists,
  please see https://cygwin.com/problems.html

Cygwin WARNING:
  Couldn't compute FAST_CWD pointer.  This typically occurs if you're using
  an older Cygwin version on a newer Windows.  Please update to the latest
  available Cygwin version from https://cygwin.com/.  If the problem persists,
  please see https://cygwin.com/problems.html

Cygwin WARNING:
  Couldn't compute FAST_CWD pointer.  This typically occurs if you're using
  an older Cygwin version on a newer Windows.  Please update to the latest
  available Cygwin version from https://cygwin.com/.  If the problem persists,
  please see https://cygwin.com/problems.html

Processing input 0
@E Simulation failed: SIGSEGV.
ERROR: [SIM 211-100] CSim failed with errors.
INFO: [SIM 211-3] *************** CSIM finish ***************
INFO: [HLS 200-2161] Finished Command csim_design Elapsed time: 00:00:01; Allocated memory: 0.516 MB.
4
    while executing
"source build_prj.tcl"
    ("uplevel" body line 1)
    invoked from within
"uplevel \#0 [list source $tclfile] "

INFO: [HLS 200-112] Total CPU user time: 4 seconds. Total CPU system time: 2 seconds. Total elapsed time: 7.679 seconds; peak allocated memory: 225.629 MB.
