================================================================
== Design Size Report
================================================================

* Total Instructions per Compilation Phase
+---------------+-----------------------------+--------------+----------------------------------------------------------------------------------------+
| Phase         | Step                        | Instructions | Description                                                                            |
+---------------+-----------------------------+--------------+----------------------------------------------------------------------------------------+
| Compile/Link  |                             |  1,562       | After all functions are compiled and linked into a single design                       |
|               |                             |              |                                                                                        |
| Unroll/Inline |                             |              | After user unroll and inline pragmas are applied                                       |
|               | (1) unroll                  | 13,017       | user unroll pragmas are applied                                                        |
|               | (2) simplification          |  5,319       | simplification of applied user unroll pragmas                                          |
|               | (3) inline                  |  4,304       | user inline pragmas are applied                                                        |
|               | (4) simplification          |  3,828       | simplification of applied user inline pragmas                                          |
|               |                             |              |                                                                                        |
| Array/Struct  |                             |              | After user array partition and struct aggregate/disaggregate pragmas are applied       |
|               | (1) array partition         |  3,411       | user array partition pragmas are applied                                               |
|               | (2) simplification          |  3,411       | simplification of applied user array partition & struct aggregate/disaggregate pragmas |
|               | (3) aggregate/disaggregate  |  3,411       | user struct aggregate/disaggregate pragmas are applied                                 |
|               | (4) array reshape           |  4,069       | apply array reshape pragmas                                                            |
|               | (5) access patterns         |  3,358       | array access pattern optmizations                                                      |
|               |                             |              |                                                                                        |
| Performance   |                             |              | After transformations are applied to meet performance pragma targets                   |
|               | (1) loop simplification     |  3,031       | loop and instruction simplification                                                    |
|               | (2) parallelization         |  3,031       | loops are unrolled or pipelined to meet performance targets                            |
|               | (3) array partition         |  3,031       | arrays are partitioned to meet performance targets                                     |
|               | (4) simplification          |  3,031       | simplification of design after performance transformations                             |
|               |                             |              |                                                                                        |
| HW Transforms |                             |              | After hardware transfomations                                                          |
|               | (1) lowering                |  3,034       | initial conversion to HW specific instructions                                         |
|               | (2) optimizations           |  2,915       | high level synthesis optimizations                                                     |
+---------------+-----------------------------+--------------+----------------------------------------------------------------------------------------+

* Instructions per Function for each Compilation Phase
+---------------------------------------+--------------------------+--------------+-----------------+-----------------+-----------------+-----------------+
| Function                              | Location                 | Compile/Link | Unroll/Inline   | Array/Struct    | Performance     | HW Transforms   |
+---------------------------------------+--------------------------+--------------+-----------------+-----------------+-----------------+-----------------+
| + myproject                           | myproject.cpp:7          | 1,562        | 3,828           | 3,358           | 3,031           | 2,915           |
|  + dense<ap_fixed<18, 14, AP_TR...    | nnet_dense.h:41          |  596         |                 |                 |                 |                 |
|   + dense                             | nnet_dense.h:61          |  594         |                 |                 |                 |                 |
|    + dense_resource_rf_leq_nin<ap...  | nnet_dense_resource.h:13 |  592         |                 |                 |                 |                 |
|       product                         | nnet_mult.h:70           |  149         |                 |                 |                 |                 |
|       cast<ap_fixed<18, 14, AP_TRN... | nnet_mult.h:110          |    3         |                 |                 |                 |                 |
|    relu<ap_fixed<18, 14, AP_TRN...    | nnet_activation.h:39     |  242         |  831            |  705            |  705            |  706            |
|  + dense<ap_fixed<24, 12, AP_TR...    | nnet_dense.h:41          |  596         |                 |                 |                 |                 |
|   + dense                             | nnet_dense.h:61          |  594         |                 |                 |                 |                 |
|    + dense_resource_rf_leq_nin<ap...  | nnet_dense_resource.h:13 |  592         |                 |                 |                 |                 |
|       product                         | nnet_mult.h:70           |  149         |                 |                 |                 |                 |
|       cast<ap_fixed<24, 12, AP_TRN... | nnet_mult.h:110          |    3         |                 |                 |                 |                 |
|    linear<ap_fixed<18, 14, AP_T...    | nnet_activation.h:28     |   81         |   15            |   13            |   13            |   14            |
|  + dense_resource_rf_leq_nin<ap...    | nnet_dense_resource.h:13 |              | 2,899           | 2,387           | 2,066           | 1,941           |
|     cast<ap_fixed<18, 14, AP_TRN...   | nnet_mult.h:110          |              |  192 (64 calls) |  192 (64 calls) |  128 (64 calls) |  128 (64 calls) |
|    dense_resource_rf_leq_nin<ap...    | nnet_dense_resource.h:13 |              |   47            |  109            |  103            |  108            |
+---------------------------------------+--------------------------+--------------+-----------------+-----------------+-----------------+-----------------+

* Design Size Message Settings
+---------------------------------------------+--------+------------------------------------------------------------------+
| Message Setting                             | Value  | Description                                                      |
+---------------------------------------------+--------+------------------------------------------------------------------+
| config_compile -design_size_maximum_warning | 100000 | Show a warning when total design instructions exceeds this value |
+---------------------------------------------+--------+------------------------------------------------------------------+


