

================================================================
== Vitis HLS Report for 'dense_resource_rf_leq_nin_ap_fixed_ap_fixed_18_14_5_3_0_config4_s'
================================================================
* Date:           Tue May 13 05:08:58 2025

* Version:        2023.2 (Build 4023990 on Oct 11 2023)
* Project:        myproject_prj
* Solution:       solution1 (Vivado IP Flow Target)
* Product family: artix7
* Target device:  xc7a200t-sbg484-1


================================================================
== Performance Estimates
================================================================
+ Timing: 
    * Summary: 
    +--------+----------+-----------+------------+
    |  Clock |  Target  | Estimated | Uncertainty|
    +--------+----------+-----------+------------+
    |ap_clk  |  15.00 ns|  12.730 ns|     1.88 ns|
    +--------+----------+-----------+------------+

+ Latency: 
    * Summary: 
    +---------+---------+----------+----------+-----+-----+------------------------------------------+
    |  Latency (cycles) |  Latency (absolute) |  Interval |                 Pipeline                 |
    |   min   |   max   |    min   |    max   | min | max |                   Type                   |
    +---------+---------+----------+----------+-----+-----+------------------------------------------+
    |       65|       66|  0.975 us|  0.990 us|   64|   64|  loop rewind stp(delay=0 clock cycles(s))|
    +---------+---------+----------+----------+-----+-----+------------------------------------------+

    + Detail: 
        * Instance: 
        N/A

        * Loop: 
        +-------------+---------+---------+----------+-----------+-----------+------+----------+
        |             |  Latency (cycles) | Iteration|  Initiation Interval  | Trip |          |
        |  Loop Name  |   min   |   max   |  Latency |  achieved |   target  | Count| Pipelined|
        +-------------+---------+---------+----------+-----------+-----------+------+----------+
        |- ReuseLoop  |       65|       65|         3|          1|          1|    64|       yes|
        +-------------+---------+---------+----------+-----------+-----------+------+----------+



================================================================
== Utilization Estimates
================================================================
* Summary: 
+-----------------+---------+-----+--------+--------+-----+
|       Name      | BRAM_18K| DSP |   FF   |   LUT  | URAM|
+-----------------+---------+-----+--------+--------+-----+
|DSP              |        -|    -|       -|       -|    -|
|Expression       |        -|    -|       0|      88|    -|
|FIFO             |        -|    -|       -|       -|    -|
|Instance         |        -|    3|       0|     341|    -|
|Memory           |        2|    -|       0|       0|    -|
|Multiplexer      |        -|    -|       -|    1826|    -|
|Register         |        -|    -|    3195|       -|    -|
+-----------------+---------+-----+--------+--------+-----+
|Total            |        2|    3|    3195|    2255|    0|
+-----------------+---------+-----+--------+--------+-----+
|Available        |      730|  740|  269200|  134600|    0|
+-----------------+---------+-----+--------+--------+-----+
|Utilization (%)  |       ~0|   ~0|       1|       1|    0|
+-----------------+---------+-----+--------+--------+-----+

+ Detail: 
    * Instance: 
    +-----------------------------+------------------------+---------+----+---+-----+-----+
    |           Instance          |         Module         | BRAM_18K| DSP| FF| LUT | URAM|
    +-----------------------------+------------------------+---------+----+---+-----+-----+
    |mul_24s_12s_36_1_1_U200      |mul_24s_12s_36_1_1      |        0|   1|  0|   40|    0|
    |mul_30s_24s_38_1_1_U198      |mul_30s_24s_38_1_1      |        0|   2|  0|   28|    0|
    |sparsemux_129_6_24_1_1_U199  |sparsemux_129_6_24_1_1  |        0|   0|  0|  273|    0|
    +-----------------------------+------------------------+---------+----+---+-----+-----+
    |Total                        |                        |        0|   3|  0|  341|    0|
    +-----------------------------+------------------------+---------+----+---+-----+-----+

    * DSP: 
    N/A

    * Memory: 
    +---------+----------------------------------------------------------------------------------+---------+---+----+-----+------+-----+------+-------------+
    |  Memory |                                      Module                                      | BRAM_18K| FF| LUT| URAM| Words| Bits| Banks| W*Bits*Banks|
    +---------+----------------------------------------------------------------------------------+---------+---+----+-----+------+-----+------+-------------+
    |w4_75_U  |dense_resource_rf_leq_nin_ap_fixed_ap_fixed_18_14_5_3_0_config4_s_w4_75_ROM_Ncud  |        2|  0|   0|    0|    64|   42|     1|         2688|
    +---------+----------------------------------------------------------------------------------+---------+---+----+-----+------+-----+------+-------------+
    |Total    |                                                                                  |        2|  0|   0|    0|    64|   42|     1|         2688|
    +---------+----------------------------------------------------------------------------------+---------+---+----+-----+------+-----+------+-------------+

    * FIFO: 
    N/A

    * Expression: 
    +----------------------------------+----------+----+---+----+------------+------------+
    |           Variable Name          | Operation| DSP| FF| LUT| Bitwidth P0| Bitwidth P1|
    +----------------------------------+----------+----+---+----+------------+------------+
    |add_ln58_1_fu_2785_p2             |         +|   0|  0|  25|          18|          18|
    |add_ln58_fu_2777_p2               |         +|   0|  0|  25|          18|          18|
    |w_index_fu_2443_p2                |         +|   0|  0|  14|           6|           1|
    |ap_condition_frp_pvb_no_bkwd_prs  |       and|   0|  0|   2|           1|           1|
    |ap_condition_frp_pvb_pf_start     |       and|   0|  0|   2|           1|           1|
    |pf_all_done                       |       and|   0|  0|   2|           1|           1|
    |pf_sync_continue                  |       and|   0|  0|   2|           1|           1|
    |icmp_ln46_fu_2449_p2              |      icmp|   0|  0|  14|           6|           2|
    |ap_enable_pp0                     |       xor|   0|  0|   2|           1|           2|
    +----------------------------------+----------+----+---+----+------------+------------+
    |Total                             |          |   0|  0|  88|          53|          45|
    +----------------------------------+----------+----+---+----+------------+------------+

    * Multiplexer: 
    +-----------------------------------------------+----+-----------+-----+-----------+
    |                      Name                     | LUT| Input Size| Bits| Total Bits|
    +-----------------------------------------------+----+-----------+-----+-----------+
    |ap_loop_exit_ready_pp0_iter2_reg               |   9|          2|    1|          2|
    |ap_phi_mux_conv_i2_i87_phi_fu_2410_p6          |   9|          2|   18|         36|
    |ap_phi_mux_conv_i2_i_196_phi_fu_2424_p6        |   9|          2|   18|         36|
    |ap_phi_mux_do_init_phi_fu_716_p6               |  13|          3|    1|          3|
    |ap_phi_mux_p_read1074_phi_phi_fu_1762_p4       |   9|          2|   24|         48|
    |ap_phi_mux_p_read1175_phi_phi_fu_1774_p4       |   9|          2|   24|         48|
    |ap_phi_mux_p_read1276_phi_phi_fu_1786_p4       |   9|          2|   24|         48|
    |ap_phi_mux_p_read1377_phi_phi_fu_1798_p4       |   9|          2|   24|         48|
    |ap_phi_mux_p_read1478_phi_phi_fu_1810_p4       |   9|          2|   24|         48|
    |ap_phi_mux_p_read1579_phi_phi_fu_1822_p4       |   9|          2|   24|         48|
    |ap_phi_mux_p_read165_phi_phi_fu_1654_p4        |   9|          2|   24|         48|
    |ap_phi_mux_p_read1680_phi_phi_fu_1834_p4       |   9|          2|   24|         48|
    |ap_phi_mux_p_read1781_phi_phi_fu_1846_p4       |   9|          2|   24|         48|
    |ap_phi_mux_p_read1882_phi_phi_fu_1858_p4       |   9|          2|   24|         48|
    |ap_phi_mux_p_read1983_phi_phi_fu_1870_p4       |   9|          2|   24|         48|
    |ap_phi_mux_p_read2084_phi_phi_fu_1882_p4       |   9|          2|   24|         48|
    |ap_phi_mux_p_read2185_phi_phi_fu_1894_p4       |   9|          2|   24|         48|
    |ap_phi_mux_p_read2286_phi_phi_fu_1906_p4       |   9|          2|   24|         48|
    |ap_phi_mux_p_read2387_phi_phi_fu_1918_p4       |   9|          2|   24|         48|
    |ap_phi_mux_p_read2488_phi_phi_fu_1930_p4       |   9|          2|   24|         48|
    |ap_phi_mux_p_read2589_phi_phi_fu_1942_p4       |   9|          2|   24|         48|
    |ap_phi_mux_p_read266_phi_phi_fu_1666_p4        |   9|          2|   24|         48|
    |ap_phi_mux_p_read2690_phi_phi_fu_1954_p4       |   9|          2|   24|         48|
    |ap_phi_mux_p_read2791_phi_phi_fu_1966_p4       |   9|          2|   24|         48|
    |ap_phi_mux_p_read2892_phi_phi_fu_1978_p4       |   9|          2|   24|         48|
    |ap_phi_mux_p_read2993_phi_phi_fu_1990_p4       |   9|          2|   24|         48|
    |ap_phi_mux_p_read3094_phi_phi_fu_2002_p4       |   9|          2|   24|         48|
    |ap_phi_mux_p_read3195_phi_phi_fu_2014_p4       |   9|          2|   24|         48|
    |ap_phi_mux_p_read3296_phi_phi_fu_2026_p4       |   9|          2|   24|         48|
    |ap_phi_mux_p_read3397_phi_phi_fu_2038_p4       |   9|          2|   24|         48|
    |ap_phi_mux_p_read3498_phi_phi_fu_2050_p4       |   9|          2|   24|         48|
    |ap_phi_mux_p_read3599_phi_phi_fu_2062_p4       |   9|          2|   24|         48|
    |ap_phi_mux_p_read36100_phi_phi_fu_2074_p4      |   9|          2|   24|         48|
    |ap_phi_mux_p_read367_phi_phi_fu_1678_p4        |   9|          2|   24|         48|
    |ap_phi_mux_p_read37101_phi_phi_fu_2086_p4      |   9|          2|   24|         48|
    |ap_phi_mux_p_read38102_phi_phi_fu_2098_p4      |   9|          2|   24|         48|
    |ap_phi_mux_p_read39103_phi_phi_fu_2110_p4      |   9|          2|   24|         48|
    |ap_phi_mux_p_read40104_phi_phi_fu_2122_p4      |   9|          2|   24|         48|
    |ap_phi_mux_p_read41105_phi_phi_fu_2134_p4      |   9|          2|   24|         48|
    |ap_phi_mux_p_read42106_phi_phi_fu_2146_p4      |   9|          2|   24|         48|
    |ap_phi_mux_p_read43107_phi_phi_fu_2158_p4      |   9|          2|   24|         48|
    |ap_phi_mux_p_read44108_phi_phi_fu_2170_p4      |   9|          2|   24|         48|
    |ap_phi_mux_p_read45109_phi_phi_fu_2182_p4      |   9|          2|   24|         48|
    |ap_phi_mux_p_read46110_phi_phi_fu_2194_p4      |   9|          2|   24|         48|
    |ap_phi_mux_p_read468_phi_phi_fu_1690_p4        |   9|          2|   24|         48|
    |ap_phi_mux_p_read47111_phi_phi_fu_2206_p4      |   9|          2|   24|         48|
    |ap_phi_mux_p_read48112_phi_phi_fu_2218_p4      |   9|          2|   24|         48|
    |ap_phi_mux_p_read49113_phi_phi_fu_2230_p4      |   9|          2|   24|         48|
    |ap_phi_mux_p_read50114_phi_phi_fu_2242_p4      |   9|          2|   24|         48|
    |ap_phi_mux_p_read51115_phi_phi_fu_2254_p4      |   9|          2|   24|         48|
    |ap_phi_mux_p_read52116_phi_phi_fu_2266_p4      |   9|          2|   24|         48|
    |ap_phi_mux_p_read53117_phi_phi_fu_2278_p4      |   9|          2|   24|         48|
    |ap_phi_mux_p_read54118_phi_phi_fu_2290_p4      |   9|          2|   24|         48|
    |ap_phi_mux_p_read55119_phi_phi_fu_2302_p4      |   9|          2|   24|         48|
    |ap_phi_mux_p_read56120_phi_phi_fu_2314_p4      |   9|          2|   24|         48|
    |ap_phi_mux_p_read569_phi_phi_fu_1702_p4        |   9|          2|   24|         48|
    |ap_phi_mux_p_read57121_phi_phi_fu_2326_p4      |   9|          2|   24|         48|
    |ap_phi_mux_p_read58122_phi_phi_fu_2338_p4      |   9|          2|   24|         48|
    |ap_phi_mux_p_read59123_phi_phi_fu_2350_p4      |   9|          2|   24|         48|
    |ap_phi_mux_p_read60124_phi_phi_fu_2362_p4      |   9|          2|   24|         48|
    |ap_phi_mux_p_read61125_phi_phi_fu_2374_p4      |   9|          2|   24|         48|
    |ap_phi_mux_p_read62126_phi_phi_fu_2386_p4      |   9|          2|   24|         48|
    |ap_phi_mux_p_read63127_phi_phi_fu_2398_p4      |   9|          2|   24|         48|
    |ap_phi_mux_p_read64_phi_phi_fu_1642_p4         |   9|          2|   24|         48|
    |ap_phi_mux_p_read670_phi_phi_fu_1714_p4        |   9|          2|   24|         48|
    |ap_phi_mux_p_read771_phi_phi_fu_1726_p4        |   9|          2|   24|         48|
    |ap_phi_mux_p_read872_phi_phi_fu_1738_p4        |   9|          2|   24|         48|
    |ap_phi_mux_p_read973_phi_phi_fu_1750_p4        |   9|          2|   24|         48|
    |ap_phi_mux_phi_ln49_phi_fu_731_p6              |  13|          3|    6|         18|
    |ap_phi_reg_pp0_iter1_p_read1074_phi_reg_1758   |   9|          2|   24|         48|
    |ap_phi_reg_pp0_iter1_p_read1175_phi_reg_1770   |   9|          2|   24|         48|
    |ap_phi_reg_pp0_iter1_p_read1276_phi_reg_1782   |   9|          2|   24|         48|
    |ap_phi_reg_pp0_iter1_p_read1377_phi_reg_1794   |   9|          2|   24|         48|
    |ap_phi_reg_pp0_iter1_p_read1478_phi_reg_1806   |   9|          2|   24|         48|
    |ap_phi_reg_pp0_iter1_p_read1579_phi_reg_1818   |   9|          2|   24|         48|
    |ap_phi_reg_pp0_iter1_p_read165_phi_reg_1650    |   9|          2|   24|         48|
    |ap_phi_reg_pp0_iter1_p_read1680_phi_reg_1830   |   9|          2|   24|         48|
    |ap_phi_reg_pp0_iter1_p_read1781_phi_reg_1842   |   9|          2|   24|         48|
    |ap_phi_reg_pp0_iter1_p_read1882_phi_reg_1854   |   9|          2|   24|         48|
    |ap_phi_reg_pp0_iter1_p_read1983_phi_reg_1866   |   9|          2|   24|         48|
    |ap_phi_reg_pp0_iter1_p_read2084_phi_reg_1878   |   9|          2|   24|         48|
    |ap_phi_reg_pp0_iter1_p_read2185_phi_reg_1890   |   9|          2|   24|         48|
    |ap_phi_reg_pp0_iter1_p_read2286_phi_reg_1902   |   9|          2|   24|         48|
    |ap_phi_reg_pp0_iter1_p_read2387_phi_reg_1914   |   9|          2|   24|         48|
    |ap_phi_reg_pp0_iter1_p_read2488_phi_reg_1926   |   9|          2|   24|         48|
    |ap_phi_reg_pp0_iter1_p_read2589_phi_reg_1938   |   9|          2|   24|         48|
    |ap_phi_reg_pp0_iter1_p_read266_phi_reg_1662    |   9|          2|   24|         48|
    |ap_phi_reg_pp0_iter1_p_read2690_phi_reg_1950   |   9|          2|   24|         48|
    |ap_phi_reg_pp0_iter1_p_read2791_phi_reg_1962   |   9|          2|   24|         48|
    |ap_phi_reg_pp0_iter1_p_read2892_phi_reg_1974   |   9|          2|   24|         48|
    |ap_phi_reg_pp0_iter1_p_read2993_phi_reg_1986   |   9|          2|   24|         48|
    |ap_phi_reg_pp0_iter1_p_read3094_phi_reg_1998   |   9|          2|   24|         48|
    |ap_phi_reg_pp0_iter1_p_read3195_phi_reg_2010   |   9|          2|   24|         48|
    |ap_phi_reg_pp0_iter1_p_read3296_phi_reg_2022   |   9|          2|   24|         48|
    |ap_phi_reg_pp0_iter1_p_read3397_phi_reg_2034   |   9|          2|   24|         48|
    |ap_phi_reg_pp0_iter1_p_read3498_phi_reg_2046   |   9|          2|   24|         48|
    |ap_phi_reg_pp0_iter1_p_read3599_phi_reg_2058   |   9|          2|   24|         48|
    |ap_phi_reg_pp0_iter1_p_read36100_phi_reg_2070  |   9|          2|   24|         48|
    |ap_phi_reg_pp0_iter1_p_read367_phi_reg_1674    |   9|          2|   24|         48|
    |ap_phi_reg_pp0_iter1_p_read37101_phi_reg_2082  |   9|          2|   24|         48|
    |ap_phi_reg_pp0_iter1_p_read38102_phi_reg_2094  |   9|          2|   24|         48|
    |ap_phi_reg_pp0_iter1_p_read39103_phi_reg_2106  |   9|          2|   24|         48|
    |ap_phi_reg_pp0_iter1_p_read40104_phi_reg_2118  |   9|          2|   24|         48|
    |ap_phi_reg_pp0_iter1_p_read41105_phi_reg_2130  |   9|          2|   24|         48|
    |ap_phi_reg_pp0_iter1_p_read42106_phi_reg_2142  |   9|          2|   24|         48|
    |ap_phi_reg_pp0_iter1_p_read43107_phi_reg_2154  |   9|          2|   24|         48|
    |ap_phi_reg_pp0_iter1_p_read44108_phi_reg_2166  |   9|          2|   24|         48|
    |ap_phi_reg_pp0_iter1_p_read45109_phi_reg_2178  |   9|          2|   24|         48|
    |ap_phi_reg_pp0_iter1_p_read46110_phi_reg_2190  |   9|          2|   24|         48|
    |ap_phi_reg_pp0_iter1_p_read468_phi_reg_1686    |   9|          2|   24|         48|
    |ap_phi_reg_pp0_iter1_p_read47111_phi_reg_2202  |   9|          2|   24|         48|
    |ap_phi_reg_pp0_iter1_p_read48112_phi_reg_2214  |   9|          2|   24|         48|
    |ap_phi_reg_pp0_iter1_p_read49113_phi_reg_2226  |   9|          2|   24|         48|
    |ap_phi_reg_pp0_iter1_p_read50114_phi_reg_2238  |   9|          2|   24|         48|
    |ap_phi_reg_pp0_iter1_p_read51115_phi_reg_2250  |   9|          2|   24|         48|
    |ap_phi_reg_pp0_iter1_p_read52116_phi_reg_2262  |   9|          2|   24|         48|
    |ap_phi_reg_pp0_iter1_p_read53117_phi_reg_2274  |   9|          2|   24|         48|
    |ap_phi_reg_pp0_iter1_p_read54118_phi_reg_2286  |   9|          2|   24|         48|
    |ap_phi_reg_pp0_iter1_p_read55119_phi_reg_2298  |   9|          2|   24|         48|
    |ap_phi_reg_pp0_iter1_p_read56120_phi_reg_2310  |   9|          2|   24|         48|
    |ap_phi_reg_pp0_iter1_p_read569_phi_reg_1698    |   9|          2|   24|         48|
    |ap_phi_reg_pp0_iter1_p_read57121_phi_reg_2322  |   9|          2|   24|         48|
    |ap_phi_reg_pp0_iter1_p_read58122_phi_reg_2334  |   9|          2|   24|         48|
    |ap_phi_reg_pp0_iter1_p_read59123_phi_reg_2346  |   9|          2|   24|         48|
    |ap_phi_reg_pp0_iter1_p_read60124_phi_reg_2358  |   9|          2|   24|         48|
    |ap_phi_reg_pp0_iter1_p_read61125_phi_reg_2370  |   9|          2|   24|         48|
    |ap_phi_reg_pp0_iter1_p_read62126_phi_reg_2382  |   9|          2|   24|         48|
    |ap_phi_reg_pp0_iter1_p_read63127_phi_reg_2394  |   9|          2|   24|         48|
    |ap_phi_reg_pp0_iter1_p_read64_phi_reg_1638     |   9|          2|   24|         48|
    |ap_phi_reg_pp0_iter1_p_read670_phi_reg_1710    |   9|          2|   24|         48|
    |ap_phi_reg_pp0_iter1_p_read771_phi_reg_1722    |   9|          2|   24|         48|
    |ap_phi_reg_pp0_iter1_p_read872_phi_reg_1734    |   9|          2|   24|         48|
    |ap_phi_reg_pp0_iter1_p_read973_phi_reg_1746    |   9|          2|   24|         48|
    |conv_i2_i87_reg_2406                           |   9|          2|   18|         36|
    |conv_i2_i_196_reg_2420                         |   9|          2|   18|         36|
    |p_read1074_phi_reg_1758                        |   9|          2|   24|         48|
    |p_read1175_phi_reg_1770                        |   9|          2|   24|         48|
    |p_read1276_phi_reg_1782                        |   9|          2|   24|         48|
    |p_read1377_phi_reg_1794                        |   9|          2|   24|         48|
    |p_read1478_phi_reg_1806                        |   9|          2|   24|         48|
    |p_read1579_phi_reg_1818                        |   9|          2|   24|         48|
    |p_read165_phi_reg_1650                         |   9|          2|   24|         48|
    |p_read1680_phi_reg_1830                        |   9|          2|   24|         48|
    |p_read1781_phi_reg_1842                        |   9|          2|   24|         48|
    |p_read1882_phi_reg_1854                        |   9|          2|   24|         48|
    |p_read1983_phi_reg_1866                        |   9|          2|   24|         48|
    |p_read2084_phi_reg_1878                        |   9|          2|   24|         48|
    |p_read2185_phi_reg_1890                        |   9|          2|   24|         48|
    |p_read2286_phi_reg_1902                        |   9|          2|   24|         48|
    |p_read2387_phi_reg_1914                        |   9|          2|   24|         48|
    |p_read2488_phi_reg_1926                        |   9|          2|   24|         48|
    |p_read2589_phi_reg_1938                        |   9|          2|   24|         48|
    |p_read266_phi_reg_1662                         |   9|          2|   24|         48|
    |p_read2690_phi_reg_1950                        |   9|          2|   24|         48|
    |p_read2791_phi_reg_1962                        |   9|          2|   24|         48|
    |p_read2892_phi_reg_1974                        |   9|          2|   24|         48|
    |p_read2993_phi_reg_1986                        |   9|          2|   24|         48|
    |p_read3094_phi_reg_1998                        |   9|          2|   24|         48|
    |p_read3195_phi_reg_2010                        |   9|          2|   24|         48|
    |p_read3296_phi_reg_2022                        |   9|          2|   24|         48|
    |p_read3397_phi_reg_2034                        |   9|          2|   24|         48|
    |p_read3498_phi_reg_2046                        |   9|          2|   24|         48|
    |p_read3599_phi_reg_2058                        |   9|          2|   24|         48|
    |p_read36100_phi_reg_2070                       |   9|          2|   24|         48|
    |p_read367_phi_reg_1674                         |   9|          2|   24|         48|
    |p_read37101_phi_reg_2082                       |   9|          2|   24|         48|
    |p_read38102_phi_reg_2094                       |   9|          2|   24|         48|
    |p_read39103_phi_reg_2106                       |   9|          2|   24|         48|
    |p_read40104_phi_reg_2118                       |   9|          2|   24|         48|
    |p_read41105_phi_reg_2130                       |   9|          2|   24|         48|
    |p_read42106_phi_reg_2142                       |   9|          2|   24|         48|
    |p_read43107_phi_reg_2154                       |   9|          2|   24|         48|
    |p_read44108_phi_reg_2166                       |   9|          2|   24|         48|
    |p_read45109_phi_reg_2178                       |   9|          2|   24|         48|
    |p_read46110_phi_reg_2190                       |   9|          2|   24|         48|
    |p_read468_phi_reg_1686                         |   9|          2|   24|         48|
    |p_read47111_phi_reg_2202                       |   9|          2|   24|         48|
    |p_read48112_phi_reg_2214                       |   9|          2|   24|         48|
    |p_read49113_phi_reg_2226                       |   9|          2|   24|         48|
    |p_read50114_phi_reg_2238                       |   9|          2|   24|         48|
    |p_read51115_phi_reg_2250                       |   9|          2|   24|         48|
    |p_read52116_phi_reg_2262                       |   9|          2|   24|         48|
    |p_read53117_phi_reg_2274                       |   9|          2|   24|         48|
    |p_read54118_phi_reg_2286                       |   9|          2|   24|         48|
    |p_read55119_phi_reg_2298                       |   9|          2|   24|         48|
    |p_read56120_phi_reg_2310                       |   9|          2|   24|         48|
    |p_read569_phi_reg_1698                         |   9|          2|   24|         48|
    |p_read57121_phi_reg_2322                       |   9|          2|   24|         48|
    |p_read58122_phi_reg_2334                       |   9|          2|   24|         48|
    |p_read59123_phi_reg_2346                       |   9|          2|   24|         48|
    |p_read60124_phi_reg_2358                       |   9|          2|   24|         48|
    |p_read61125_phi_reg_2370                       |   9|          2|   24|         48|
    |p_read62126_phi_reg_2382                       |   9|          2|   24|         48|
    |p_read63127_phi_reg_2394                       |   9|          2|   24|         48|
    |p_read64_phi_reg_1638                          |   9|          2|   24|         48|
    |p_read670_phi_reg_1710                         |   9|          2|   24|         48|
    |p_read771_phi_reg_1722                         |   9|          2|   24|         48|
    |p_read872_phi_reg_1734                         |   9|          2|   24|         48|
    |p_read973_phi_reg_1746                         |   9|          2|   24|         48|
    |pf_ap_return_0_U_frpsig_data_in                |   9|          2|   16|         32|
    |pf_ap_return_1_U_frpsig_data_in                |   9|          2|   16|         32|
    |phi_ln49_reg_728                               |   9|          2|    6|         12|
    +-----------------------------------------------+----+-----------+-----+-----------+
    |Total                                          |1826|        406| 4726|       9459|
    +-----------------------------------------------+----+-----------+-----+-----------+

    * Register: 
    +-----------------------------------------------+----+----+-----+-----------+
    |                      Name                     | FF | LUT| Bits| Const Bits|
    +-----------------------------------------------+----+----+-----+-----------+
    |ap_CS_fsm                                      |   1|   0|    1|          0|
    |ap_done_reg                                    |   1|   0|    1|          0|
    |ap_loop_exit_ready_pp0_iter1_reg               |   1|   0|    1|          0|
    |ap_loop_exit_ready_pp0_iter2_reg               |   1|   0|    1|          0|
    |ap_loop_init_pp0_iter1_reg                     |   1|   0|    1|          0|
    |ap_loop_init_pp0_iter2_reg                     |   1|   0|    1|          0|
    |ap_phi_reg_pp0_iter1_p_read1074_phi_reg_1758   |  24|   0|   24|          0|
    |ap_phi_reg_pp0_iter1_p_read1175_phi_reg_1770   |  24|   0|   24|          0|
    |ap_phi_reg_pp0_iter1_p_read1276_phi_reg_1782   |  24|   0|   24|          0|
    |ap_phi_reg_pp0_iter1_p_read1377_phi_reg_1794   |  24|   0|   24|          0|
    |ap_phi_reg_pp0_iter1_p_read1478_phi_reg_1806   |  24|   0|   24|          0|
    |ap_phi_reg_pp0_iter1_p_read1579_phi_reg_1818   |  24|   0|   24|          0|
    |ap_phi_reg_pp0_iter1_p_read165_phi_reg_1650    |  24|   0|   24|          0|
    |ap_phi_reg_pp0_iter1_p_read1680_phi_reg_1830   |  24|   0|   24|          0|
    |ap_phi_reg_pp0_iter1_p_read1781_phi_reg_1842   |  24|   0|   24|          0|
    |ap_phi_reg_pp0_iter1_p_read1882_phi_reg_1854   |  24|   0|   24|          0|
    |ap_phi_reg_pp0_iter1_p_read1983_phi_reg_1866   |  24|   0|   24|          0|
    |ap_phi_reg_pp0_iter1_p_read2084_phi_reg_1878   |  24|   0|   24|          0|
    |ap_phi_reg_pp0_iter1_p_read2185_phi_reg_1890   |  24|   0|   24|          0|
    |ap_phi_reg_pp0_iter1_p_read2286_phi_reg_1902   |  24|   0|   24|          0|
    |ap_phi_reg_pp0_iter1_p_read2387_phi_reg_1914   |  24|   0|   24|          0|
    |ap_phi_reg_pp0_iter1_p_read2488_phi_reg_1926   |  24|   0|   24|          0|
    |ap_phi_reg_pp0_iter1_p_read2589_phi_reg_1938   |  24|   0|   24|          0|
    |ap_phi_reg_pp0_iter1_p_read266_phi_reg_1662    |  24|   0|   24|          0|
    |ap_phi_reg_pp0_iter1_p_read2690_phi_reg_1950   |  24|   0|   24|          0|
    |ap_phi_reg_pp0_iter1_p_read2791_phi_reg_1962   |  24|   0|   24|          0|
    |ap_phi_reg_pp0_iter1_p_read2892_phi_reg_1974   |  24|   0|   24|          0|
    |ap_phi_reg_pp0_iter1_p_read2993_phi_reg_1986   |  24|   0|   24|          0|
    |ap_phi_reg_pp0_iter1_p_read3094_phi_reg_1998   |  24|   0|   24|          0|
    |ap_phi_reg_pp0_iter1_p_read3195_phi_reg_2010   |  24|   0|   24|          0|
    |ap_phi_reg_pp0_iter1_p_read3296_phi_reg_2022   |  24|   0|   24|          0|
    |ap_phi_reg_pp0_iter1_p_read3397_phi_reg_2034   |  24|   0|   24|          0|
    |ap_phi_reg_pp0_iter1_p_read3498_phi_reg_2046   |  24|   0|   24|          0|
    |ap_phi_reg_pp0_iter1_p_read3599_phi_reg_2058   |  24|   0|   24|          0|
    |ap_phi_reg_pp0_iter1_p_read36100_phi_reg_2070  |  24|   0|   24|          0|
    |ap_phi_reg_pp0_iter1_p_read367_phi_reg_1674    |  24|   0|   24|          0|
    |ap_phi_reg_pp0_iter1_p_read37101_phi_reg_2082  |  24|   0|   24|          0|
    |ap_phi_reg_pp0_iter1_p_read38102_phi_reg_2094  |  24|   0|   24|          0|
    |ap_phi_reg_pp0_iter1_p_read39103_phi_reg_2106  |  24|   0|   24|          0|
    |ap_phi_reg_pp0_iter1_p_read40104_phi_reg_2118  |  24|   0|   24|          0|
    |ap_phi_reg_pp0_iter1_p_read41105_phi_reg_2130  |  24|   0|   24|          0|
    |ap_phi_reg_pp0_iter1_p_read42106_phi_reg_2142  |  24|   0|   24|          0|
    |ap_phi_reg_pp0_iter1_p_read43107_phi_reg_2154  |  24|   0|   24|          0|
    |ap_phi_reg_pp0_iter1_p_read44108_phi_reg_2166  |  24|   0|   24|          0|
    |ap_phi_reg_pp0_iter1_p_read45109_phi_reg_2178  |  24|   0|   24|          0|
    |ap_phi_reg_pp0_iter1_p_read46110_phi_reg_2190  |  24|   0|   24|          0|
    |ap_phi_reg_pp0_iter1_p_read468_phi_reg_1686    |  24|   0|   24|          0|
    |ap_phi_reg_pp0_iter1_p_read47111_phi_reg_2202  |  24|   0|   24|          0|
    |ap_phi_reg_pp0_iter1_p_read48112_phi_reg_2214  |  24|   0|   24|          0|
    |ap_phi_reg_pp0_iter1_p_read49113_phi_reg_2226  |  24|   0|   24|          0|
    |ap_phi_reg_pp0_iter1_p_read50114_phi_reg_2238  |  24|   0|   24|          0|
    |ap_phi_reg_pp0_iter1_p_read51115_phi_reg_2250  |  24|   0|   24|          0|
    |ap_phi_reg_pp0_iter1_p_read52116_phi_reg_2262  |  24|   0|   24|          0|
    |ap_phi_reg_pp0_iter1_p_read53117_phi_reg_2274  |  24|   0|   24|          0|
    |ap_phi_reg_pp0_iter1_p_read54118_phi_reg_2286  |  24|   0|   24|          0|
    |ap_phi_reg_pp0_iter1_p_read55119_phi_reg_2298  |  24|   0|   24|          0|
    |ap_phi_reg_pp0_iter1_p_read56120_phi_reg_2310  |  24|   0|   24|          0|
    |ap_phi_reg_pp0_iter1_p_read569_phi_reg_1698    |  24|   0|   24|          0|
    |ap_phi_reg_pp0_iter1_p_read57121_phi_reg_2322  |  24|   0|   24|          0|
    |ap_phi_reg_pp0_iter1_p_read58122_phi_reg_2334  |  24|   0|   24|          0|
    |ap_phi_reg_pp0_iter1_p_read59123_phi_reg_2346  |  24|   0|   24|          0|
    |ap_phi_reg_pp0_iter1_p_read60124_phi_reg_2358  |  24|   0|   24|          0|
    |ap_phi_reg_pp0_iter1_p_read61125_phi_reg_2370  |  24|   0|   24|          0|
    |ap_phi_reg_pp0_iter1_p_read62126_phi_reg_2382  |  24|   0|   24|          0|
    |ap_phi_reg_pp0_iter1_p_read63127_phi_reg_2394  |  24|   0|   24|          0|
    |ap_phi_reg_pp0_iter1_p_read64_phi_reg_1638     |  24|   0|   24|          0|
    |ap_phi_reg_pp0_iter1_p_read670_phi_reg_1710    |  24|   0|   24|          0|
    |ap_phi_reg_pp0_iter1_p_read771_phi_reg_1722    |  24|   0|   24|          0|
    |ap_phi_reg_pp0_iter1_p_read872_phi_reg_1734    |  24|   0|   24|          0|
    |ap_phi_reg_pp0_iter1_p_read973_phi_reg_1746    |  24|   0|   24|          0|
    |ap_return_0_preg                               |  16|   0|   16|          0|
    |ap_return_1_preg                               |  16|   0|   16|          0|
    |conv_i2_i87_reg_2406                           |  18|   0|   18|          0|
    |conv_i2_i_196_reg_2420                         |  18|   0|   18|          0|
    |do_init_reg_713                                |   1|   0|    1|          0|
    |icmp_ln46_reg_3145                             |   1|   0|    1|          0|
    |icmp_ln46_reg_3145_pp0_iter1_reg               |   1|   0|    1|          0|
    |p_read1074_phi_reg_1758                        |  24|   0|   24|          0|
    |p_read1175_phi_reg_1770                        |  24|   0|   24|          0|
    |p_read1276_phi_reg_1782                        |  24|   0|   24|          0|
    |p_read1377_phi_reg_1794                        |  24|   0|   24|          0|
    |p_read1478_phi_reg_1806                        |  24|   0|   24|          0|
    |p_read1579_phi_reg_1818                        |  24|   0|   24|          0|
    |p_read165_phi_reg_1650                         |  24|   0|   24|          0|
    |p_read1680_phi_reg_1830                        |  24|   0|   24|          0|
    |p_read1781_phi_reg_1842                        |  24|   0|   24|          0|
    |p_read1882_phi_reg_1854                        |  24|   0|   24|          0|
    |p_read1983_phi_reg_1866                        |  24|   0|   24|          0|
    |p_read2084_phi_reg_1878                        |  24|   0|   24|          0|
    |p_read2185_phi_reg_1890                        |  24|   0|   24|          0|
    |p_read2286_phi_reg_1902                        |  24|   0|   24|          0|
    |p_read2387_phi_reg_1914                        |  24|   0|   24|          0|
    |p_read2488_phi_reg_1926                        |  24|   0|   24|          0|
    |p_read2589_phi_reg_1938                        |  24|   0|   24|          0|
    |p_read266_phi_reg_1662                         |  24|   0|   24|          0|
    |p_read2690_phi_reg_1950                        |  24|   0|   24|          0|
    |p_read2791_phi_reg_1962                        |  24|   0|   24|          0|
    |p_read2892_phi_reg_1974                        |  24|   0|   24|          0|
    |p_read2993_phi_reg_1986                        |  24|   0|   24|          0|
    |p_read3094_phi_reg_1998                        |  24|   0|   24|          0|
    |p_read3195_phi_reg_2010                        |  24|   0|   24|          0|
    |p_read3296_phi_reg_2022                        |  24|   0|   24|          0|
    |p_read3397_phi_reg_2034                        |  24|   0|   24|          0|
    |p_read3498_phi_reg_2046                        |  24|   0|   24|          0|
    |p_read3599_phi_reg_2058                        |  24|   0|   24|          0|
    |p_read36100_phi_reg_2070                       |  24|   0|   24|          0|
    |p_read367_phi_reg_1674                         |  24|   0|   24|          0|
    |p_read37101_phi_reg_2082                       |  24|   0|   24|          0|
    |p_read38102_phi_reg_2094                       |  24|   0|   24|          0|
    |p_read39103_phi_reg_2106                       |  24|   0|   24|          0|
    |p_read40104_phi_reg_2118                       |  24|   0|   24|          0|
    |p_read41105_phi_reg_2130                       |  24|   0|   24|          0|
    |p_read42106_phi_reg_2142                       |  24|   0|   24|          0|
    |p_read43107_phi_reg_2154                       |  24|   0|   24|          0|
    |p_read44108_phi_reg_2166                       |  24|   0|   24|          0|
    |p_read45109_phi_reg_2178                       |  24|   0|   24|          0|
    |p_read46110_phi_reg_2190                       |  24|   0|   24|          0|
    |p_read468_phi_reg_1686                         |  24|   0|   24|          0|
    |p_read47111_phi_reg_2202                       |  24|   0|   24|          0|
    |p_read48112_phi_reg_2214                       |  24|   0|   24|          0|
    |p_read49113_phi_reg_2226                       |  24|   0|   24|          0|
    |p_read50114_phi_reg_2238                       |  24|   0|   24|          0|
    |p_read51115_phi_reg_2250                       |  24|   0|   24|          0|
    |p_read52116_phi_reg_2262                       |  24|   0|   24|          0|
    |p_read53117_phi_reg_2274                       |  24|   0|   24|          0|
    |p_read54118_phi_reg_2286                       |  24|   0|   24|          0|
    |p_read55119_phi_reg_2298                       |  24|   0|   24|          0|
    |p_read56120_phi_reg_2310                       |  24|   0|   24|          0|
    |p_read569_phi_reg_1698                         |  24|   0|   24|          0|
    |p_read57121_phi_reg_2322                       |  24|   0|   24|          0|
    |p_read58122_phi_reg_2334                       |  24|   0|   24|          0|
    |p_read59123_phi_reg_2346                       |  24|   0|   24|          0|
    |p_read60124_phi_reg_2358                       |  24|   0|   24|          0|
    |p_read61125_phi_reg_2370                       |  24|   0|   24|          0|
    |p_read62126_phi_reg_2382                       |  24|   0|   24|          0|
    |p_read63127_phi_reg_2394                       |  24|   0|   24|          0|
    |p_read64_phi_reg_1638                          |  24|   0|   24|          0|
    |p_read670_phi_reg_1710                         |  24|   0|   24|          0|
    |p_read771_phi_reg_1722                         |  24|   0|   24|          0|
    |p_read872_phi_reg_1734                         |  24|   0|   24|          0|
    |p_read973_phi_reg_1746                         |  24|   0|   24|          0|
    |phi_ln49_reg_728                               |   6|   0|    6|          0|
    |trunc_ln2_reg_3149                             |  18|   0|   18|          0|
    |trunc_ln58_1_reg_3154                          |  16|   0|   16|          0|
    |w_index_reg_3140                               |   6|   0|    6|          0|
    +-----------------------------------------------+----+----+-----+-----------+
    |Total                                          |3195|   0| 3195|          0|
    +-----------------------------------------------+----+----+-----+-----------+



================================================================
== Interface
================================================================
* Summary: 
+-------------+-----+-----+------------+-------------------------------------------------------------------+--------------+
|  RTL Ports  | Dir | Bits|  Protocol  |                           Source Object                           |    C Type    |
+-------------+-----+-----+------------+-------------------------------------------------------------------+--------------+
|ap_clk       |   in|    1|  ap_ctrl_hs|  dense_resource_rf_leq_nin<ap_fixed,ap_fixed<18,14,5,3,0>,config4>|  return value|
|ap_rst       |   in|    1|  ap_ctrl_hs|  dense_resource_rf_leq_nin<ap_fixed,ap_fixed<18,14,5,3,0>,config4>|  return value|
|ap_start     |   in|    1|  ap_ctrl_hs|  dense_resource_rf_leq_nin<ap_fixed,ap_fixed<18,14,5,3,0>,config4>|  return value|
|ap_done      |  out|    1|  ap_ctrl_hs|  dense_resource_rf_leq_nin<ap_fixed,ap_fixed<18,14,5,3,0>,config4>|  return value|
|ap_continue  |   in|    1|  ap_ctrl_hs|  dense_resource_rf_leq_nin<ap_fixed,ap_fixed<18,14,5,3,0>,config4>|  return value|
|ap_idle      |  out|    1|  ap_ctrl_hs|  dense_resource_rf_leq_nin<ap_fixed,ap_fixed<18,14,5,3,0>,config4>|  return value|
|ap_ready     |  out|    1|  ap_ctrl_hs|  dense_resource_rf_leq_nin<ap_fixed,ap_fixed<18,14,5,3,0>,config4>|  return value|
|ap_return_0  |  out|   16|  ap_ctrl_hs|  dense_resource_rf_leq_nin<ap_fixed,ap_fixed<18,14,5,3,0>,config4>|  return value|
|ap_return_1  |  out|   16|  ap_ctrl_hs|  dense_resource_rf_leq_nin<ap_fixed,ap_fixed<18,14,5,3,0>,config4>|  return value|
|p_read       |   in|   24|     ap_none|                                                             p_read|        scalar|
|p_read1      |   in|   24|     ap_none|                                                            p_read1|        scalar|
|p_read2      |   in|   24|     ap_none|                                                            p_read2|        scalar|
|p_read3      |   in|   24|     ap_none|                                                            p_read3|        scalar|
|p_read4      |   in|   24|     ap_none|                                                            p_read4|        scalar|
|p_read5      |   in|   24|     ap_none|                                                            p_read5|        scalar|
|p_read6      |   in|   24|     ap_none|                                                            p_read6|        scalar|
|p_read7      |   in|   24|     ap_none|                                                            p_read7|        scalar|
|p_read8      |   in|   24|     ap_none|                                                            p_read8|        scalar|
|p_read9      |   in|   24|     ap_none|                                                            p_read9|        scalar|
|p_read10     |   in|   24|     ap_none|                                                           p_read10|        scalar|
|p_read11     |   in|   24|     ap_none|                                                           p_read11|        scalar|
|p_read12     |   in|   24|     ap_none|                                                           p_read12|        scalar|
|p_read13     |   in|   24|     ap_none|                                                           p_read13|        scalar|
|p_read14     |   in|   24|     ap_none|                                                           p_read14|        scalar|
|p_read15     |   in|   24|     ap_none|                                                           p_read15|        scalar|
|p_read16     |   in|   24|     ap_none|                                                           p_read16|        scalar|
|p_read17     |   in|   24|     ap_none|                                                           p_read17|        scalar|
|p_read18     |   in|   24|     ap_none|                                                           p_read18|        scalar|
|p_read19     |   in|   24|     ap_none|                                                           p_read19|        scalar|
|p_read20     |   in|   24|     ap_none|                                                           p_read20|        scalar|
|p_read21     |   in|   24|     ap_none|                                                           p_read21|        scalar|
|p_read22     |   in|   24|     ap_none|                                                           p_read22|        scalar|
|p_read23     |   in|   24|     ap_none|                                                           p_read23|        scalar|
|p_read24     |   in|   24|     ap_none|                                                           p_read24|        scalar|
|p_read25     |   in|   24|     ap_none|                                                           p_read25|        scalar|
|p_read26     |   in|   24|     ap_none|                                                           p_read26|        scalar|
|p_read27     |   in|   24|     ap_none|                                                           p_read27|        scalar|
|p_read28     |   in|   24|     ap_none|                                                           p_read28|        scalar|
|p_read29     |   in|   24|     ap_none|                                                           p_read29|        scalar|
|p_read30     |   in|   24|     ap_none|                                                           p_read30|        scalar|
|p_read31     |   in|   24|     ap_none|                                                           p_read31|        scalar|
|p_read32     |   in|   24|     ap_none|                                                           p_read32|        scalar|
|p_read33     |   in|   24|     ap_none|                                                           p_read33|        scalar|
|p_read34     |   in|   24|     ap_none|                                                           p_read34|        scalar|
|p_read35     |   in|   24|     ap_none|                                                           p_read35|        scalar|
|p_read36     |   in|   24|     ap_none|                                                           p_read36|        scalar|
|p_read37     |   in|   24|     ap_none|                                                           p_read37|        scalar|
|p_read38     |   in|   24|     ap_none|                                                           p_read38|        scalar|
|p_read39     |   in|   24|     ap_none|                                                           p_read39|        scalar|
|p_read40     |   in|   24|     ap_none|                                                           p_read40|        scalar|
|p_read41     |   in|   24|     ap_none|                                                           p_read41|        scalar|
|p_read42     |   in|   24|     ap_none|                                                           p_read42|        scalar|
|p_read43     |   in|   24|     ap_none|                                                           p_read43|        scalar|
|p_read44     |   in|   24|     ap_none|                                                           p_read44|        scalar|
|p_read45     |   in|   24|     ap_none|                                                           p_read45|        scalar|
|p_read46     |   in|   24|     ap_none|                                                           p_read46|        scalar|
|p_read47     |   in|   24|     ap_none|                                                           p_read47|        scalar|
|p_read48     |   in|   24|     ap_none|                                                           p_read48|        scalar|
|p_read49     |   in|   24|     ap_none|                                                           p_read49|        scalar|
|p_read50     |   in|   24|     ap_none|                                                           p_read50|        scalar|
|p_read51     |   in|   24|     ap_none|                                                           p_read51|        scalar|
|p_read52     |   in|   24|     ap_none|                                                           p_read52|        scalar|
|p_read53     |   in|   24|     ap_none|                                                           p_read53|        scalar|
|p_read54     |   in|   24|     ap_none|                                                           p_read54|        scalar|
|p_read55     |   in|   24|     ap_none|                                                           p_read55|        scalar|
|p_read56     |   in|   24|     ap_none|                                                           p_read56|        scalar|
|p_read57     |   in|   24|     ap_none|                                                           p_read57|        scalar|
|p_read58     |   in|   24|     ap_none|                                                           p_read58|        scalar|
|p_read59     |   in|   24|     ap_none|                                                           p_read59|        scalar|
|p_read60     |   in|   24|     ap_none|                                                           p_read60|        scalar|
|p_read61     |   in|   24|     ap_none|                                                           p_read61|        scalar|
|p_read62     |   in|   24|     ap_none|                                                           p_read62|        scalar|
|p_read63     |   in|   24|     ap_none|                                                           p_read63|        scalar|
+-------------+-----+-----+------------+-------------------------------------------------------------------+--------------+

