

================================================================
== Vitis HLS Report for 'dense_resource_rf_leq_nin_ap_fixed_ap_fixed_18_14_5_3_0_config2_s'
================================================================
* Date:           Tue May 13 05:08:56 2025

* Version:        2023.2 (Build 4023990 on Oct 11 2023)
* Project:        myproject_prj
* Solution:       solution1 (Vivado IP Flow Target)
* Product family: artix7
* Target device:  xc7a200t-sbg484-1


================================================================
== Performance Estimates
================================================================
+ Timing: 
    * Summary: 
    +--------+----------+-----------+------------+
    |  Clock |  Target  | Estimated | Uncertainty|
    +--------+----------+-----------+------------+
    |ap_clk  |  15.00 ns|  12.079 ns|     1.88 ns|
    +--------+----------+-----------+------------+

+ Latency: 
    * Summary: 
    +---------+---------+----------+----------+-----+-----+------------------------------------------+
    |  Latency (cycles) |  Latency (absolute) |  Interval |                 Pipeline                 |
    |   min   |   max   |    min   |    max   | min | max |                   Type                   |
    +---------+---------+----------+----------+-----+-----+------------------------------------------+
    |       51|       52|  0.765 us|  0.780 us|   50|   50|  loop rewind stp(delay=0 clock cycles(s))|
    +---------+---------+----------+----------+-----+-----+------------------------------------------+

    + Detail: 
        * Instance: 
        N/A

        * Loop: 
        +-------------+---------+---------+----------+-----------+-----------+------+----------+
        |             |  Latency (cycles) | Iteration|  Initiation Interval  | Trip |          |
        |  Loop Name  |   min   |   max   |  Latency |  achieved |   target  | Count| Pipelined|
        +-------------+---------+---------+----------+-----------+-----------+------+----------+
        |- ReuseLoop  |       51|       51|         3|          1|          1|    50|       yes|
        +-------------+---------+---------+----------+-----------+-----------+------+----------+



================================================================
== Utilization Estimates
================================================================
* Summary: 
+-----------------+---------+-----+--------+--------+-----+
|       Name      | BRAM_18K| DSP |   FF   |   LUT  | URAM|
+-----------------+---------+-----+--------+--------+-----+
|DSP              |        -|    -|       -|       -|    -|
|Expression       |        -|    -|       0|    6721|    -|
|FIFO             |        -|    -|       -|       -|    -|
|Instance         |        -|  255|       0|    3562|    -|
|Memory           |      107|    -|       0|       0|    -|
|Multiplexer      |        -|    -|       -|    1799|    -|
|Register         |        -|    -|    9795|       -|    -|
+-----------------+---------+-----+--------+--------+-----+
|Total            |      107|  255|    9795|   12082|    0|
+-----------------+---------+-----+--------+--------+-----+
|Available        |      730|  740|  269200|  134600|    0|
+-----------------+---------+-----+--------+--------+-----+
|Utilization (%)  |       14|   34|       3|       8|    0|
+-----------------+---------+-----+--------+--------+-----+

+ Detail: 
    * Instance: 
    +-------------------------+--------------------+---------+----+---+----+-----+
    |         Instance        |       Module       | BRAM_18K| DSP| FF| LUT| URAM|
    +-------------------------+--------------------+---------+----+---+----+-----+
    |mul_18s_15s_33_1_1_U128  |mul_18s_15s_33_1_1  |        0|   1|  0|   6|    0|
    |mul_30s_18s_34_1_1_U1    |mul_30s_18s_34_1_1  |        0|   2|  0|  28|    0|
    |mul_30s_18s_34_1_1_U2    |mul_30s_18s_34_1_1  |        0|   2|  0|  28|    0|
    |mul_30s_18s_34_1_1_U3    |mul_30s_18s_34_1_1  |        0|   2|  0|  28|    0|
    |mul_30s_18s_34_1_1_U4    |mul_30s_18s_34_1_1  |        0|   2|  0|  28|    0|
    |mul_30s_18s_34_1_1_U5    |mul_30s_18s_34_1_1  |        0|   2|  0|  28|    0|
    |mul_30s_18s_34_1_1_U6    |mul_30s_18s_34_1_1  |        0|   2|  0|  28|    0|
    |mul_30s_18s_34_1_1_U7    |mul_30s_18s_34_1_1  |        0|   2|  0|  28|    0|
    |mul_30s_18s_34_1_1_U8    |mul_30s_18s_34_1_1  |        0|   2|  0|  28|    0|
    |mul_30s_18s_34_1_1_U9    |mul_30s_18s_34_1_1  |        0|   2|  0|  28|    0|
    |mul_30s_18s_34_1_1_U10   |mul_30s_18s_34_1_1  |        0|   2|  0|  28|    0|
    |mul_30s_18s_34_1_1_U11   |mul_30s_18s_34_1_1  |        0|   2|  0|  28|    0|
    |mul_30s_18s_34_1_1_U12   |mul_30s_18s_34_1_1  |        0|   2|  0|  28|    0|
    |mul_30s_18s_34_1_1_U13   |mul_30s_18s_34_1_1  |        0|   2|  0|  28|    0|
    |mul_30s_18s_34_1_1_U14   |mul_30s_18s_34_1_1  |        0|   2|  0|  28|    0|
    |mul_30s_18s_34_1_1_U15   |mul_30s_18s_34_1_1  |        0|   2|  0|  28|    0|
    |mul_30s_18s_34_1_1_U16   |mul_30s_18s_34_1_1  |        0|   2|  0|  28|    0|
    |mul_30s_18s_34_1_1_U17   |mul_30s_18s_34_1_1  |        0|   2|  0|  28|    0|
    |mul_30s_18s_34_1_1_U18   |mul_30s_18s_34_1_1  |        0|   2|  0|  28|    0|
    |mul_30s_18s_34_1_1_U19   |mul_30s_18s_34_1_1  |        0|   2|  0|  28|    0|
    |mul_30s_18s_34_1_1_U20   |mul_30s_18s_34_1_1  |        0|   2|  0|  28|    0|
    |mul_30s_18s_34_1_1_U21   |mul_30s_18s_34_1_1  |        0|   2|  0|  28|    0|
    |mul_30s_18s_34_1_1_U22   |mul_30s_18s_34_1_1  |        0|   2|  0|  28|    0|
    |mul_30s_18s_34_1_1_U23   |mul_30s_18s_34_1_1  |        0|   2|  0|  28|    0|
    |mul_30s_18s_34_1_1_U24   |mul_30s_18s_34_1_1  |        0|   2|  0|  28|    0|
    |mul_30s_18s_34_1_1_U25   |mul_30s_18s_34_1_1  |        0|   2|  0|  28|    0|
    |mul_30s_18s_34_1_1_U26   |mul_30s_18s_34_1_1  |        0|   2|  0|  28|    0|
    |mul_30s_18s_34_1_1_U27   |mul_30s_18s_34_1_1  |        0|   2|  0|  28|    0|
    |mul_30s_18s_34_1_1_U28   |mul_30s_18s_34_1_1  |        0|   2|  0|  28|    0|
    |mul_30s_18s_34_1_1_U29   |mul_30s_18s_34_1_1  |        0|   2|  0|  28|    0|
    |mul_30s_18s_34_1_1_U30   |mul_30s_18s_34_1_1  |        0|   2|  0|  28|    0|
    |mul_30s_18s_34_1_1_U31   |mul_30s_18s_34_1_1  |        0|   2|  0|  28|    0|
    |mul_30s_18s_34_1_1_U32   |mul_30s_18s_34_1_1  |        0|   2|  0|  28|    0|
    |mul_30s_18s_34_1_1_U33   |mul_30s_18s_34_1_1  |        0|   2|  0|  28|    0|
    |mul_30s_18s_34_1_1_U34   |mul_30s_18s_34_1_1  |        0|   2|  0|  28|    0|
    |mul_30s_18s_34_1_1_U35   |mul_30s_18s_34_1_1  |        0|   2|  0|  28|    0|
    |mul_30s_18s_34_1_1_U36   |mul_30s_18s_34_1_1  |        0|   2|  0|  28|    0|
    |mul_30s_18s_34_1_1_U37   |mul_30s_18s_34_1_1  |        0|   2|  0|  28|    0|
    |mul_30s_18s_34_1_1_U38   |mul_30s_18s_34_1_1  |        0|   2|  0|  28|    0|
    |mul_30s_18s_34_1_1_U39   |mul_30s_18s_34_1_1  |        0|   2|  0|  28|    0|
    |mul_30s_18s_34_1_1_U40   |mul_30s_18s_34_1_1  |        0|   2|  0|  28|    0|
    |mul_30s_18s_34_1_1_U41   |mul_30s_18s_34_1_1  |        0|   2|  0|  28|    0|
    |mul_30s_18s_34_1_1_U42   |mul_30s_18s_34_1_1  |        0|   2|  0|  28|    0|
    |mul_30s_18s_34_1_1_U43   |mul_30s_18s_34_1_1  |        0|   2|  0|  28|    0|
    |mul_30s_18s_34_1_1_U44   |mul_30s_18s_34_1_1  |        0|   2|  0|  28|    0|
    |mul_30s_18s_34_1_1_U45   |mul_30s_18s_34_1_1  |        0|   2|  0|  28|    0|
    |mul_30s_18s_34_1_1_U46   |mul_30s_18s_34_1_1  |        0|   2|  0|  28|    0|
    |mul_30s_18s_34_1_1_U47   |mul_30s_18s_34_1_1  |        0|   2|  0|  28|    0|
    |mul_30s_18s_34_1_1_U48   |mul_30s_18s_34_1_1  |        0|   2|  0|  28|    0|
    |mul_30s_18s_34_1_1_U49   |mul_30s_18s_34_1_1  |        0|   2|  0|  28|    0|
    |mul_30s_18s_34_1_1_U50   |mul_30s_18s_34_1_1  |        0|   2|  0|  28|    0|
    |mul_30s_18s_34_1_1_U51   |mul_30s_18s_34_1_1  |        0|   2|  0|  28|    0|
    |mul_30s_18s_34_1_1_U52   |mul_30s_18s_34_1_1  |        0|   2|  0|  28|    0|
    |mul_30s_18s_34_1_1_U53   |mul_30s_18s_34_1_1  |        0|   2|  0|  28|    0|
    |mul_30s_18s_34_1_1_U54   |mul_30s_18s_34_1_1  |        0|   2|  0|  28|    0|
    |mul_30s_18s_34_1_1_U55   |mul_30s_18s_34_1_1  |        0|   2|  0|  28|    0|
    |mul_30s_18s_34_1_1_U56   |mul_30s_18s_34_1_1  |        0|   2|  0|  28|    0|
    |mul_30s_18s_34_1_1_U57   |mul_30s_18s_34_1_1  |        0|   2|  0|  28|    0|
    |mul_30s_18s_34_1_1_U58   |mul_30s_18s_34_1_1  |        0|   2|  0|  28|    0|
    |mul_30s_18s_34_1_1_U59   |mul_30s_18s_34_1_1  |        0|   2|  0|  28|    0|
    |mul_30s_18s_34_1_1_U60   |mul_30s_18s_34_1_1  |        0|   2|  0|  28|    0|
    |mul_30s_18s_34_1_1_U61   |mul_30s_18s_34_1_1  |        0|   2|  0|  28|    0|
    |mul_30s_18s_34_1_1_U62   |mul_30s_18s_34_1_1  |        0|   2|  0|  28|    0|
    |mul_30s_18s_34_1_1_U63   |mul_30s_18s_34_1_1  |        0|   2|  0|  28|    0|
    |mul_30s_18s_34_1_1_U64   |mul_30s_18s_34_1_1  |        0|   2|  0|  28|    0|
    |mul_30s_18s_34_1_1_U65   |mul_30s_18s_34_1_1  |        0|   2|  0|  28|    0|
    |mul_30s_18s_34_1_1_U66   |mul_30s_18s_34_1_1  |        0|   2|  0|  28|    0|
    |mul_30s_18s_34_1_1_U67   |mul_30s_18s_34_1_1  |        0|   2|  0|  28|    0|
    |mul_30s_18s_34_1_1_U68   |mul_30s_18s_34_1_1  |        0|   2|  0|  28|    0|
    |mul_30s_18s_34_1_1_U69   |mul_30s_18s_34_1_1  |        0|   2|  0|  28|    0|
    |mul_30s_18s_34_1_1_U70   |mul_30s_18s_34_1_1  |        0|   2|  0|  28|    0|
    |mul_30s_18s_34_1_1_U71   |mul_30s_18s_34_1_1  |        0|   2|  0|  28|    0|
    |mul_30s_18s_34_1_1_U72   |mul_30s_18s_34_1_1  |        0|   2|  0|  28|    0|
    |mul_30s_18s_34_1_1_U73   |mul_30s_18s_34_1_1  |        0|   2|  0|  28|    0|
    |mul_30s_18s_34_1_1_U74   |mul_30s_18s_34_1_1  |        0|   2|  0|  28|    0|
    |mul_30s_18s_34_1_1_U75   |mul_30s_18s_34_1_1  |        0|   2|  0|  28|    0|
    |mul_30s_18s_34_1_1_U76   |mul_30s_18s_34_1_1  |        0|   2|  0|  28|    0|
    |mul_30s_18s_34_1_1_U77   |mul_30s_18s_34_1_1  |        0|   2|  0|  28|    0|
    |mul_30s_18s_34_1_1_U78   |mul_30s_18s_34_1_1  |        0|   2|  0|  28|    0|
    |mul_30s_18s_34_1_1_U79   |mul_30s_18s_34_1_1  |        0|   2|  0|  28|    0|
    |mul_30s_18s_34_1_1_U80   |mul_30s_18s_34_1_1  |        0|   2|  0|  28|    0|
    |mul_30s_18s_34_1_1_U81   |mul_30s_18s_34_1_1  |        0|   2|  0|  28|    0|
    |mul_30s_18s_34_1_1_U82   |mul_30s_18s_34_1_1  |        0|   2|  0|  28|    0|
    |mul_30s_18s_34_1_1_U83   |mul_30s_18s_34_1_1  |        0|   2|  0|  28|    0|
    |mul_30s_18s_34_1_1_U84   |mul_30s_18s_34_1_1  |        0|   2|  0|  28|    0|
    |mul_30s_18s_34_1_1_U85   |mul_30s_18s_34_1_1  |        0|   2|  0|  28|    0|
    |mul_30s_18s_34_1_1_U86   |mul_30s_18s_34_1_1  |        0|   2|  0|  28|    0|
    |mul_30s_18s_34_1_1_U87   |mul_30s_18s_34_1_1  |        0|   2|  0|  28|    0|
    |mul_30s_18s_34_1_1_U88   |mul_30s_18s_34_1_1  |        0|   2|  0|  28|    0|
    |mul_30s_18s_34_1_1_U89   |mul_30s_18s_34_1_1  |        0|   2|  0|  28|    0|
    |mul_30s_18s_34_1_1_U90   |mul_30s_18s_34_1_1  |        0|   2|  0|  28|    0|
    |mul_30s_18s_34_1_1_U91   |mul_30s_18s_34_1_1  |        0|   2|  0|  28|    0|
    |mul_30s_18s_34_1_1_U92   |mul_30s_18s_34_1_1  |        0|   2|  0|  28|    0|
    |mul_30s_18s_34_1_1_U93   |mul_30s_18s_34_1_1  |        0|   2|  0|  28|    0|
    |mul_30s_18s_34_1_1_U94   |mul_30s_18s_34_1_1  |        0|   2|  0|  28|    0|
    |mul_30s_18s_34_1_1_U95   |mul_30s_18s_34_1_1  |        0|   2|  0|  28|    0|
    |mul_30s_18s_34_1_1_U96   |mul_30s_18s_34_1_1  |        0|   2|  0|  28|    0|
    |mul_30s_18s_34_1_1_U97   |mul_30s_18s_34_1_1  |        0|   2|  0|  28|    0|
    |mul_30s_18s_34_1_1_U98   |mul_30s_18s_34_1_1  |        0|   2|  0|  28|    0|
    |mul_30s_18s_34_1_1_U99   |mul_30s_18s_34_1_1  |        0|   2|  0|  28|    0|
    |mul_30s_18s_34_1_1_U100  |mul_30s_18s_34_1_1  |        0|   2|  0|  28|    0|
    |mul_30s_18s_34_1_1_U101  |mul_30s_18s_34_1_1  |        0|   2|  0|  28|    0|
    |mul_30s_18s_34_1_1_U102  |mul_30s_18s_34_1_1  |        0|   2|  0|  28|    0|
    |mul_30s_18s_34_1_1_U103  |mul_30s_18s_34_1_1  |        0|   2|  0|  28|    0|
    |mul_30s_18s_34_1_1_U104  |mul_30s_18s_34_1_1  |        0|   2|  0|  28|    0|
    |mul_30s_18s_34_1_1_U105  |mul_30s_18s_34_1_1  |        0|   2|  0|  28|    0|
    |mul_30s_18s_34_1_1_U106  |mul_30s_18s_34_1_1  |        0|   2|  0|  28|    0|
    |mul_30s_18s_34_1_1_U107  |mul_30s_18s_34_1_1  |        0|   2|  0|  28|    0|
    |mul_30s_18s_34_1_1_U108  |mul_30s_18s_34_1_1  |        0|   2|  0|  28|    0|
    |mul_30s_18s_34_1_1_U109  |mul_30s_18s_34_1_1  |        0|   2|  0|  28|    0|
    |mul_30s_18s_34_1_1_U110  |mul_30s_18s_34_1_1  |        0|   2|  0|  28|    0|
    |mul_30s_18s_34_1_1_U111  |mul_30s_18s_34_1_1  |        0|   2|  0|  28|    0|
    |mul_30s_18s_34_1_1_U112  |mul_30s_18s_34_1_1  |        0|   2|  0|  28|    0|
    |mul_30s_18s_34_1_1_U113  |mul_30s_18s_34_1_1  |        0|   2|  0|  28|    0|
    |mul_30s_18s_34_1_1_U114  |mul_30s_18s_34_1_1  |        0|   2|  0|  28|    0|
    |mul_30s_18s_34_1_1_U115  |mul_30s_18s_34_1_1  |        0|   2|  0|  28|    0|
    |mul_30s_18s_34_1_1_U116  |mul_30s_18s_34_1_1  |        0|   2|  0|  28|    0|
    |mul_30s_18s_34_1_1_U117  |mul_30s_18s_34_1_1  |        0|   2|  0|  28|    0|
    |mul_30s_18s_34_1_1_U118  |mul_30s_18s_34_1_1  |        0|   2|  0|  28|    0|
    |mul_30s_18s_34_1_1_U119  |mul_30s_18s_34_1_1  |        0|   2|  0|  28|    0|
    |mul_30s_18s_34_1_1_U120  |mul_30s_18s_34_1_1  |        0|   2|  0|  28|    0|
    |mul_30s_18s_34_1_1_U121  |mul_30s_18s_34_1_1  |        0|   2|  0|  28|    0|
    |mul_30s_18s_34_1_1_U122  |mul_30s_18s_34_1_1  |        0|   2|  0|  28|    0|
    |mul_30s_18s_34_1_1_U123  |mul_30s_18s_34_1_1  |        0|   2|  0|  28|    0|
    |mul_30s_18s_34_1_1_U124  |mul_30s_18s_34_1_1  |        0|   2|  0|  28|    0|
    |mul_30s_18s_34_1_1_U125  |mul_30s_18s_34_1_1  |        0|   2|  0|  28|    0|
    |mul_30s_18s_34_1_1_U126  |mul_30s_18s_34_1_1  |        0|   2|  0|  28|    0|
    |mul_30s_18s_34_1_1_U127  |mul_30s_18s_34_1_1  |        0|   2|  0|  28|    0|
    +-------------------------+--------------------+---------+----+---+----+-----+
    |Total                    |                    |        0| 255|  0|3562|    0|
    +-------------------------+--------------------+---------+----+---+----+-----+

    * DSP: 
    N/A

    * Memory: 
    +---------+----------------------------------------------------------------------------------+---------+---+----+-----+------+------+------+-------------+
    |  Memory |                                      Module                                      | BRAM_18K| FF| LUT| URAM| Words| Bits | Banks| W*Bits*Banks|
    +---------+----------------------------------------------------------------------------------+---------+---+----+-----+------+------+------+-------------+
    |w2_76_U  |dense_resource_rf_leq_nin_ap_fixed_ap_fixed_18_14_5_3_0_config2_s_w2_76_ROM_Nbkb  |      107|  0|   0|    0|    50|  3825|     1|       191250|
    +---------+----------------------------------------------------------------------------------+---------+---+----+-----+------+------+------+-------------+
    |Total    |                                                                                  |      107|  0|   0|    0|    50|  3825|     1|       191250|
    +---------+----------------------------------------------------------------------------------+---------+---+----+-----+------+------+------+-------------+

    * FIFO: 
    N/A

    * Expression: 
    +----------------------------------+----------+----+---+------+------------+------------+
    |           Variable Name          | Operation| DSP| FF|  LUT | Bitwidth P0| Bitwidth P1|
    +----------------------------------+----------+----+---+------+------------+------------+
    |add_ln58_100_fu_5600_p2           |         +|   0|  0|    18|          18|          18|
    |add_ln58_101_fu_5634_p2           |         +|   0|  0|    18|          18|          18|
    |add_ln58_102_fu_5640_p2           |         +|   0|  0|    18|          18|          18|
    |add_ln58_103_fu_5674_p2           |         +|   0|  0|    18|          18|          18|
    |add_ln58_104_fu_5680_p2           |         +|   0|  0|    18|          18|          18|
    |add_ln58_105_fu_5714_p2           |         +|   0|  0|    18|          18|          18|
    |add_ln58_106_fu_5720_p2           |         +|   0|  0|    18|          18|          18|
    |add_ln58_107_fu_5754_p2           |         +|   0|  0|    18|          18|          18|
    |add_ln58_108_fu_5760_p2           |         +|   0|  0|    18|          18|          18|
    |add_ln58_109_fu_5794_p2           |         +|   0|  0|    18|          18|          18|
    |add_ln58_10_fu_3800_p2            |         +|   0|  0|    18|          18|          18|
    |add_ln58_110_fu_5800_p2           |         +|   0|  0|    18|          18|          18|
    |add_ln58_111_fu_5834_p2           |         +|   0|  0|    18|          18|          18|
    |add_ln58_112_fu_5840_p2           |         +|   0|  0|    18|          18|          18|
    |add_ln58_113_fu_5874_p2           |         +|   0|  0|    18|          18|          18|
    |add_ln58_114_fu_5880_p2           |         +|   0|  0|    18|          18|          18|
    |add_ln58_115_fu_5914_p2           |         +|   0|  0|    18|          18|          18|
    |add_ln58_116_fu_5920_p2           |         +|   0|  0|    18|          18|          18|
    |add_ln58_117_fu_5954_p2           |         +|   0|  0|    18|          18|          18|
    |add_ln58_118_fu_5960_p2           |         +|   0|  0|    18|          18|          18|
    |add_ln58_119_fu_5994_p2           |         +|   0|  0|    18|          18|          18|
    |add_ln58_11_fu_3834_p2            |         +|   0|  0|    18|          18|          18|
    |add_ln58_120_fu_6000_p2           |         +|   0|  0|    18|          18|          18|
    |add_ln58_121_fu_6034_p2           |         +|   0|  0|    18|          18|          18|
    |add_ln58_122_fu_6040_p2           |         +|   0|  0|    18|          18|          18|
    |add_ln58_123_fu_6074_p2           |         +|   0|  0|    18|          18|          18|
    |add_ln58_124_fu_6080_p2           |         +|   0|  0|    18|          18|          18|
    |add_ln58_125_fu_6114_p2           |         +|   0|  0|    18|          18|          18|
    |add_ln58_126_fu_6120_p2           |         +|   0|  0|    18|          18|          18|
    |add_ln58_127_fu_6163_p2           |         +|   0|  0|    18|          18|          18|
    |add_ln58_128_fu_6169_p2           |         +|   0|  0|    18|          18|          18|
    |add_ln58_12_fu_3840_p2            |         +|   0|  0|    18|          18|          18|
    |add_ln58_13_fu_3874_p2            |         +|   0|  0|    18|          18|          18|
    |add_ln58_14_fu_3880_p2            |         +|   0|  0|    18|          18|          18|
    |add_ln58_15_fu_3914_p2            |         +|   0|  0|    18|          18|          18|
    |add_ln58_16_fu_3920_p2            |         +|   0|  0|    18|          18|          18|
    |add_ln58_17_fu_3954_p2            |         +|   0|  0|    18|          18|          18|
    |add_ln58_18_fu_3960_p2            |         +|   0|  0|    18|          18|          18|
    |add_ln58_19_fu_3994_p2            |         +|   0|  0|    18|          18|          18|
    |add_ln58_20_fu_4000_p2            |         +|   0|  0|    18|          18|          18|
    |add_ln58_21_fu_4034_p2            |         +|   0|  0|    18|          18|          18|
    |add_ln58_22_fu_4040_p2            |         +|   0|  0|    18|          18|          18|
    |add_ln58_23_fu_4074_p2            |         +|   0|  0|    18|          18|          18|
    |add_ln58_24_fu_4080_p2            |         +|   0|  0|    18|          18|          18|
    |add_ln58_25_fu_4114_p2            |         +|   0|  0|    18|          18|          18|
    |add_ln58_26_fu_4120_p2            |         +|   0|  0|    18|          18|          18|
    |add_ln58_27_fu_4154_p2            |         +|   0|  0|    18|          18|          18|
    |add_ln58_28_fu_4160_p2            |         +|   0|  0|    18|          18|          18|
    |add_ln58_29_fu_4194_p2            |         +|   0|  0|    18|          18|          18|
    |add_ln58_2_fu_3640_p2             |         +|   0|  0|    18|          18|          18|
    |add_ln58_30_fu_4200_p2            |         +|   0|  0|    18|          18|          18|
    |add_ln58_31_fu_4234_p2            |         +|   0|  0|    18|          18|          18|
    |add_ln58_32_fu_4240_p2            |         +|   0|  0|    18|          18|          18|
    |add_ln58_33_fu_4274_p2            |         +|   0|  0|    18|          18|          18|
    |add_ln58_34_fu_4280_p2            |         +|   0|  0|    18|          18|          18|
    |add_ln58_35_fu_4314_p2            |         +|   0|  0|    18|          18|          18|
    |add_ln58_36_fu_4320_p2            |         +|   0|  0|    18|          18|          18|
    |add_ln58_37_fu_4354_p2            |         +|   0|  0|    18|          18|          18|
    |add_ln58_38_fu_4360_p2            |         +|   0|  0|    18|          18|          18|
    |add_ln58_39_fu_4394_p2            |         +|   0|  0|    18|          18|          18|
    |add_ln58_3_fu_3674_p2             |         +|   0|  0|    18|          18|          18|
    |add_ln58_40_fu_4400_p2            |         +|   0|  0|    18|          18|          18|
    |add_ln58_41_fu_4434_p2            |         +|   0|  0|    18|          18|          18|
    |add_ln58_42_fu_4440_p2            |         +|   0|  0|    18|          18|          18|
    |add_ln58_43_fu_4474_p2            |         +|   0|  0|    18|          18|          18|
    |add_ln58_44_fu_4480_p2            |         +|   0|  0|    18|          18|          18|
    |add_ln58_45_fu_4514_p2            |         +|   0|  0|    18|          18|          18|
    |add_ln58_46_fu_4520_p2            |         +|   0|  0|    18|          18|          18|
    |add_ln58_47_fu_4554_p2            |         +|   0|  0|    18|          18|          18|
    |add_ln58_48_fu_4560_p2            |         +|   0|  0|    18|          18|          18|
    |add_ln58_49_fu_4594_p2            |         +|   0|  0|    18|          18|          18|
    |add_ln58_4_fu_3680_p2             |         +|   0|  0|    18|          18|          18|
    |add_ln58_50_fu_4600_p2            |         +|   0|  0|    18|          18|          18|
    |add_ln58_51_fu_4634_p2            |         +|   0|  0|    18|          18|          18|
    |add_ln58_52_fu_4640_p2            |         +|   0|  0|    18|          18|          18|
    |add_ln58_53_fu_4674_p2            |         +|   0|  0|    18|          18|          18|
    |add_ln58_54_fu_4680_p2            |         +|   0|  0|    18|          18|          18|
    |add_ln58_55_fu_4714_p2            |         +|   0|  0|    18|          18|          18|
    |add_ln58_56_fu_4720_p2            |         +|   0|  0|    18|          18|          18|
    |add_ln58_57_fu_4754_p2            |         +|   0|  0|    18|          18|          18|
    |add_ln58_58_fu_4760_p2            |         +|   0|  0|    18|          18|          18|
    |add_ln58_59_fu_4794_p2            |         +|   0|  0|    18|          18|          18|
    |add_ln58_5_fu_3714_p2             |         +|   0|  0|    18|          18|          18|
    |add_ln58_60_fu_4800_p2            |         +|   0|  0|    18|          18|          18|
    |add_ln58_61_fu_4834_p2            |         +|   0|  0|    18|          18|          18|
    |add_ln58_62_fu_4840_p2            |         +|   0|  0|    18|          18|          18|
    |add_ln58_63_fu_4874_p2            |         +|   0|  0|    18|          18|          18|
    |add_ln58_64_fu_4880_p2            |         +|   0|  0|    18|          18|          18|
    |add_ln58_65_fu_4914_p2            |         +|   0|  0|    18|          18|          18|
    |add_ln58_66_fu_4920_p2            |         +|   0|  0|    18|          18|          18|
    |add_ln58_67_fu_4954_p2            |         +|   0|  0|    18|          18|          18|
    |add_ln58_68_fu_4960_p2            |         +|   0|  0|    18|          18|          18|
    |add_ln58_69_fu_4994_p2            |         +|   0|  0|    18|          18|          18|
    |add_ln58_6_fu_3720_p2             |         +|   0|  0|    18|          18|          18|
    |add_ln58_70_fu_5000_p2            |         +|   0|  0|    18|          18|          18|
    |add_ln58_71_fu_5034_p2            |         +|   0|  0|    18|          18|          18|
    |add_ln58_72_fu_5040_p2            |         +|   0|  0|    18|          18|          18|
    |add_ln58_73_fu_5074_p2            |         +|   0|  0|    18|          18|          18|
    |add_ln58_74_fu_5080_p2            |         +|   0|  0|    18|          18|          18|
    |add_ln58_75_fu_5114_p2            |         +|   0|  0|    18|          18|          18|
    |add_ln58_76_fu_5120_p2            |         +|   0|  0|    18|          18|          18|
    |add_ln58_77_fu_5154_p2            |         +|   0|  0|    18|          18|          18|
    |add_ln58_78_fu_5160_p2            |         +|   0|  0|    18|          18|          18|
    |add_ln58_79_fu_5194_p2            |         +|   0|  0|    18|          18|          18|
    |add_ln58_7_fu_3754_p2             |         +|   0|  0|    18|          18|          18|
    |add_ln58_80_fu_5200_p2            |         +|   0|  0|    18|          18|          18|
    |add_ln58_81_fu_5234_p2            |         +|   0|  0|    18|          18|          18|
    |add_ln58_82_fu_5240_p2            |         +|   0|  0|    18|          18|          18|
    |add_ln58_83_fu_5274_p2            |         +|   0|  0|    18|          18|          18|
    |add_ln58_84_fu_5280_p2            |         +|   0|  0|    18|          18|          18|
    |add_ln58_85_fu_5314_p2            |         +|   0|  0|    18|          18|          18|
    |add_ln58_86_fu_5320_p2            |         +|   0|  0|    18|          18|          18|
    |add_ln58_87_fu_5354_p2            |         +|   0|  0|    18|          18|          18|
    |add_ln58_88_fu_5360_p2            |         +|   0|  0|    18|          18|          18|
    |add_ln58_89_fu_5394_p2            |         +|   0|  0|    18|          18|          18|
    |add_ln58_8_fu_3760_p2             |         +|   0|  0|    18|          18|          18|
    |add_ln58_90_fu_5400_p2            |         +|   0|  0|    18|          18|          18|
    |add_ln58_91_fu_5434_p2            |         +|   0|  0|    18|          18|          18|
    |add_ln58_92_fu_5440_p2            |         +|   0|  0|    18|          18|          18|
    |add_ln58_93_fu_5474_p2            |         +|   0|  0|    18|          18|          18|
    |add_ln58_94_fu_5480_p2            |         +|   0|  0|    18|          18|          18|
    |add_ln58_95_fu_5514_p2            |         +|   0|  0|    18|          18|          18|
    |add_ln58_96_fu_5520_p2            |         +|   0|  0|    18|          18|          18|
    |add_ln58_97_fu_5554_p2            |         +|   0|  0|    18|          18|          18|
    |add_ln58_98_fu_5560_p2            |         +|   0|  0|    18|          18|          18|
    |add_ln58_99_fu_5594_p2            |         +|   0|  0|    18|          18|          18|
    |add_ln58_9_fu_3794_p2             |         +|   0|  0|    18|          18|          18|
    |add_ln58_fu_3634_p2               |         +|   0|  0|    18|          18|          18|
    |add_ln59_1_fu_2142_p2             |         +|   0|  0|    17|          10|          10|
    |add_ln59_fu_2180_p2               |         +|   0|  0|    18|          11|          10|
    |w_index_fu_2148_p2                |         +|   0|  0|    14|           6|           1|
    |ap_condition_frp_pvb_no_bkwd_prs  |       and|   0|  0|     2|           1|           1|
    |ap_condition_frp_pvb_pf_start     |       and|   0|  0|     2|           1|           1|
    |pf_all_done                       |       and|   0|  0|     2|           1|           1|
    |pf_sync_continue                  |       and|   0|  0|     2|           1|           1|
    |icmp_ln46_fu_2154_p2              |      icmp|   0|  0|    14|           6|           5|
    |empty_17_fu_2190_p2               |      lshr|   0|  0|  2171|        1800|        1800|
    |empty_fu_2166_p2                  |      lshr|   0|  0|  2171|        1800|        1800|
    |ap_block_state1_pp0_stage0_iter0  |        or|   0|  0|     2|           1|           1|
    |ap_enable_pp0                     |       xor|   0|  0|     2|           1|           2|
    +----------------------------------+----------+----+---+------+------------+------------+
    |Total                             |          |   0|  0|  6721|        5943|        5937|
    +----------------------------------+----------+----+---+------+------------+------------+

    * Multiplexer: 
    +-----------------------------------------------+----+-----------+------+-----------+
    |                      Name                     | LUT| Input Size| Bits | Total Bits|
    +-----------------------------------------------+----+-----------+------+-----------+
    |ap_loop_exit_ready_pp0_iter2_reg               |   9|          2|     1|          2|
    |ap_phi_mux_do_init_phi_fu_662_p6               |  13|          3|     1|          3|
    |ap_phi_mux_input_1_load_phi_phi_fu_705_p4      |   9|          2|  1800|       3600|
    |ap_phi_mux_res_0_0129_phi_fu_717_p6            |   9|          2|    18|         36|
    |ap_phi_mux_res_10_0109_phi_fu_857_p6           |   9|          2|    18|         36|
    |ap_phi_mux_res_11_0107_phi_fu_871_p6           |   9|          2|    18|         36|
    |ap_phi_mux_res_12_0105_phi_fu_885_p6           |   9|          2|    18|         36|
    |ap_phi_mux_res_13_0103_phi_fu_899_p6           |   9|          2|    18|         36|
    |ap_phi_mux_res_1445_0101_phi_fu_913_p6         |   9|          2|    18|         36|
    |ap_phi_mux_res_15_099_phi_fu_927_p6            |   9|          2|    18|         36|
    |ap_phi_mux_res_16_097_phi_fu_941_p6            |   9|          2|    18|         36|
    |ap_phi_mux_res_17_095_phi_fu_955_p6            |   9|          2|    18|         36|
    |ap_phi_mux_res_18_093_phi_fu_969_p6            |   9|          2|    18|         36|
    |ap_phi_mux_res_19_091_phi_fu_983_p6            |   9|          2|    18|         36|
    |ap_phi_mux_res_1_0127_phi_fu_731_p6            |   9|          2|    18|         36|
    |ap_phi_mux_res_20_089_phi_fu_997_p6            |   9|          2|    18|         36|
    |ap_phi_mux_res_21_087_phi_fu_1011_p6           |   9|          2|    18|         36|
    |ap_phi_mux_res_22_085_phi_fu_1025_p6           |   9|          2|    18|         36|
    |ap_phi_mux_res_23_083_phi_fu_1039_p6           |   9|          2|    18|         36|
    |ap_phi_mux_res_24_081_phi_fu_1053_p6           |   9|          2|    18|         36|
    |ap_phi_mux_res_25_079_phi_fu_1067_p6           |   9|          2|    18|         36|
    |ap_phi_mux_res_26_077_phi_fu_1081_p6           |   9|          2|    18|         36|
    |ap_phi_mux_res_2786_075_phi_fu_1095_p6         |   9|          2|    18|         36|
    |ap_phi_mux_res_28_073_phi_fu_1109_p6           |   9|          2|    18|         36|
    |ap_phi_mux_res_29_071_phi_fu_1123_p6           |   9|          2|    18|         36|
    |ap_phi_mux_res_2_0125_phi_fu_745_p6            |   9|          2|    18|         36|
    |ap_phi_mux_res_30_069_phi_fu_1137_p6           |   9|          2|    18|         36|
    |ap_phi_mux_res_31_067_phi_fu_1151_p6           |   9|          2|    18|         36|
    |ap_phi_mux_res_32_065_phi_fu_1165_p6           |   9|          2|    18|         36|
    |ap_phi_mux_res_33_063_phi_fu_1179_p6           |   9|          2|    18|         36|
    |ap_phi_mux_res_34_061_phi_fu_1193_p6           |   9|          2|    18|         36|
    |ap_phi_mux_res_35_059_phi_fu_1207_p6           |   9|          2|    18|         36|
    |ap_phi_mux_res_36_057_phi_fu_1221_p6           |   9|          2|    18|         36|
    |ap_phi_mux_res_37_055_phi_fu_1235_p6           |   9|          2|    18|         36|
    |ap_phi_mux_res_38_053_phi_fu_1249_p6           |   9|          2|    18|         36|
    |ap_phi_mux_res_39_051_phi_fu_1263_p6           |   9|          2|    18|         36|
    |ap_phi_mux_res_3_0123_phi_fu_759_p6            |   9|          2|    18|         36|
    |ap_phi_mux_res_40_049_phi_fu_1277_p6           |   9|          2|    18|         36|
    |ap_phi_mux_res_41_047_phi_fu_1291_p6           |   9|          2|    18|         36|
    |ap_phi_mux_res_42_045_phi_fu_1305_p6           |   9|          2|    18|         36|
    |ap_phi_mux_res_43_043_phi_fu_1319_p6           |   9|          2|    18|         36|
    |ap_phi_mux_res_44_041_phi_fu_1333_p6           |   9|          2|    18|         36|
    |ap_phi_mux_res_45_039_phi_fu_1347_p6           |   9|          2|    18|         36|
    |ap_phi_mux_res_46_037_phi_fu_1361_p6           |   9|          2|    18|         36|
    |ap_phi_mux_res_47_035_phi_fu_1375_p6           |   9|          2|    18|         36|
    |ap_phi_mux_res_48_033_phi_fu_1389_p6           |   9|          2|    18|         36|
    |ap_phi_mux_res_49_031_phi_fu_1403_p6           |   9|          2|    18|         36|
    |ap_phi_mux_res_4_0121_phi_fu_773_p6            |   9|          2|    18|         36|
    |ap_phi_mux_res_50_029_phi_fu_1417_p6           |   9|          2|    18|         36|
    |ap_phi_mux_res_51_027_phi_fu_1431_p6           |   9|          2|    18|         36|
    |ap_phi_mux_res_52_025_phi_fu_1445_p6           |   9|          2|    18|         36|
    |ap_phi_mux_res_53_023_phi_fu_1459_p6           |   9|          2|    18|         36|
    |ap_phi_mux_res_54_021_phi_fu_1473_p6           |   9|          2|    18|         36|
    |ap_phi_mux_res_55_019_phi_fu_1487_p6           |   9|          2|    18|         36|
    |ap_phi_mux_res_56_017_phi_fu_1501_p6           |   9|          2|    18|         36|
    |ap_phi_mux_res_57_015_phi_fu_1515_p6           |   9|          2|    18|         36|
    |ap_phi_mux_res_58_013_phi_fu_1529_p6           |   9|          2|    18|         36|
    |ap_phi_mux_res_59_011_phi_fu_1543_p6           |   9|          2|    18|         36|
    |ap_phi_mux_res_5_0119_phi_fu_787_p6            |   9|          2|    18|         36|
    |ap_phi_mux_res_60_09_phi_fu_1557_p6            |   9|          2|    18|         36|
    |ap_phi_mux_res_61_07_phi_fu_1571_p6            |   9|          2|    18|         36|
    |ap_phi_mux_res_62_05_phi_fu_1585_p6            |   9|          2|    18|         36|
    |ap_phi_mux_res_63_03_phi_fu_1599_p6            |   9|          2|    18|         36|
    |ap_phi_mux_res_6_0117_phi_fu_801_p6            |   9|          2|    18|         36|
    |ap_phi_mux_res_7_0115_phi_fu_815_p6            |   9|          2|    18|         36|
    |ap_phi_mux_res_8_0113_phi_fu_829_p6            |   9|          2|    18|         36|
    |ap_phi_mux_res_9_0111_phi_fu_843_p6            |   9|          2|    18|         36|
    |ap_phi_mux_w_index131_phi_fu_677_p6            |  13|          3|     6|         18|
    |ap_phi_reg_pp0_iter1_input_1_load_phi_reg_701  |   9|          2|  1800|       3600|
    |input_1_load_phi_reg_701                       |   9|          2|  1800|       3600|
    |pf_ap_return_0_U_frpsig_data_in                |   9|          2|    18|         36|
    |pf_ap_return_10_U_frpsig_data_in               |   9|          2|    18|         36|
    |pf_ap_return_11_U_frpsig_data_in               |   9|          2|    18|         36|
    |pf_ap_return_12_U_frpsig_data_in               |   9|          2|    18|         36|
    |pf_ap_return_13_U_frpsig_data_in               |   9|          2|    18|         36|
    |pf_ap_return_14_U_frpsig_data_in               |   9|          2|    18|         36|
    |pf_ap_return_15_U_frpsig_data_in               |   9|          2|    18|         36|
    |pf_ap_return_16_U_frpsig_data_in               |   9|          2|    18|         36|
    |pf_ap_return_17_U_frpsig_data_in               |   9|          2|    18|         36|
    |pf_ap_return_18_U_frpsig_data_in               |   9|          2|    18|         36|
    |pf_ap_return_19_U_frpsig_data_in               |   9|          2|    18|         36|
    |pf_ap_return_1_U_frpsig_data_in                |   9|          2|    18|         36|
    |pf_ap_return_20_U_frpsig_data_in               |   9|          2|    18|         36|
    |pf_ap_return_21_U_frpsig_data_in               |   9|          2|    18|         36|
    |pf_ap_return_22_U_frpsig_data_in               |   9|          2|    18|         36|
    |pf_ap_return_23_U_frpsig_data_in               |   9|          2|    18|         36|
    |pf_ap_return_24_U_frpsig_data_in               |   9|          2|    18|         36|
    |pf_ap_return_25_U_frpsig_data_in               |   9|          2|    18|         36|
    |pf_ap_return_26_U_frpsig_data_in               |   9|          2|    18|         36|
    |pf_ap_return_27_U_frpsig_data_in               |   9|          2|    18|         36|
    |pf_ap_return_28_U_frpsig_data_in               |   9|          2|    18|         36|
    |pf_ap_return_29_U_frpsig_data_in               |   9|          2|    18|         36|
    |pf_ap_return_2_U_frpsig_data_in                |   9|          2|    18|         36|
    |pf_ap_return_30_U_frpsig_data_in               |   9|          2|    18|         36|
    |pf_ap_return_31_U_frpsig_data_in               |   9|          2|    18|         36|
    |pf_ap_return_32_U_frpsig_data_in               |   9|          2|    18|         36|
    |pf_ap_return_33_U_frpsig_data_in               |   9|          2|    18|         36|
    |pf_ap_return_34_U_frpsig_data_in               |   9|          2|    18|         36|
    |pf_ap_return_35_U_frpsig_data_in               |   9|          2|    18|         36|
    |pf_ap_return_36_U_frpsig_data_in               |   9|          2|    18|         36|
    |pf_ap_return_37_U_frpsig_data_in               |   9|          2|    18|         36|
    |pf_ap_return_38_U_frpsig_data_in               |   9|          2|    18|         36|
    |pf_ap_return_39_U_frpsig_data_in               |   9|          2|    18|         36|
    |pf_ap_return_3_U_frpsig_data_in                |   9|          2|    18|         36|
    |pf_ap_return_40_U_frpsig_data_in               |   9|          2|    18|         36|
    |pf_ap_return_41_U_frpsig_data_in               |   9|          2|    18|         36|
    |pf_ap_return_42_U_frpsig_data_in               |   9|          2|    18|         36|
    |pf_ap_return_43_U_frpsig_data_in               |   9|          2|    18|         36|
    |pf_ap_return_44_U_frpsig_data_in               |   9|          2|    18|         36|
    |pf_ap_return_45_U_frpsig_data_in               |   9|          2|    18|         36|
    |pf_ap_return_46_U_frpsig_data_in               |   9|          2|    18|         36|
    |pf_ap_return_47_U_frpsig_data_in               |   9|          2|    18|         36|
    |pf_ap_return_48_U_frpsig_data_in               |   9|          2|    18|         36|
    |pf_ap_return_49_U_frpsig_data_in               |   9|          2|    18|         36|
    |pf_ap_return_4_U_frpsig_data_in                |   9|          2|    18|         36|
    |pf_ap_return_50_U_frpsig_data_in               |   9|          2|    18|         36|
    |pf_ap_return_51_U_frpsig_data_in               |   9|          2|    18|         36|
    |pf_ap_return_52_U_frpsig_data_in               |   9|          2|    18|         36|
    |pf_ap_return_53_U_frpsig_data_in               |   9|          2|    18|         36|
    |pf_ap_return_54_U_frpsig_data_in               |   9|          2|    18|         36|
    |pf_ap_return_55_U_frpsig_data_in               |   9|          2|    18|         36|
    |pf_ap_return_56_U_frpsig_data_in               |   9|          2|    18|         36|
    |pf_ap_return_57_U_frpsig_data_in               |   9|          2|    18|         36|
    |pf_ap_return_58_U_frpsig_data_in               |   9|          2|    18|         36|
    |pf_ap_return_59_U_frpsig_data_in               |   9|          2|    18|         36|
    |pf_ap_return_5_U_frpsig_data_in                |   9|          2|    18|         36|
    |pf_ap_return_60_U_frpsig_data_in               |   9|          2|    18|         36|
    |pf_ap_return_61_U_frpsig_data_in               |   9|          2|    18|         36|
    |pf_ap_return_62_U_frpsig_data_in               |   9|          2|    18|         36|
    |pf_ap_return_63_U_frpsig_data_in               |   9|          2|    18|         36|
    |pf_ap_return_6_U_frpsig_data_in                |   9|          2|    18|         36|
    |pf_ap_return_7_U_frpsig_data_in                |   9|          2|    18|         36|
    |pf_ap_return_8_U_frpsig_data_in                |   9|          2|    18|         36|
    |pf_ap_return_9_U_frpsig_data_in                |   9|          2|    18|         36|
    |res_0_0129_reg_713                             |   9|          2|    18|         36|
    |res_10_0109_reg_853                            |   9|          2|    18|         36|
    |res_11_0107_reg_867                            |   9|          2|    18|         36|
    |res_12_0105_reg_881                            |   9|          2|    18|         36|
    |res_13_0103_reg_895                            |   9|          2|    18|         36|
    |res_1445_0101_reg_909                          |   9|          2|    18|         36|
    |res_15_099_reg_923                             |   9|          2|    18|         36|
    |res_16_097_reg_937                             |   9|          2|    18|         36|
    |res_17_095_reg_951                             |   9|          2|    18|         36|
    |res_18_093_reg_965                             |   9|          2|    18|         36|
    |res_19_091_reg_979                             |   9|          2|    18|         36|
    |res_1_0127_reg_727                             |   9|          2|    18|         36|
    |res_20_089_reg_993                             |   9|          2|    18|         36|
    |res_21_087_reg_1007                            |   9|          2|    18|         36|
    |res_22_085_reg_1021                            |   9|          2|    18|         36|
    |res_23_083_reg_1035                            |   9|          2|    18|         36|
    |res_24_081_reg_1049                            |   9|          2|    18|         36|
    |res_25_079_reg_1063                            |   9|          2|    18|         36|
    |res_26_077_reg_1077                            |   9|          2|    18|         36|
    |res_2786_075_reg_1091                          |   9|          2|    18|         36|
    |res_28_073_reg_1105                            |   9|          2|    18|         36|
    |res_29_071_reg_1119                            |   9|          2|    18|         36|
    |res_2_0125_reg_741                             |   9|          2|    18|         36|
    |res_30_069_reg_1133                            |   9|          2|    18|         36|
    |res_31_067_reg_1147                            |   9|          2|    18|         36|
    |res_32_065_reg_1161                            |   9|          2|    18|         36|
    |res_33_063_reg_1175                            |   9|          2|    18|         36|
    |res_34_061_reg_1189                            |   9|          2|    18|         36|
    |res_35_059_reg_1203                            |   9|          2|    18|         36|
    |res_36_057_reg_1217                            |   9|          2|    18|         36|
    |res_37_055_reg_1231                            |   9|          2|    18|         36|
    |res_38_053_reg_1245                            |   9|          2|    18|         36|
    |res_39_051_reg_1259                            |   9|          2|    18|         36|
    |res_3_0123_reg_755                             |   9|          2|    18|         36|
    |res_40_049_reg_1273                            |   9|          2|    18|         36|
    |res_41_047_reg_1287                            |   9|          2|    18|         36|
    |res_42_045_reg_1301                            |   9|          2|    18|         36|
    |res_43_043_reg_1315                            |   9|          2|    18|         36|
    |res_44_041_reg_1329                            |   9|          2|    18|         36|
    |res_45_039_reg_1343                            |   9|          2|    18|         36|
    |res_46_037_reg_1357                            |   9|          2|    18|         36|
    |res_47_035_reg_1371                            |   9|          2|    18|         36|
    |res_48_033_reg_1385                            |   9|          2|    18|         36|
    |res_49_031_reg_1399                            |   9|          2|    18|         36|
    |res_4_0121_reg_769                             |   9|          2|    18|         36|
    |res_50_029_reg_1413                            |   9|          2|    18|         36|
    |res_51_027_reg_1427                            |   9|          2|    18|         36|
    |res_52_025_reg_1441                            |   9|          2|    18|         36|
    |res_53_023_reg_1455                            |   9|          2|    18|         36|
    |res_54_021_reg_1469                            |   9|          2|    18|         36|
    |res_55_019_reg_1483                            |   9|          2|    18|         36|
    |res_56_017_reg_1497                            |   9|          2|    18|         36|
    |res_57_015_reg_1511                            |   9|          2|    18|         36|
    |res_58_013_reg_1525                            |   9|          2|    18|         36|
    |res_59_011_reg_1539                            |   9|          2|    18|         36|
    |res_5_0119_reg_783                             |   9|          2|    18|         36|
    |res_60_09_reg_1553                             |   9|          2|    18|         36|
    |res_61_07_reg_1567                             |   9|          2|    18|         36|
    |res_62_05_reg_1581                             |   9|          2|    18|         36|
    |res_63_03_reg_1595                             |   9|          2|    18|         36|
    |res_6_0117_reg_797                             |   9|          2|    18|         36|
    |res_7_0115_reg_811                             |   9|          2|    18|         36|
    |res_8_0113_reg_825                             |   9|          2|    18|         36|
    |res_9_0111_reg_839                             |   9|          2|    18|         36|
    |w_index131_reg_674                             |   9|          2|     6|         12|
    +-----------------------------------------------+----+-----------+------+-----------+
    |Total                                          |1799|        400|  8870|      17747|
    +-----------------------------------------------+----+-----------+------+-----------+

    * Register: 
    +-----------------------------------------------+------+----+------+-----------+
    |                      Name                     |  FF  | LUT| Bits | Const Bits|
    +-----------------------------------------------+------+----+------+-----------+
    |a_1_reg_6598                                   |    18|   0|    18|          0|
    |a_reg_6588                                     |    18|   0|    18|          0|
    |add_ln59_1_reg_6568                            |     9|   0|    10|          1|
    |ap_CS_fsm                                      |     1|   0|     1|          0|
    |ap_done_reg                                    |     1|   0|     1|          0|
    |ap_loop_exit_ready_pp0_iter1_reg               |     1|   0|     1|          0|
    |ap_loop_exit_ready_pp0_iter2_reg               |     1|   0|     1|          0|
    |ap_loop_init_pp0_iter1_reg                     |     1|   0|     1|          0|
    |ap_loop_init_pp0_iter2_reg                     |     1|   0|     1|          0|
    |ap_phi_reg_pp0_iter1_input_1_load_phi_reg_701  |  1800|   0|  1800|          0|
    |ap_return_0_preg                               |    18|   0|    18|          0|
    |ap_return_10_preg                              |    18|   0|    18|          0|
    |ap_return_11_preg                              |    18|   0|    18|          0|
    |ap_return_12_preg                              |    18|   0|    18|          0|
    |ap_return_13_preg                              |    18|   0|    18|          0|
    |ap_return_14_preg                              |    18|   0|    18|          0|
    |ap_return_15_preg                              |    18|   0|    18|          0|
    |ap_return_16_preg                              |    18|   0|    18|          0|
    |ap_return_17_preg                              |    18|   0|    18|          0|
    |ap_return_18_preg                              |    18|   0|    18|          0|
    |ap_return_19_preg                              |    18|   0|    18|          0|
    |ap_return_1_preg                               |    18|   0|    18|          0|
    |ap_return_20_preg                              |    18|   0|    18|          0|
    |ap_return_21_preg                              |    18|   0|    18|          0|
    |ap_return_22_preg                              |    18|   0|    18|          0|
    |ap_return_23_preg                              |    18|   0|    18|          0|
    |ap_return_24_preg                              |    18|   0|    18|          0|
    |ap_return_25_preg                              |    18|   0|    18|          0|
    |ap_return_26_preg                              |    18|   0|    18|          0|
    |ap_return_27_preg                              |    18|   0|    18|          0|
    |ap_return_28_preg                              |    18|   0|    18|          0|
    |ap_return_29_preg                              |    18|   0|    18|          0|
    |ap_return_2_preg                               |    18|   0|    18|          0|
    |ap_return_30_preg                              |    18|   0|    18|          0|
    |ap_return_31_preg                              |    18|   0|    18|          0|
    |ap_return_32_preg                              |    18|   0|    18|          0|
    |ap_return_33_preg                              |    18|   0|    18|          0|
    |ap_return_34_preg                              |    18|   0|    18|          0|
    |ap_return_35_preg                              |    18|   0|    18|          0|
    |ap_return_36_preg                              |    18|   0|    18|          0|
    |ap_return_37_preg                              |    18|   0|    18|          0|
    |ap_return_38_preg                              |    18|   0|    18|          0|
    |ap_return_39_preg                              |    18|   0|    18|          0|
    |ap_return_3_preg                               |    18|   0|    18|          0|
    |ap_return_40_preg                              |    18|   0|    18|          0|
    |ap_return_41_preg                              |    18|   0|    18|          0|
    |ap_return_42_preg                              |    18|   0|    18|          0|
    |ap_return_43_preg                              |    18|   0|    18|          0|
    |ap_return_44_preg                              |    18|   0|    18|          0|
    |ap_return_45_preg                              |    18|   0|    18|          0|
    |ap_return_46_preg                              |    18|   0|    18|          0|
    |ap_return_47_preg                              |    18|   0|    18|          0|
    |ap_return_48_preg                              |    18|   0|    18|          0|
    |ap_return_49_preg                              |    18|   0|    18|          0|
    |ap_return_4_preg                               |    18|   0|    18|          0|
    |ap_return_50_preg                              |    18|   0|    18|          0|
    |ap_return_51_preg                              |    18|   0|    18|          0|
    |ap_return_52_preg                              |    18|   0|    18|          0|
    |ap_return_53_preg                              |    18|   0|    18|          0|
    |ap_return_54_preg                              |    18|   0|    18|          0|
    |ap_return_55_preg                              |    18|   0|    18|          0|
    |ap_return_56_preg                              |    18|   0|    18|          0|
    |ap_return_57_preg                              |    18|   0|    18|          0|
    |ap_return_58_preg                              |    18|   0|    18|          0|
    |ap_return_59_preg                              |    18|   0|    18|          0|
    |ap_return_5_preg                               |    18|   0|    18|          0|
    |ap_return_60_preg                              |    18|   0|    18|          0|
    |ap_return_61_preg                              |    18|   0|    18|          0|
    |ap_return_62_preg                              |    18|   0|    18|          0|
    |ap_return_63_preg                              |    18|   0|    18|          0|
    |ap_return_6_preg                               |    18|   0|    18|          0|
    |ap_return_7_preg                               |    18|   0|    18|          0|
    |ap_return_8_preg                               |    18|   0|    18|          0|
    |ap_return_9_preg                               |    18|   0|    18|          0|
    |do_init_reg_659                                |     1|   0|     1|          0|
    |icmp_ln46_reg_6584                             |     1|   0|     1|          0|
    |icmp_ln46_reg_6584_pp0_iter1_reg               |     1|   0|     1|          0|
    |input_1_load_phi_reg_701                       |  1800|   0|  1800|          0|
    |res_0_0129_reg_713                             |    18|   0|    18|          0|
    |res_10_0109_reg_853                            |    18|   0|    18|          0|
    |res_11_0107_reg_867                            |    18|   0|    18|          0|
    |res_12_0105_reg_881                            |    18|   0|    18|          0|
    |res_13_0103_reg_895                            |    18|   0|    18|          0|
    |res_1445_0101_reg_909                          |    18|   0|    18|          0|
    |res_15_099_reg_923                             |    18|   0|    18|          0|
    |res_16_097_reg_937                             |    18|   0|    18|          0|
    |res_17_095_reg_951                             |    18|   0|    18|          0|
    |res_18_093_reg_965                             |    18|   0|    18|          0|
    |res_19_091_reg_979                             |    18|   0|    18|          0|
    |res_1_0127_reg_727                             |    18|   0|    18|          0|
    |res_20_089_reg_993                             |    18|   0|    18|          0|
    |res_21_087_reg_1007                            |    18|   0|    18|          0|
    |res_22_085_reg_1021                            |    18|   0|    18|          0|
    |res_23_083_reg_1035                            |    18|   0|    18|          0|
    |res_24_081_reg_1049                            |    18|   0|    18|          0|
    |res_25_079_reg_1063                            |    18|   0|    18|          0|
    |res_26_077_reg_1077                            |    18|   0|    18|          0|
    |res_2786_075_reg_1091                          |    18|   0|    18|          0|
    |res_28_073_reg_1105                            |    18|   0|    18|          0|
    |res_29_071_reg_1119                            |    18|   0|    18|          0|
    |res_2_0125_reg_741                             |    18|   0|    18|          0|
    |res_30_069_reg_1133                            |    18|   0|    18|          0|
    |res_31_067_reg_1147                            |    18|   0|    18|          0|
    |res_32_065_reg_1161                            |    18|   0|    18|          0|
    |res_33_063_reg_1175                            |    18|   0|    18|          0|
    |res_34_061_reg_1189                            |    18|   0|    18|          0|
    |res_35_059_reg_1203                            |    18|   0|    18|          0|
    |res_36_057_reg_1217                            |    18|   0|    18|          0|
    |res_37_055_reg_1231                            |    18|   0|    18|          0|
    |res_38_053_reg_1245                            |    18|   0|    18|          0|
    |res_39_051_reg_1259                            |    18|   0|    18|          0|
    |res_3_0123_reg_755                             |    18|   0|    18|          0|
    |res_40_049_reg_1273                            |    18|   0|    18|          0|
    |res_41_047_reg_1287                            |    18|   0|    18|          0|
    |res_42_045_reg_1301                            |    18|   0|    18|          0|
    |res_43_043_reg_1315                            |    18|   0|    18|          0|
    |res_44_041_reg_1329                            |    18|   0|    18|          0|
    |res_45_039_reg_1343                            |    18|   0|    18|          0|
    |res_46_037_reg_1357                            |    18|   0|    18|          0|
    |res_47_035_reg_1371                            |    18|   0|    18|          0|
    |res_48_033_reg_1385                            |    18|   0|    18|          0|
    |res_49_031_reg_1399                            |    18|   0|    18|          0|
    |res_4_0121_reg_769                             |    18|   0|    18|          0|
    |res_50_029_reg_1413                            |    18|   0|    18|          0|
    |res_51_027_reg_1427                            |    18|   0|    18|          0|
    |res_52_025_reg_1441                            |    18|   0|    18|          0|
    |res_53_023_reg_1455                            |    18|   0|    18|          0|
    |res_54_021_reg_1469                            |    18|   0|    18|          0|
    |res_55_019_reg_1483                            |    18|   0|    18|          0|
    |res_56_017_reg_1497                            |    18|   0|    18|          0|
    |res_57_015_reg_1511                            |    18|   0|    18|          0|
    |res_58_013_reg_1525                            |    18|   0|    18|          0|
    |res_59_011_reg_1539                            |    18|   0|    18|          0|
    |res_5_0119_reg_783                             |    18|   0|    18|          0|
    |res_60_09_reg_1553                             |    18|   0|    18|          0|
    |res_61_07_reg_1567                             |    18|   0|    18|          0|
    |res_62_05_reg_1581                             |    18|   0|    18|          0|
    |res_63_03_reg_1595                             |    18|   0|    18|          0|
    |res_6_0117_reg_797                             |    18|   0|    18|          0|
    |res_7_0115_reg_811                             |    18|   0|    18|          0|
    |res_8_0113_reg_825                             |    18|   0|    18|          0|
    |res_9_0111_reg_839                             |    18|   0|    18|          0|
    |tmp_reg_7234                                   |    15|   0|    15|          0|
    |w_100_reg_7099                                 |    30|   0|    30|          0|
    |w_101_reg_7104                                 |    30|   0|    30|          0|
    |w_102_reg_7109                                 |    30|   0|    30|          0|
    |w_103_reg_7114                                 |    30|   0|    30|          0|
    |w_104_reg_7119                                 |    30|   0|    30|          0|
    |w_105_reg_7124                                 |    30|   0|    30|          0|
    |w_106_reg_7129                                 |    30|   0|    30|          0|
    |w_107_reg_7134                                 |    30|   0|    30|          0|
    |w_108_reg_7139                                 |    30|   0|    30|          0|
    |w_109_reg_7144                                 |    30|   0|    30|          0|
    |w_10_reg_6649                                  |    30|   0|    30|          0|
    |w_110_reg_7149                                 |    30|   0|    30|          0|
    |w_111_reg_7154                                 |    30|   0|    30|          0|
    |w_112_reg_7159                                 |    30|   0|    30|          0|
    |w_113_reg_7164                                 |    30|   0|    30|          0|
    |w_114_reg_7169                                 |    30|   0|    30|          0|
    |w_115_reg_7174                                 |    30|   0|    30|          0|
    |w_116_reg_7179                                 |    30|   0|    30|          0|
    |w_117_reg_7184                                 |    30|   0|    30|          0|
    |w_118_reg_7189                                 |    30|   0|    30|          0|
    |w_119_reg_7194                                 |    30|   0|    30|          0|
    |w_11_reg_6654                                  |    30|   0|    30|          0|
    |w_120_reg_7199                                 |    30|   0|    30|          0|
    |w_121_reg_7204                                 |    30|   0|    30|          0|
    |w_122_reg_7209                                 |    30|   0|    30|          0|
    |w_123_reg_7214                                 |    30|   0|    30|          0|
    |w_124_reg_7219                                 |    30|   0|    30|          0|
    |w_125_reg_7224                                 |    30|   0|    30|          0|
    |w_126_reg_7229                                 |    30|   0|    30|          0|
    |w_12_reg_6659                                  |    30|   0|    30|          0|
    |w_13_reg_6664                                  |    30|   0|    30|          0|
    |w_14_reg_6669                                  |    30|   0|    30|          0|
    |w_15_reg_6674                                  |    30|   0|    30|          0|
    |w_16_reg_6679                                  |    30|   0|    30|          0|
    |w_17_reg_6684                                  |    30|   0|    30|          0|
    |w_18_reg_6689                                  |    30|   0|    30|          0|
    |w_19_reg_6694                                  |    30|   0|    30|          0|
    |w_1_reg_6604                                   |    30|   0|    30|          0|
    |w_20_reg_6699                                  |    30|   0|    30|          0|
    |w_21_reg_6704                                  |    30|   0|    30|          0|
    |w_22_reg_6709                                  |    30|   0|    30|          0|
    |w_23_reg_6714                                  |    30|   0|    30|          0|
    |w_24_reg_6719                                  |    30|   0|    30|          0|
    |w_25_reg_6724                                  |    30|   0|    30|          0|
    |w_26_reg_6729                                  |    30|   0|    30|          0|
    |w_27_reg_6734                                  |    30|   0|    30|          0|
    |w_28_reg_6739                                  |    30|   0|    30|          0|
    |w_29_reg_6744                                  |    30|   0|    30|          0|
    |w_2_reg_6609                                   |    30|   0|    30|          0|
    |w_30_reg_6749                                  |    30|   0|    30|          0|
    |w_31_reg_6754                                  |    30|   0|    30|          0|
    |w_32_reg_6759                                  |    30|   0|    30|          0|
    |w_33_reg_6764                                  |    30|   0|    30|          0|
    |w_34_reg_6769                                  |    30|   0|    30|          0|
    |w_35_reg_6774                                  |    30|   0|    30|          0|
    |w_36_reg_6779                                  |    30|   0|    30|          0|
    |w_37_reg_6784                                  |    30|   0|    30|          0|
    |w_38_reg_6789                                  |    30|   0|    30|          0|
    |w_39_reg_6794                                  |    30|   0|    30|          0|
    |w_3_reg_6614                                   |    30|   0|    30|          0|
    |w_40_reg_6799                                  |    30|   0|    30|          0|
    |w_41_reg_6804                                  |    30|   0|    30|          0|
    |w_42_reg_6809                                  |    30|   0|    30|          0|
    |w_43_reg_6814                                  |    30|   0|    30|          0|
    |w_44_reg_6819                                  |    30|   0|    30|          0|
    |w_45_reg_6824                                  |    30|   0|    30|          0|
    |w_46_reg_6829                                  |    30|   0|    30|          0|
    |w_47_reg_6834                                  |    30|   0|    30|          0|
    |w_48_reg_6839                                  |    30|   0|    30|          0|
    |w_49_reg_6844                                  |    30|   0|    30|          0|
    |w_4_reg_6619                                   |    30|   0|    30|          0|
    |w_50_reg_6849                                  |    30|   0|    30|          0|
    |w_51_reg_6854                                  |    30|   0|    30|          0|
    |w_52_reg_6859                                  |    30|   0|    30|          0|
    |w_53_reg_6864                                  |    30|   0|    30|          0|
    |w_54_reg_6869                                  |    30|   0|    30|          0|
    |w_55_reg_6874                                  |    30|   0|    30|          0|
    |w_56_reg_6879                                  |    30|   0|    30|          0|
    |w_57_reg_6884                                  |    30|   0|    30|          0|
    |w_58_reg_6889                                  |    30|   0|    30|          0|
    |w_59_reg_6894                                  |    30|   0|    30|          0|
    |w_5_reg_6624                                   |    30|   0|    30|          0|
    |w_60_reg_6899                                  |    30|   0|    30|          0|
    |w_61_reg_6904                                  |    30|   0|    30|          0|
    |w_62_reg_6909                                  |    30|   0|    30|          0|
    |w_63_reg_6914                                  |    30|   0|    30|          0|
    |w_64_reg_6919                                  |    30|   0|    30|          0|
    |w_65_reg_6924                                  |    30|   0|    30|          0|
    |w_66_reg_6929                                  |    30|   0|    30|          0|
    |w_67_reg_6934                                  |    30|   0|    30|          0|
    |w_68_reg_6939                                  |    30|   0|    30|          0|
    |w_69_reg_6944                                  |    30|   0|    30|          0|
    |w_6_reg_6629                                   |    30|   0|    30|          0|
    |w_70_reg_6949                                  |    30|   0|    30|          0|
    |w_71_reg_6954                                  |    30|   0|    30|          0|
    |w_72_reg_6959                                  |    30|   0|    30|          0|
    |w_73_reg_6964                                  |    30|   0|    30|          0|
    |w_74_reg_6969                                  |    30|   0|    30|          0|
    |w_75_reg_6974                                  |    30|   0|    30|          0|
    |w_76_reg_6979                                  |    30|   0|    30|          0|
    |w_77_reg_6984                                  |    30|   0|    30|          0|
    |w_78_reg_6989                                  |    30|   0|    30|          0|
    |w_79_reg_6994                                  |    30|   0|    30|          0|
    |w_7_reg_6634                                   |    30|   0|    30|          0|
    |w_80_reg_6999                                  |    30|   0|    30|          0|
    |w_81_reg_7004                                  |    30|   0|    30|          0|
    |w_82_reg_7009                                  |    30|   0|    30|          0|
    |w_83_reg_7014                                  |    30|   0|    30|          0|
    |w_84_reg_7019                                  |    30|   0|    30|          0|
    |w_85_reg_7024                                  |    30|   0|    30|          0|
    |w_86_reg_7029                                  |    30|   0|    30|          0|
    |w_87_reg_7034                                  |    30|   0|    30|          0|
    |w_88_reg_7039                                  |    30|   0|    30|          0|
    |w_89_reg_7044                                  |    30|   0|    30|          0|
    |w_8_reg_6639                                   |    30|   0|    30|          0|
    |w_90_reg_7049                                  |    30|   0|    30|          0|
    |w_91_reg_7054                                  |    30|   0|    30|          0|
    |w_92_reg_7059                                  |    30|   0|    30|          0|
    |w_93_reg_7064                                  |    30|   0|    30|          0|
    |w_94_reg_7069                                  |    30|   0|    30|          0|
    |w_95_reg_7074                                  |    30|   0|    30|          0|
    |w_96_reg_7079                                  |    30|   0|    30|          0|
    |w_97_reg_7084                                  |    30|   0|    30|          0|
    |w_98_reg_7089                                  |    30|   0|    30|          0|
    |w_99_reg_7094                                  |    30|   0|    30|          0|
    |w_9_reg_6644                                   |    30|   0|    30|          0|
    |w_index131_reg_674                             |     6|   0|     6|          0|
    |w_index_reg_6579                               |     6|   0|     6|          0|
    |w_reg_6593                                     |    30|   0|    30|          0|
    +-----------------------------------------------+------+----+------+-----------+
    |Total                                          |  9795|   0|  9796|          1|
    +-----------------------------------------------+------+----+------+-----------+



================================================================
== Interface
================================================================
* Summary: 
+----------------+-----+------+------------+-------------------------------------------------------------------+--------------+
|    RTL Ports   | Dir | Bits |  Protocol  |                           Source Object                           |    C Type    |
+----------------+-----+------+------------+-------------------------------------------------------------------+--------------+
|ap_clk          |   in|     1|  ap_ctrl_hs|  dense_resource_rf_leq_nin<ap_fixed,ap_fixed<18,14,5,3,0>,config2>|  return value|
|ap_rst          |   in|     1|  ap_ctrl_hs|  dense_resource_rf_leq_nin<ap_fixed,ap_fixed<18,14,5,3,0>,config2>|  return value|
|ap_start        |   in|     1|  ap_ctrl_hs|  dense_resource_rf_leq_nin<ap_fixed,ap_fixed<18,14,5,3,0>,config2>|  return value|
|ap_done         |  out|     1|  ap_ctrl_hs|  dense_resource_rf_leq_nin<ap_fixed,ap_fixed<18,14,5,3,0>,config2>|  return value|
|ap_continue     |   in|     1|  ap_ctrl_hs|  dense_resource_rf_leq_nin<ap_fixed,ap_fixed<18,14,5,3,0>,config2>|  return value|
|ap_idle         |  out|     1|  ap_ctrl_hs|  dense_resource_rf_leq_nin<ap_fixed,ap_fixed<18,14,5,3,0>,config2>|  return value|
|ap_ready        |  out|     1|  ap_ctrl_hs|  dense_resource_rf_leq_nin<ap_fixed,ap_fixed<18,14,5,3,0>,config2>|  return value|
|ap_return_0     |  out|    18|  ap_ctrl_hs|  dense_resource_rf_leq_nin<ap_fixed,ap_fixed<18,14,5,3,0>,config2>|  return value|
|ap_return_1     |  out|    18|  ap_ctrl_hs|  dense_resource_rf_leq_nin<ap_fixed,ap_fixed<18,14,5,3,0>,config2>|  return value|
|ap_return_2     |  out|    18|  ap_ctrl_hs|  dense_resource_rf_leq_nin<ap_fixed,ap_fixed<18,14,5,3,0>,config2>|  return value|
|ap_return_3     |  out|    18|  ap_ctrl_hs|  dense_resource_rf_leq_nin<ap_fixed,ap_fixed<18,14,5,3,0>,config2>|  return value|
|ap_return_4     |  out|    18|  ap_ctrl_hs|  dense_resource_rf_leq_nin<ap_fixed,ap_fixed<18,14,5,3,0>,config2>|  return value|
|ap_return_5     |  out|    18|  ap_ctrl_hs|  dense_resource_rf_leq_nin<ap_fixed,ap_fixed<18,14,5,3,0>,config2>|  return value|
|ap_return_6     |  out|    18|  ap_ctrl_hs|  dense_resource_rf_leq_nin<ap_fixed,ap_fixed<18,14,5,3,0>,config2>|  return value|
|ap_return_7     |  out|    18|  ap_ctrl_hs|  dense_resource_rf_leq_nin<ap_fixed,ap_fixed<18,14,5,3,0>,config2>|  return value|
|ap_return_8     |  out|    18|  ap_ctrl_hs|  dense_resource_rf_leq_nin<ap_fixed,ap_fixed<18,14,5,3,0>,config2>|  return value|
|ap_return_9     |  out|    18|  ap_ctrl_hs|  dense_resource_rf_leq_nin<ap_fixed,ap_fixed<18,14,5,3,0>,config2>|  return value|
|ap_return_10    |  out|    18|  ap_ctrl_hs|  dense_resource_rf_leq_nin<ap_fixed,ap_fixed<18,14,5,3,0>,config2>|  return value|
|ap_return_11    |  out|    18|  ap_ctrl_hs|  dense_resource_rf_leq_nin<ap_fixed,ap_fixed<18,14,5,3,0>,config2>|  return value|
|ap_return_12    |  out|    18|  ap_ctrl_hs|  dense_resource_rf_leq_nin<ap_fixed,ap_fixed<18,14,5,3,0>,config2>|  return value|
|ap_return_13    |  out|    18|  ap_ctrl_hs|  dense_resource_rf_leq_nin<ap_fixed,ap_fixed<18,14,5,3,0>,config2>|  return value|
|ap_return_14    |  out|    18|  ap_ctrl_hs|  dense_resource_rf_leq_nin<ap_fixed,ap_fixed<18,14,5,3,0>,config2>|  return value|
|ap_return_15    |  out|    18|  ap_ctrl_hs|  dense_resource_rf_leq_nin<ap_fixed,ap_fixed<18,14,5,3,0>,config2>|  return value|
|ap_return_16    |  out|    18|  ap_ctrl_hs|  dense_resource_rf_leq_nin<ap_fixed,ap_fixed<18,14,5,3,0>,config2>|  return value|
|ap_return_17    |  out|    18|  ap_ctrl_hs|  dense_resource_rf_leq_nin<ap_fixed,ap_fixed<18,14,5,3,0>,config2>|  return value|
|ap_return_18    |  out|    18|  ap_ctrl_hs|  dense_resource_rf_leq_nin<ap_fixed,ap_fixed<18,14,5,3,0>,config2>|  return value|
|ap_return_19    |  out|    18|  ap_ctrl_hs|  dense_resource_rf_leq_nin<ap_fixed,ap_fixed<18,14,5,3,0>,config2>|  return value|
|ap_return_20    |  out|    18|  ap_ctrl_hs|  dense_resource_rf_leq_nin<ap_fixed,ap_fixed<18,14,5,3,0>,config2>|  return value|
|ap_return_21    |  out|    18|  ap_ctrl_hs|  dense_resource_rf_leq_nin<ap_fixed,ap_fixed<18,14,5,3,0>,config2>|  return value|
|ap_return_22    |  out|    18|  ap_ctrl_hs|  dense_resource_rf_leq_nin<ap_fixed,ap_fixed<18,14,5,3,0>,config2>|  return value|
|ap_return_23    |  out|    18|  ap_ctrl_hs|  dense_resource_rf_leq_nin<ap_fixed,ap_fixed<18,14,5,3,0>,config2>|  return value|
|ap_return_24    |  out|    18|  ap_ctrl_hs|  dense_resource_rf_leq_nin<ap_fixed,ap_fixed<18,14,5,3,0>,config2>|  return value|
|ap_return_25    |  out|    18|  ap_ctrl_hs|  dense_resource_rf_leq_nin<ap_fixed,ap_fixed<18,14,5,3,0>,config2>|  return value|
|ap_return_26    |  out|    18|  ap_ctrl_hs|  dense_resource_rf_leq_nin<ap_fixed,ap_fixed<18,14,5,3,0>,config2>|  return value|
|ap_return_27    |  out|    18|  ap_ctrl_hs|  dense_resource_rf_leq_nin<ap_fixed,ap_fixed<18,14,5,3,0>,config2>|  return value|
|ap_return_28    |  out|    18|  ap_ctrl_hs|  dense_resource_rf_leq_nin<ap_fixed,ap_fixed<18,14,5,3,0>,config2>|  return value|
|ap_return_29    |  out|    18|  ap_ctrl_hs|  dense_resource_rf_leq_nin<ap_fixed,ap_fixed<18,14,5,3,0>,config2>|  return value|
|ap_return_30    |  out|    18|  ap_ctrl_hs|  dense_resource_rf_leq_nin<ap_fixed,ap_fixed<18,14,5,3,0>,config2>|  return value|
|ap_return_31    |  out|    18|  ap_ctrl_hs|  dense_resource_rf_leq_nin<ap_fixed,ap_fixed<18,14,5,3,0>,config2>|  return value|
|ap_return_32    |  out|    18|  ap_ctrl_hs|  dense_resource_rf_leq_nin<ap_fixed,ap_fixed<18,14,5,3,0>,config2>|  return value|
|ap_return_33    |  out|    18|  ap_ctrl_hs|  dense_resource_rf_leq_nin<ap_fixed,ap_fixed<18,14,5,3,0>,config2>|  return value|
|ap_return_34    |  out|    18|  ap_ctrl_hs|  dense_resource_rf_leq_nin<ap_fixed,ap_fixed<18,14,5,3,0>,config2>|  return value|
|ap_return_35    |  out|    18|  ap_ctrl_hs|  dense_resource_rf_leq_nin<ap_fixed,ap_fixed<18,14,5,3,0>,config2>|  return value|
|ap_return_36    |  out|    18|  ap_ctrl_hs|  dense_resource_rf_leq_nin<ap_fixed,ap_fixed<18,14,5,3,0>,config2>|  return value|
|ap_return_37    |  out|    18|  ap_ctrl_hs|  dense_resource_rf_leq_nin<ap_fixed,ap_fixed<18,14,5,3,0>,config2>|  return value|
|ap_return_38    |  out|    18|  ap_ctrl_hs|  dense_resource_rf_leq_nin<ap_fixed,ap_fixed<18,14,5,3,0>,config2>|  return value|
|ap_return_39    |  out|    18|  ap_ctrl_hs|  dense_resource_rf_leq_nin<ap_fixed,ap_fixed<18,14,5,3,0>,config2>|  return value|
|ap_return_40    |  out|    18|  ap_ctrl_hs|  dense_resource_rf_leq_nin<ap_fixed,ap_fixed<18,14,5,3,0>,config2>|  return value|
|ap_return_41    |  out|    18|  ap_ctrl_hs|  dense_resource_rf_leq_nin<ap_fixed,ap_fixed<18,14,5,3,0>,config2>|  return value|
|ap_return_42    |  out|    18|  ap_ctrl_hs|  dense_resource_rf_leq_nin<ap_fixed,ap_fixed<18,14,5,3,0>,config2>|  return value|
|ap_return_43    |  out|    18|  ap_ctrl_hs|  dense_resource_rf_leq_nin<ap_fixed,ap_fixed<18,14,5,3,0>,config2>|  return value|
|ap_return_44    |  out|    18|  ap_ctrl_hs|  dense_resource_rf_leq_nin<ap_fixed,ap_fixed<18,14,5,3,0>,config2>|  return value|
|ap_return_45    |  out|    18|  ap_ctrl_hs|  dense_resource_rf_leq_nin<ap_fixed,ap_fixed<18,14,5,3,0>,config2>|  return value|
|ap_return_46    |  out|    18|  ap_ctrl_hs|  dense_resource_rf_leq_nin<ap_fixed,ap_fixed<18,14,5,3,0>,config2>|  return value|
|ap_return_47    |  out|    18|  ap_ctrl_hs|  dense_resource_rf_leq_nin<ap_fixed,ap_fixed<18,14,5,3,0>,config2>|  return value|
|ap_return_48    |  out|    18|  ap_ctrl_hs|  dense_resource_rf_leq_nin<ap_fixed,ap_fixed<18,14,5,3,0>,config2>|  return value|
|ap_return_49    |  out|    18|  ap_ctrl_hs|  dense_resource_rf_leq_nin<ap_fixed,ap_fixed<18,14,5,3,0>,config2>|  return value|
|ap_return_50    |  out|    18|  ap_ctrl_hs|  dense_resource_rf_leq_nin<ap_fixed,ap_fixed<18,14,5,3,0>,config2>|  return value|
|ap_return_51    |  out|    18|  ap_ctrl_hs|  dense_resource_rf_leq_nin<ap_fixed,ap_fixed<18,14,5,3,0>,config2>|  return value|
|ap_return_52    |  out|    18|  ap_ctrl_hs|  dense_resource_rf_leq_nin<ap_fixed,ap_fixed<18,14,5,3,0>,config2>|  return value|
|ap_return_53    |  out|    18|  ap_ctrl_hs|  dense_resource_rf_leq_nin<ap_fixed,ap_fixed<18,14,5,3,0>,config2>|  return value|
|ap_return_54    |  out|    18|  ap_ctrl_hs|  dense_resource_rf_leq_nin<ap_fixed,ap_fixed<18,14,5,3,0>,config2>|  return value|
|ap_return_55    |  out|    18|  ap_ctrl_hs|  dense_resource_rf_leq_nin<ap_fixed,ap_fixed<18,14,5,3,0>,config2>|  return value|
|ap_return_56    |  out|    18|  ap_ctrl_hs|  dense_resource_rf_leq_nin<ap_fixed,ap_fixed<18,14,5,3,0>,config2>|  return value|
|ap_return_57    |  out|    18|  ap_ctrl_hs|  dense_resource_rf_leq_nin<ap_fixed,ap_fixed<18,14,5,3,0>,config2>|  return value|
|ap_return_58    |  out|    18|  ap_ctrl_hs|  dense_resource_rf_leq_nin<ap_fixed,ap_fixed<18,14,5,3,0>,config2>|  return value|
|ap_return_59    |  out|    18|  ap_ctrl_hs|  dense_resource_rf_leq_nin<ap_fixed,ap_fixed<18,14,5,3,0>,config2>|  return value|
|ap_return_60    |  out|    18|  ap_ctrl_hs|  dense_resource_rf_leq_nin<ap_fixed,ap_fixed<18,14,5,3,0>,config2>|  return value|
|ap_return_61    |  out|    18|  ap_ctrl_hs|  dense_resource_rf_leq_nin<ap_fixed,ap_fixed<18,14,5,3,0>,config2>|  return value|
|ap_return_62    |  out|    18|  ap_ctrl_hs|  dense_resource_rf_leq_nin<ap_fixed,ap_fixed<18,14,5,3,0>,config2>|  return value|
|ap_return_63    |  out|    18|  ap_ctrl_hs|  dense_resource_rf_leq_nin<ap_fixed,ap_fixed<18,14,5,3,0>,config2>|  return value|
|input_1_ap_vld  |   in|     1|      ap_vld|                                                            input_1|       pointer|
|input_1         |   in|  1800|      ap_vld|                                                            input_1|       pointer|
+----------------+-----+------+------------+-------------------------------------------------------------------+--------------+

